TN:
SF:/home/runner/work/ad-rss-lib/ad-rss-lib/ad_rss_map_integration/impl/include/ad/rss/map/RssObjectConversion.hpp
FN:67,_ZN2ad3rss3map19RssObjectConversionC2ERKS2_
FN:77,_ZN2ad3rss3map19RssObjectConversionD2Ev
FN:126,_ZNK2ad3rss3map19RssObjectConversion27getObjectMapMatchedPositionEv
FN:153,_ZNK2ad3rss3map19RssObjectConversion22getOriginalObjectSpeedEv
FNDA:994,_ZN2ad3rss3map19RssObjectConversionD2Ev
FNDA:852,_ZNK2ad3rss3map19RssObjectConversion27getObjectMapMatchedPositionEv
FNDA:559,_ZN2ad3rss3map19RssObjectConversionC2ERKS2_
FNDA:0,_ZNK2ad3rss3map19RssObjectConversion22getOriginalObjectSpeedEv
FNF:4
FNH:3
DA:67,1118
DA:77,1988
DA:126,852
DA:128,852
DA:153,0
DA:155,0
LF:6
LH:4
end_of_record
TN:
SF:/home/runner/work/ad-rss-lib/ad-rss-lib/ad_rss_map_integration/impl/include/ad/rss/map/RssObjectData.hpp
FN:34,_ZN2ad3rss3map13RssObjectDataC2ERKS2_
FN:34,_ZN2ad3rss3map13RssObjectDataD2Ev
FN:34,_ZN2ad3rss3map13RssObjectDataC2Ev
FNDA:2,_ZN2ad3rss3map13RssObjectDataC2ERKS2_
FNDA:435,_ZN2ad3rss3map13RssObjectDataD2Ev
FNDA:433,_ZN2ad3rss3map13RssObjectDataC2Ev
FNF:3
FNH:3
BRDA:34,3,6,-
BRDA:34,3,7,-
BRF:2
BRH:0
DA:34,1740
LF:1
LH:1
end_of_record
TN:
SF:/home/runner/work/ad-rss-lib/ad-rss-lib/ad_rss_map_integration/impl/include/ad/rss/map/RssSceneCreation.hpp
FN:53,_ZN2ad3rss3map16RssSceneCreationD2Ev
FNDA:214,_ZN2ad3rss3map16RssSceneCreationD2Ev
FNF:1
FNH:1
DA:53,428
LF:1
LH:1
end_of_record
TN:
SF:/home/runner/work/ad-rss-lib/ad-rss-lib/ad_rss_map_integration/impl/include/ad/rss/map/RssSceneCreator.hpp
FN:68,_ZN2ad3rss3map15RssSceneCreatorD2Ev
FN:146,_ZN2ad3rss3map15RssSceneCreator22getRightBorderObjectIdEv
FN:154,_ZN2ad3rss3map15RssSceneCreator21getLeftBorderObjectIdEv
FNDA:3,_ZN2ad3rss3map15RssSceneCreator22getRightBorderObjectIdEv
FNDA:216,_ZN2ad3rss3map15RssSceneCreatorD2Ev
FNDA:3,_ZN2ad3rss3map15RssSceneCreator21getLeftBorderObjectIdEv
FNF:3
FNH:3
DA:68,432
DA:146,3
DA:148,3
DA:154,3
DA:156,3
LF:5
LH:5
end_of_record
TN:
SF:/home/runner/work/ad-rss-lib/ad-rss-lib/ad_rss_map_integration/impl/src/Logging.cpp
FN:35,_ZN2ad3rss3map7Logging8instanceEv
FN:41,_ZN2ad3rss3map7LoggingC2Ev
FN:46,_ZN2ad3rss3map7LoggingD2Ev
FN:50,_ZN2ad3rss3map9getLoggerEv
FNDA:2014,_ZN2ad3rss3map7Logging8instanceEv
FNDA:1,_ZN2ad3rss3map7LoggingD2Ev
FNDA:1,_ZN2ad3rss3map7LoggingC2Ev
FNDA:2014,_ZN2ad3rss3map9getLoggerEv
FNF:4
FNH:4
BRDA:37,0,0,1
BRDA:37,0,1,2013
BRDA:37,1,3,1
BRDA:37,1,4,0
BRDA:37,2,6,1
BRDA:37,2,7,0
BRDA:37,3,10,-
BRDA:37,3,11,-
BRDA:43,4294967295,2,1
BRDA:43,4294967295,3,0
BRDA:43,0,5,1
BRDA:43,0,6,0
BRF:12
BRH:6
DA:35,2014
DA:37,2014
DA:38,2014
DA:41,2
DA:43,1
DA:44,1
DA:46,2
DA:48,1
DA:50,2014
DA:52,2014
LF:10
LH:10
end_of_record
TN:
SF:/home/runner/work/ad-rss-lib/ad-rss-lib/ad_rss_map_integration/impl/src/RssObjectConversion.cpp
FN:23,_ZN2ad3rss3map19RssObjectConversionC2ERKNS1_13RssObjectDataE
FN:38,_ZN2ad3rss3map19RssObjectConversionC2ERKNS1_13RssObjectDataERKSt6vectorINS0_5world14OccupiedRegionESaIS8_EE
FN:54,_ZN2ad3rss3map19RssObjectConversion19initializeRssObjectERKmRKNS0_5world10ObjectTypeERKSt6vectorINS5_14OccupiedRegionESaISA_EERKNS_3map5match17ENUObjectPositionERKNS_7physics5SpeedERKNSK_15AngularVelocityERKNSK_5AngleE
FN:90,_ZNK2ad3rss3map19RssObjectConversion25isOriginalSpeedAcceptableENS_7physics5SpeedE
FN:103,_ZNK2ad3rss3map19RssObjectConversion12getRssObjectEv
FN:108,_ZNK2ad3rss3map19RssObjectConversion5getIdEv
FN:113,_ZNK2ad3rss3map19RssObjectConversion14getRssDynamicsEv
FN:123,_ZNK2ad3rss3map19RssObjectConversion28calculateMinStoppingDistanceERNS_7physics8DistanceE
FN:144,_ZN2ad3rss3map19RssObjectConversion16updateSpeedLimitERKNS_7physics5SpeedE
FN:149,_ZN2ad3rss3map19RssObjectConversion27addRestrictedOccupiedRegionERKNS_3map5match18LaneOccupiedRegionERKNS3_5route12LaneIntervalE
FN:205,_ZN2ad3rss3map19RssObjectConversion17laneIntervalAddedERKNS_3map5route12LaneIntervalE
FN:212,_ZZN2ad3rss3map19RssObjectConversion17laneIntervalAddedERKNS_3map5route12LaneIntervalEENKUlRKNS3_5match18LaneOccupiedRegionEE_clESB_
FN:222,_ZN2ad3rss3map19RssObjectConversion21updateVelocityOnRouteERKNS_3map5route9FullRouteE
FN:241,_Z41__static_initialization_and_destruction_0ii
FN:241,_GLOBAL__sub_I_RssObjectConversion.cpp
FNDA:568,_ZNK2ad3rss3map19RssObjectConversion12getRssObjectEv
FNDA:2029,_ZZN2ad3rss3map19RssObjectConversion17laneIntervalAddedERKNS_3map5route12LaneIntervalEENKUlRKNS3_5match18LaneOccupiedRegionEE_clESB_
FNDA:213,_ZNK2ad3rss3map19RssObjectConversion28calculateMinStoppingDistanceERNS_7physics8DistanceE
FNDA:436,_ZN2ad3rss3map19RssObjectConversion19initializeRssObjectERKmRKNS0_5world10ObjectTypeERKSt6vectorINS5_14OccupiedRegionESaISA_EERKNS_3map5match17ENUObjectPositionERKNS_7physics5SpeedERKNSK_15AngularVelocityERKNSK_5AngleE
FNDA:1286,_ZN2ad3rss3map19RssObjectConversion17laneIntervalAddedERKNS_3map5route12LaneIntervalE
FNDA:430,_ZN2ad3rss3map19RssObjectConversionC2ERKNS1_13RssObjectDataE
FNDA:2006,_ZNK2ad3rss3map19RssObjectConversion5getIdEv
FNDA:456,_ZNK2ad3rss3map19RssObjectConversion25isOriginalSpeedAcceptableENS_7physics5SpeedE
FNDA:6,_ZN2ad3rss3map19RssObjectConversionC2ERKNS1_13RssObjectDataERKSt6vectorINS0_5world14OccupiedRegionESaIS8_EE
FNDA:1,_GLOBAL__sub_I_RssObjectConversion.cpp
FNDA:497,_ZN2ad3rss3map19RssObjectConversion21updateVelocityOnRouteERKNS_3map5route9FullRouteE
FNDA:1,_Z41__static_initialization_and_destruction_0ii
FNDA:1286,_ZN2ad3rss3map19RssObjectConversion16updateSpeedLimitERKNS_7physics5SpeedE
FNDA:568,_ZNK2ad3rss3map19RssObjectConversion14getRssDynamicsEv
FNDA:544,_ZN2ad3rss3map19RssObjectConversion27addRestrictedOccupiedRegionERKNS_3map5match18LaneOccupiedRegionERKNS3_5route12LaneIntervalE
FNF:15
FNH:15
BRDA:35,4294967295,1,429
BRDA:35,4294967295,2,1
BRDA:51,4294967295,1,6
BRDA:51,4294967295,2,0
BRDA:78,4294967295,2,435
BRDA:78,4294967295,3,1
BRDA:79,0,2,435
BRDA:79,0,3,0
BRDA:79,1,4,6
BRDA:79,1,5,429
BRDA:92,0,1,456
BRDA:92,0,2,0
BRDA:96,0,1,-
BRDA:96,0,2,-
BRDA:116,0,2,568
BRDA:116,0,3,0
BRDA:116,1,4,326
BRDA:116,1,5,242
BRDA:131,4294967295,1,213
BRDA:131,4294967295,2,0
BRDA:133,0,0,0
BRDA:133,0,1,213
BRDA:135,0,2,-
BRDA:135,0,3,-
BRDA:139,4294967295,1,-
BRDA:139,4294967295,2,-
BRDA:152,0,1,544
BRDA:152,0,2,0
BRDA:156,4294967295,1,544
BRDA:156,4294967295,2,0
BRDA:156,0,3,182
BRDA:156,0,4,362
BRDA:158,0,2,182
BRDA:158,0,3,0
BRDA:159,0,2,182
BRDA:159,0,3,0
BRDA:161,0,2,182
BRDA:161,0,3,0
BRDA:162,0,2,182
BRDA:162,0,3,0
BRDA:163,0,2,182
BRDA:163,0,3,0
BRDA:173,0,1,544
BRDA:173,0,2,0
BRDA:174,0,2,544
BRDA:174,0,3,0
BRDA:174,1,4,68
BRDA:174,1,5,476
BRDA:182,0,1,476
BRDA:182,0,2,0
BRDA:183,0,1,476
BRDA:183,0,2,0
BRDA:185,0,2,476
BRDA:185,0,3,0
BRDA:186,0,2,476
BRDA:186,0,3,0
BRDA:189,4294967295,2,476
BRDA:189,4294967295,3,0
BRDA:190,1,2,476
BRDA:190,1,3,0
BRDA:192,4294967295,2,476
BRDA:192,4294967295,3,0
BRDA:193,1,2,476
BRDA:193,1,3,0
BRDA:195,0,2,544
BRDA:195,0,3,0
BRDA:197,0,1,544
BRDA:197,0,2,0
BRDA:200,4294967295,1,544
BRDA:200,4294967295,2,0
BRDA:202,4294967295,1,544
BRDA:202,4294967295,2,0
BRDA:207,0,0,1286
BRDA:207,0,1,0
BRDA:214,0,3,1286
BRDA:214,0,4,0
BRDA:215,0,2,544
BRDA:215,0,3,742
BRDA:217,0,2,544
BRDA:217,0,3,0
BRDA:225,0,0,497
BRDA:225,0,1,0
BRDA:227,0,1,497
BRDA:227,0,2,0
BRDA:229,0,1,497
BRDA:229,0,2,0
BRDA:229,1,4,497
BRDA:229,1,5,0
BRDA:232,0,1,497
BRDA:232,0,2,0
BRDA:235,0,1,497
BRDA:235,0,2,0
BRDA:241,3,1,1
BRDA:241,3,2,0
BRDA:241,4,3,1
BRDA:241,4,4,0
BRF:96
BRH:52
DA:23,430
DA:27,431
DA:29,860
DA:35,430
DA:36,429
DA:38,6
DA:43,6
DA:45,6
DA:51,6
DA:52,6
DA:54,436
DA:62,436
DA:63,436
DA:64,436
DA:65,436
DA:66,436
DA:67,436
DA:68,436
DA:70,436
DA:71,436
DA:72,436
DA:73,436
DA:74,436
DA:75,436
DA:78,436
DA:79,435
DA:82,6
DA:86,429
DA:88,435
DA:90,456
DA:92,456
DA:94,456
DA:96,0
DA:98,0
DA:100,0
DA:103,568
DA:105,568
DA:108,2006
DA:110,2006
DA:113,568
DA:115,568
DA:116,568
DA:118,326
DA:120,568
DA:123,213
DA:126,852
DA:127,213
DA:128,213
DA:129,213
DA:130,213
DA:131,213
DA:133,213
DA:135,0
DA:139,0
DA:141,213
DA:144,1286
DA:146,1286
DA:147,1286
DA:149,544
DA:152,544
DA:153,544
DA:155,544
DA:156,544
DA:158,182
DA:159,182
DA:161,182
DA:162,182
DA:163,182
DA:167,362
DA:168,362
DA:169,362
DA:173,544
DA:174,544
DA:176,68
DA:177,68
DA:182,476
DA:183,476
DA:185,476
DA:186,476
DA:189,476
DA:190,952
DA:192,476
DA:193,952
DA:195,1088
DA:197,544
DA:200,544
DA:202,544
DA:203,544
DA:205,1286
DA:207,1286
DA:210,1286
DA:211,1286
DA:212,2029
DA:213,2029
DA:214,3315
DA:215,1286
DA:217,1286
DA:220,1286
DA:222,497
DA:224,497
DA:225,497
DA:227,497
DA:229,497
DA:232,497
DA:233,497
DA:235,497
DA:236,497
DA:237,497
DA:241,4
LF:109
LH:104
end_of_record
TN:
SF:/home/runner/work/ad-rss-lib/ad-rss-lib/ad_rss_map_integration/impl/src/RssSceneCreation.cpp
FN:31,_ZN2ad3rss3map16RssSceneCreationC2ERKmRKNS0_5world11RssDynamicsE
FN:40,_ZN2ad3rss3map16RssSceneCreation13getWorldModelEv
FN:53,_ZN2ad3rss3map16RssSceneCreation12appendScenesERKNS1_13RssObjectDataERKNS_3map5route9FullRouteES5_RKNS2_22RestrictSpeedLimitModeERKSt3setINS6_8landmark10LandmarkIdESt4lessISG_ESaISG_EERKNS1_7RssModeE
FN:85,_ZN2ad3rss3map16RssSceneCreation22appendStructuredScenesERNS1_15RssSceneCreatorERKSt10shared_ptrIKNS1_19RssObjectConversionEERKNS_3map5route9FullRouteESA_
FN:460,_ZN2ad3rss3map16RssSceneCreation20appendRoadBoundariesERKNS1_13RssObjectDataERKNS_3map5route9FullRouteENS2_24AppendRoadBoundariesModeE
FN:511,_ZN2ad3rss3map16RssSceneCreation23appendSceneToWorldModelERKNS0_5world5SceneE
FN:526,_GLOBAL__sub_I_RssSceneCreation.cpp
FN:526,_Z41__static_initialization_and_destruction_0ii
FNDA:213,_ZN2ad3rss3map16RssSceneCreation22appendStructuredScenesERNS1_15RssSceneCreatorERKSt10shared_ptrIKNS1_19RssObjectConversionEERKNS_3map5route9FullRouteESA_
FNDA:214,_ZN2ad3rss3map16RssSceneCreation13getWorldModelEv
FNDA:6,_ZN2ad3rss3map16RssSceneCreation20appendRoadBoundariesERKNS1_13RssObjectDataERKNS_3map5route9FullRouteENS2_24AppendRoadBoundariesModeE
FNDA:284,_ZN2ad3rss3map16RssSceneCreation23appendSceneToWorldModelERKNS0_5world5SceneE
FNDA:213,_ZN2ad3rss3map16RssSceneCreation12appendScenesERKNS1_13RssObjectDataERKNS_3map5route9FullRouteES5_RKNS2_22RestrictSpeedLimitModeERKSt3setINS6_8landmark10LandmarkIdESt4lessISG_ESaISG_EERKNS1_7RssModeE
FNDA:214,_ZN2ad3rss3map16RssSceneCreationC2ERKmRKNS0_5world11RssDynamicsE
FNDA:1,_GLOBAL__sub_I_RssSceneCreation.cpp
FNDA:1,_Z41__static_initialization_and_destruction_0ii
FNF:8
FNH:8
BRDA:42,0,1,214
BRDA:42,0,2,0
BRDA:43,0,0,0
BRDA:43,0,1,214
BRDA:45,0,1,-
BRDA:45,0,2,-
BRDA:45,1,5,-
BRDA:45,1,6,-
BRDA:46,4294967295,1,-
BRDA:46,4294967295,2,-
BRDA:60,0,0,0
BRDA:60,0,1,213
BRDA:62,0,2,-
BRDA:62,0,3,-
BRDA:62,1,6,-
BRDA:62,1,7,-
BRDA:66,0,1,213
BRDA:66,0,2,0
BRDA:67,0,1,213
BRDA:67,0,2,0
BRDA:69,0,1,213
BRDA:69,0,2,0
BRDA:71,0,0,0
BRDA:71,0,1,213
BRDA:73,0,3,-
BRDA:73,0,4,-
BRDA:75,0,0,0
BRDA:75,0,1,213
BRDA:77,0,3,-
BRDA:77,0,4,-
BRDA:81,0,1,213
BRDA:81,0,2,0
BRDA:93,0,2,213
BRDA:93,0,3,0
BRDA:93,1,6,0
BRDA:93,1,7,213
BRDA:93,4,8,0
BRDA:93,4,9,213
BRDA:95,4294967295,2,-
BRDA:95,4294967295,3,-
BRDA:96,0,3,-
BRDA:96,0,4,-
BRDA:103,4294967295,1,0
BRDA:103,4294967295,2,213
BRDA:105,4294967295,2,-
BRDA:105,4294967295,3,-
BRDA:106,0,3,-
BRDA:106,0,4,-
BRDA:109,0,1,0
BRDA:109,0,2,213
BRDA:111,4294967295,2,-
BRDA:111,4294967295,3,-
BRDA:112,0,3,-
BRDA:112,0,4,-
BRDA:119,4294967295,2,213
BRDA:119,4294967295,3,0
BRDA:119,0,4,0
BRDA:119,0,5,213
BRDA:121,0,2,-
BRDA:121,0,3,-
BRDA:122,0,2,-
BRDA:122,0,3,-
BRDA:122,0,5,-
BRDA:122,0,6,-
BRDA:127,0,1,213
BRDA:127,0,2,0
BRDA:131,0,3,213
BRDA:131,0,4,0
BRDA:131,3,9,-
BRDA:131,3,10,-
BRDA:133,4294967295,0,38
BRDA:133,4294967295,1,175
BRDA:135,0,2,38
BRDA:135,0,3,0
BRDA:137,0,2,38
BRDA:137,0,3,0
BRDA:138,4294967295,1,38
BRDA:138,4294967295,2,0
BRDA:139,4294967295,3,38
BRDA:139,4294967295,4,0
BRDA:142,0,2,175
BRDA:142,0,3,0
BRDA:144,0,2,175
BRDA:144,0,3,0
BRDA:145,0,1,175
BRDA:145,0,2,0
BRDA:146,4294967295,1,175
BRDA:146,4294967295,2,0
BRDA:149,4294967295,2,175
BRDA:149,4294967295,3,0
BRDA:149,0,5,175
BRDA:149,0,6,0
BRDA:150,2,3,175
BRDA:150,2,4,38
BRDA:151,4294967295,1,56
BRDA:151,4294967295,2,119
BRDA:154,0,1,56
BRDA:154,0,2,0
BRDA:159,0,1,119
BRDA:159,0,2,0
BRDA:160,0,1,119
BRDA:160,0,2,0
BRDA:161,0,1,119
BRDA:161,0,2,0
BRDA:166,0,0,120
BRDA:166,0,1,55
BRDA:175,0,1,46
BRDA:175,0,2,74
BRDA:182,1,3,84
BRDA:182,1,4,18
BRDA:184,4294967295,1,84
BRDA:184,4294967295,2,0
BRDA:185,0,1,56
BRDA:185,0,2,28
BRDA:188,0,2,56
BRDA:188,0,3,0
BRDA:190,0,2,56
BRDA:190,0,3,0
BRDA:192,4294967295,1,56
BRDA:192,4294967295,2,0
BRDA:197,0,2,28
BRDA:197,0,3,0
BRDA:199,0,2,28
BRDA:199,0,3,0
BRDA:201,4294967295,1,28
BRDA:201,4294967295,2,0
BRDA:205,0,0,102
BRDA:205,0,1,18
BRDA:207,0,2,102
BRDA:207,0,3,0
BRDA:210,0,2,102
BRDA:210,0,3,0
BRDA:211,4294967295,1,102
BRDA:211,4294967295,2,0
BRDA:213,4294967295,1,102
BRDA:213,4294967295,2,0
BRDA:224,0,1,55
BRDA:224,0,2,0
BRDA:224,1,3,10
BRDA:224,1,4,45
BRDA:226,0,0,10
BRDA:226,0,1,0
BRDA:228,0,2,10
BRDA:228,0,3,0
BRDA:231,0,2,10
BRDA:231,0,3,0
BRDA:232,4294967295,1,10
BRDA:232,4294967295,2,0
BRDA:234,4294967295,1,10
BRDA:234,4294967295,2,0
BRDA:244,0,2,-
BRDA:244,0,3,-
BRDA:247,0,2,-
BRDA:247,0,3,-
BRDA:248,4294967295,1,-
BRDA:248,4294967295,2,-
BRDA:250,4294967295,1,-
BRDA:250,4294967295,2,-
BRDA:260,1,3,55
BRDA:260,1,4,45
BRDA:262,0,2,55
BRDA:262,0,3,0
BRDA:263,4294967295,2,55
BRDA:263,4294967295,3,0
BRDA:263,4294967295,5,55
BRDA:263,4294967295,6,0
BRDA:269,4294967295,1,55
BRDA:269,4294967295,2,0
BRDA:270,0,1,8
BRDA:270,0,2,47
BRDA:270,1,3,0
BRDA:270,1,4,8
BRDA:270,4,5,0
BRDA:270,4,6,55
BRDA:272,0,2,-
BRDA:272,0,3,-
BRDA:274,0,2,-
BRDA:274,0,3,-
BRDA:275,4294967295,1,-
BRDA:275,4294967295,2,-
BRDA:277,4294967295,1,-
BRDA:277,4294967295,2,-
BRDA:278,4294967295,0,-
BRDA:278,4294967295,1,-
BRDA:278,0,2,-
BRDA:278,0,3,-
BRDA:285,0,1,55
BRDA:285,0,2,0
BRDA:286,1,3,110
BRDA:286,1,4,55
BRDA:288,4294967295,1,110
BRDA:288,4294967295,2,0
BRDA:290,0,1,16
BRDA:290,0,2,94
BRDA:295,0,1,16
BRDA:295,0,2,0
BRDA:296,4294967295,1,0
BRDA:296,4294967295,2,16
BRDA:302,0,2,-
BRDA:302,0,3,-
BRDA:306,0,2,-
BRDA:306,0,3,-
BRDA:307,4294967295,1,-
BRDA:307,4294967295,2,-
BRDA:309,4294967295,1,-
BRDA:309,4294967295,2,-
BRDA:310,4294967295,0,-
BRDA:310,4294967295,1,-
BRDA:310,0,2,-
BRDA:310,0,3,-
BRDA:316,0,2,16
BRDA:316,0,3,0
BRDA:319,0,2,16
BRDA:319,0,3,0
BRDA:321,4294967295,1,16
BRDA:321,4294967295,2,0
BRDA:325,1,3,118
BRDA:325,1,4,110
BRDA:327,4294967295,2,118
BRDA:327,4294967295,3,0
BRDA:327,0,4,8
BRDA:327,0,5,110
BRDA:329,0,2,8
BRDA:329,0,3,0
BRDA:332,0,2,8
BRDA:332,0,3,0
BRDA:335,0,2,8
BRDA:335,0,3,0
BRDA:335,0,5,8
BRDA:335,0,6,0
BRDA:337,0,2,110
BRDA:337,0,3,0
BRDA:337,1,4,0
BRDA:337,1,5,110
BRDA:346,0,2,-
BRDA:346,0,3,-
BRDA:350,0,2,-
BRDA:350,0,3,-
BRDA:353,0,2,-
BRDA:353,0,3,-
BRDA:354,4294967295,1,-
BRDA:354,4294967295,2,-
BRDA:356,4294967295,1,-
BRDA:356,4294967295,2,-
BRDA:357,4294967295,0,-
BRDA:357,4294967295,1,-
BRDA:357,0,2,-
BRDA:357,0,3,-
BRDA:360,0,2,110
BRDA:360,0,3,0
BRDA:360,1,4,75
BRDA:360,1,5,35
BRDA:361,0,0,80
BRDA:361,0,1,30
BRDA:361,1,4,80
BRDA:361,1,5,0
BRDA:361,2,6,45
BRDA:361,2,7,35
BRDA:363,0,0,75
BRDA:363,0,1,0
BRDA:366,0,2,75
BRDA:366,0,3,0
BRDA:370,0,2,75
BRDA:370,0,3,0
BRDA:373,0,2,75
BRDA:373,0,3,0
BRDA:373,0,5,75
BRDA:373,0,6,0
BRDA:375,4294967295,1,75
BRDA:375,4294967295,2,0
BRDA:376,4294967295,0,75
BRDA:376,4294967295,1,0
BRDA:376,0,2,75
BRDA:376,0,3,0
BRDA:386,0,2,-
BRDA:386,0,3,-
BRDA:391,0,2,-
BRDA:391,0,3,-
BRDA:394,0,2,-
BRDA:394,0,3,-
BRDA:395,4294967295,1,-
BRDA:395,4294967295,2,-
BRDA:397,4294967295,1,-
BRDA:397,4294967295,2,-
BRDA:398,4294967295,0,-
BRDA:398,4294967295,1,-
BRDA:398,0,2,-
BRDA:398,0,3,-
BRDA:404,0,2,35
BRDA:404,0,3,0
BRDA:408,0,2,35
BRDA:408,0,3,0
BRDA:411,0,2,35
BRDA:411,0,3,0
BRDA:412,0,2,35
BRDA:412,0,3,0
BRDA:412,0,5,35
BRDA:412,0,6,0
BRDA:414,4294967295,1,35
BRDA:414,4294967295,2,0
BRDA:415,4294967295,0,35
BRDA:415,4294967295,1,0
BRDA:415,0,2,35
BRDA:415,0,3,0
BRDA:426,4294967295,2,-
BRDA:426,4294967295,3,-
BRDA:427,4294967295,3,-
BRDA:427,4294967295,4,-
BRDA:427,4294967295,6,-
BRDA:427,4294967295,7,-
BRDA:430,0,0,18
BRDA:430,0,1,157
BRDA:432,0,0,18
BRDA:432,0,1,0
BRDA:434,4294967295,2,18
BRDA:434,4294967295,3,0
BRDA:440,4294967295,1,18
BRDA:440,4294967295,2,0
BRDA:444,4294967295,2,-
BRDA:444,4294967295,3,-
BRDA:451,4294967295,1,-
BRDA:451,4294967295,2,-
BRDA:453,0,3,18
BRDA:453,0,4,0
BRDA:454,4294967295,0,18
BRDA:454,4294967295,1,0
BRDA:454,0,2,18
BRDA:454,0,3,0
BRDA:464,0,0,0
BRDA:464,0,1,6
BRDA:466,0,3,-
BRDA:466,0,4,-
BRDA:469,0,1,1
BRDA:469,0,2,5
BRDA:471,0,3,1
BRDA:471,0,4,0
BRDA:475,0,1,1
BRDA:475,0,2,4
BRDA:483,0,1,4
BRDA:483,0,2,0
BRDA:483,3,5,0
BRDA:483,3,6,1
BRDA:484,0,2,4
BRDA:484,0,3,0
BRDA:486,0,0,1
BRDA:486,0,1,3
BRDA:488,0,1,1
BRDA:488,0,2,0
BRDA:490,0,0,1
BRDA:490,0,1,2
BRDA:492,0,1,1
BRDA:492,0,2,0
BRDA:495,0,1,3
BRDA:495,0,2,1
BRDA:497,0,1,3
BRDA:497,0,2,0
BRDA:498,0,2,3
BRDA:498,0,3,0
BRDA:501,4294967295,1,3
BRDA:501,4294967295,2,0
BRDA:502,4294967295,2,3
BRDA:502,4294967295,3,0
BRDA:506,4294967295,3,1
BRDA:506,4294967295,4,0
BRDA:506,0,7,1
BRDA:506,0,8,0
BRDA:513,0,1,284
BRDA:513,0,2,0
BRDA:514,0,0,0
BRDA:514,0,1,284
BRDA:516,0,1,-
BRDA:516,0,2,-
BRDA:516,1,5,-
BRDA:516,1,6,-
BRDA:520,0,1,284
BRDA:520,0,2,0
BRDA:526,3,1,1
BRDA:526,3,2,0
BRDA:526,4,3,1
BRDA:526,4,4,0
BRF:380
BRH:159
DA:29,1
DA:31,214
DA:34,214
DA:36,214
DA:37,214
DA:38,214
DA:40,214
DA:42,428
DA:43,214
DA:45,0
DA:46,0
DA:49,214
DA:50,214
DA:53,213
DA:60,213
DA:62,0
DA:63,0
DA:66,426
DA:67,426
DA:69,426
DA:71,213
DA:73,0
DA:75,213
DA:77,0
DA:81,213
DA:85,213
DA:90,213
DA:91,213
DA:93,213
DA:95,0
DA:96,0
DA:97,0
DA:100,213
DA:101,213
DA:103,213
DA:105,0
DA:106,0
DA:107,0
DA:109,213
DA:111,0
DA:112,0
DA:113,0
DA:118,213
DA:119,213
DA:121,0
DA:122,0
DA:123,38
DA:127,213
DA:131,388
DA:133,213
DA:135,76
DA:137,38
DA:138,38
DA:139,38
DA:140,38
DA:142,350
DA:144,175
DA:145,175
DA:146,175
DA:149,175
DA:150,388
DA:151,175
DA:154,56
DA:159,238
DA:160,119
DA:161,119
DA:165,175
DA:166,175
DA:174,120
DA:175,120
DA:178,46
DA:182,158
DA:184,84
DA:185,84
DA:187,56
DA:188,112
DA:190,56
DA:192,56
DA:193,56
DA:197,56
DA:199,28
DA:201,28
DA:205,120
DA:207,204
DA:210,102
DA:211,102
DA:212,204
DA:213,102
DA:214,102
DA:215,102
DA:221,120
DA:224,55
DA:226,10
DA:228,20
DA:231,10
DA:232,10
DA:233,20
DA:234,10
DA:235,10
DA:236,10
DA:244,0
DA:247,0
DA:248,0
DA:249,0
DA:250,0
DA:251,0
DA:252,10
DA:257,45
DA:260,100
DA:262,110
DA:263,110
DA:269,110
DA:270,55
DA:272,0
DA:274,0
DA:275,0
DA:276,0
DA:277,0
DA:278,0
DA:279,0
DA:285,110
DA:286,165
DA:288,220
DA:289,110
DA:290,110
DA:295,16
DA:296,16
DA:302,0
DA:306,0
DA:307,0
DA:308,0
DA:309,0
DA:310,0
DA:311,0
DA:315,16
DA:316,32
DA:319,16
DA:321,16
DA:325,228
DA:327,118
DA:329,16
DA:332,8
DA:335,16
DA:337,110
DA:346,0
DA:350,0
DA:353,0
DA:354,0
DA:355,0
DA:356,0
DA:357,0
DA:358,0
DA:360,220
DA:361,110
DA:363,75
DA:366,150
DA:370,75
DA:373,150
DA:374,150
DA:375,75
DA:376,75
DA:377,75
DA:386,0
DA:391,0
DA:394,0
DA:395,0
DA:396,0
DA:397,0
DA:398,0
DA:399,75
DA:404,70
DA:408,35
DA:411,35
DA:412,70
DA:413,70
DA:414,35
DA:415,35
DA:416,35
DA:424,0
DA:426,0
DA:427,0
DA:430,175
DA:432,18
DA:434,36
DA:437,18
DA:440,18
DA:444,0
DA:448,0
DA:451,0
DA:453,18
DA:454,18
DA:457,213
DA:460,6
DA:464,6
DA:466,0
DA:467,0
DA:469,6
DA:471,1
DA:472,1
DA:475,5
DA:477,1
DA:479,4
DA:483,8
DA:484,4
DA:486,4
DA:488,1
DA:490,3
DA:492,1
DA:495,7
DA:497,6
DA:498,6
DA:501,3
DA:502,3
DA:504,2
DA:506,1
DA:508,6
DA:511,284
DA:513,568
DA:514,284
DA:516,0
DA:517,0
DA:520,284
DA:521,284
DA:526,4
LF:224
LH:162
end_of_record
TN:
SF:/home/runner/work/ad-rss-lib/ad-rss-lib/ad_rss_map_integration/impl/src/RssSceneCreator.cpp
FN:27,_ZN2ad3rss3map15RssSceneCreatorC2ERKNS1_16RssSceneCreation22RestrictSpeedLimitModeERKSt3setINS_3map8landmark10LandmarkIdESt4lessISA_ESaISA_EERS3_
FN:50,_ZN2ad3rss3map15RssSceneCreatorC2ERNS1_16RssSceneCreationE
FN:57,_ZN2ad3rss3map15RssSceneCreator14createRoadAreaERKNS_3map5route9FullRouteEiiRKSt3setINS3_4lane6LaneIdESt4lessISA_ESaISA_EESt6vectorISt10shared_ptrINS1_19RssObjectConversionEESaISK_EE
FN:131,_ZN2ad3rss3map15RssSceneCreator22appendNotRelevantSceneERKNS_3map5route9FullRouteESt10shared_ptrIKNS1_19RssObjectConversionEESB_
FN:178,_ZN2ad3rss3map15RssSceneCreator29createNonIntersectionRoadAreaERKNS_3map5route9FullRouteESt6vectorISt10shared_ptrINS1_19RssObjectConversionEESaISB_EE
FN:189,_ZN2ad3rss3map15RssSceneCreator26appendNonIntersectionSceneERKNS_3map5route15ConnectingRouteERKNS0_9situation13SituationTypeESt10shared_ptrIKNS1_19RssObjectConversionEESF_
FN:242,_ZN2ad3rss3map15RssSceneCreator21createMergingRoadAreaERKNS_3map5route9FullRouteESt10shared_ptrINS1_19RssObjectConversionEE
FN:259,_ZN2ad3rss3map15RssSceneCreator18appendMergingSceneERKNS_3map5route15ConnectingRouteERKNS0_9situation13SituationTypeESt10shared_ptrIKNS1_19RssObjectConversionEESF_
FN:305,_ZN2ad3rss3map15RssSceneCreator26createIntersectionRoadAreaERKNS_3map5route9FullRouteESt10shared_ptrIKNS3_12intersection12IntersectionEES8_INS1_19RssObjectConversionEE
FN:313,_ZN2ad3rss3map15RssSceneCreator23appendIntersectionSceneESt10shared_ptrINS_3map12intersection12IntersectionEERKNS4_5route9FullRouteESB_SB_S3_IKNS1_19RssObjectConversionEESE_
FN:428,_ZN2ad3rss3map15RssSceneCreator24appendRoadBoundaryScenesERKNS_3map5route9FullRouteESt10shared_ptrIKNS1_19RssObjectConversionEE
FN:577,_ZN2ad3rss3map15RssSceneCreator11appendSceneERKNS0_9situation13SituationTypeESt10shared_ptrIKNS1_19RssObjectConversionEERKSt6vectorISB_INS0_5world11LaneSegmentESaISD_EESaISF_EESA_SJ_
FN:642,_ZN2ad3rss3map15RssSceneCreator23appendUnstructuredSceneESt10shared_ptrIKNS1_19RssObjectConversionEES6_
FN:677,_GLOBAL__sub_I_RssSceneCreator.cpp
FN:677,_Z41__static_initialization_and_destruction_0ii
FNDA:35,_ZN2ad3rss3map15RssSceneCreator23appendIntersectionSceneESt10shared_ptrINS_3map12intersection12IntersectionEERKNS4_5route9FullRouteESB_SB_S3_IKNS1_19RssObjectConversionEESE_
FNDA:3,_ZN2ad3rss3map15RssSceneCreator24appendRoadBoundaryScenesERKNS_3map5route9FullRouteESt10shared_ptrIKNS1_19RssObjectConversionEE
FNDA:1,_Z41__static_initialization_and_destruction_0ii
FNDA:1,_GLOBAL__sub_I_RssSceneCreator.cpp
FNDA:310,_ZN2ad3rss3map15RssSceneCreator14createRoadAreaERKNS_3map5route9FullRouteEiiRKSt3setINS3_4lane6LaneIdESt4lessISA_ESaISA_EESt6vectorISt10shared_ptrINS1_19RssObjectConversionEESaISK_EE
FNDA:213,_ZN2ad3rss3map15RssSceneCreatorC2ERKNS1_16RssSceneCreation22RestrictSpeedLimitModeERKSt3setINS_3map8landmark10LandmarkIdESt4lessISA_ESaISA_EERS3_
FNDA:70,_ZN2ad3rss3map15RssSceneCreator26createIntersectionRoadAreaERKNS_3map5route9FullRouteESt10shared_ptrIKNS3_12intersection12IntersectionEES8_INS1_19RssObjectConversionEE
FNDA:187,_ZN2ad3rss3map15RssSceneCreator29createNonIntersectionRoadAreaERKNS_3map5route9FullRouteESt6vectorISt10shared_ptrINS1_19RssObjectConversionEESaISB_EE
FNDA:0,_ZN2ad3rss3map15RssSceneCreator21createMergingRoadAreaERKNS_3map5route9FullRouteESt10shared_ptrINS1_19RssObjectConversionEE
FNDA:56,_ZN2ad3rss3map15RssSceneCreator22appendNotRelevantSceneERKNS_3map5route9FullRouteESt10shared_ptrIKNS1_19RssObjectConversionEESB_
FNDA:0,_ZN2ad3rss3map15RssSceneCreator23appendUnstructuredSceneESt10shared_ptrIKNS1_19RssObjectConversionEES6_
FNDA:187,_ZN2ad3rss3map15RssSceneCreator26appendNonIntersectionSceneERKNS_3map5route15ConnectingRouteERKNS0_9situation13SituationTypeESt10shared_ptrIKNS1_19RssObjectConversionEESF_
FNDA:284,_ZN2ad3rss3map15RssSceneCreator11appendSceneERKNS0_9situation13SituationTypeESt10shared_ptrIKNS1_19RssObjectConversionEERKSt6vectorISB_INS0_5world11LaneSegmentESaISD_EESaISF_EESA_SJ_
FNDA:3,_ZN2ad3rss3map15RssSceneCreatorC2ERNS1_16RssSceneCreationE
FNDA:0,_ZN2ad3rss3map15RssSceneCreator18appendMergingSceneERKNS_3map5route15ConnectingRouteERKNS0_9situation13SituationTypeESt10shared_ptrIKNS1_19RssObjectConversionEESF_
FNF:15
FNH:12
BRDA:33,4294967295,0,0
BRDA:33,4294967295,1,0
BRDA:33,4294967295,2,151
BRDA:33,4294967295,3,62
BRDA:66,0,3,682
BRDA:66,0,4,240
BRDA:72,4294967295,3,1642
BRDA:72,4294967295,4,0
BRDA:72,0,5,1030
BRDA:72,0,6,612
BRDA:76,0,1,1030
BRDA:76,0,2,0
BRDA:76,1,3,1030
BRDA:76,1,4,0
BRDA:76,2,6,1030
BRDA:76,2,7,0
BRDA:76,3,8,851
BRDA:76,3,9,179
BRDA:76,6,10,851
BRDA:76,6,11,179
BRDA:78,0,1,851
BRDA:78,0,2,0
BRDA:79,0,1,851
BRDA:79,0,2,0
BRDA:80,4294967295,1,851
BRDA:80,4294967295,2,0
BRDA:80,0,4,851
BRDA:80,0,5,0
BRDA:80,1,6,86
BRDA:80,1,7,765
BRDA:87,0,0,70
BRDA:87,0,1,695
BRDA:95,0,1,781
BRDA:95,0,2,0
BRDA:95,1,3,169
BRDA:95,1,4,612
BRDA:103,0,1,781
BRDA:103,0,2,0
BRDA:103,1,4,781
BRDA:103,1,5,0
BRDA:105,0,1,781
BRDA:105,0,2,0
BRDA:105,1,4,781
BRDA:105,1,5,0
BRDA:106,1,3,1286
BRDA:106,1,4,781
BRDA:108,0,3,1286
BRDA:108,0,4,1286
BRDA:110,4294967295,1,1286
BRDA:110,4294967295,2,0
BRDA:110,0,5,1286
BRDA:110,0,6,0
BRDA:112,0,1,1286
BRDA:112,0,2,0
BRDA:112,1,5,1286
BRDA:112,1,6,0
BRDA:115,0,1,781
BRDA:115,0,2,0
BRDA:118,0,0,70
BRDA:118,0,1,612
BRDA:122,0,1,612
BRDA:122,0,2,0
BRDA:122,2,4,612
BRDA:122,2,5,70
BRDA:124,1,3,497
BRDA:124,1,4,310
BRDA:126,4294967295,2,497
BRDA:126,4294967295,3,0
BRDA:135,0,1,56
BRDA:135,0,2,0
BRDA:135,1,4,0
BRDA:135,1,5,56
BRDA:135,4,6,0
BRDA:135,4,7,56
BRDA:137,0,1,-
BRDA:137,0,2,-
BRDA:137,1,5,-
BRDA:137,1,6,-
BRDA:140,0,2,56
BRDA:140,0,3,0
BRDA:141,0,1,0
BRDA:141,0,2,56
BRDA:143,0,2,-
BRDA:143,0,3,-
BRDA:144,0,2,-
BRDA:144,0,3,-
BRDA:144,0,5,-
BRDA:144,0,6,-
BRDA:147,0,2,56
BRDA:147,0,3,0
BRDA:148,0,1,0
BRDA:148,0,2,56
BRDA:150,0,2,-
BRDA:150,0,3,-
BRDA:152,0,2,-
BRDA:152,0,3,-
BRDA:152,0,5,-
BRDA:152,0,6,-
BRDA:159,4294967295,1,50
BRDA:159,4294967295,2,6
BRDA:164,0,3,50
BRDA:164,0,4,0
BRDA:164,1,7,50
BRDA:164,1,8,0
BRDA:164,3,14,50
BRDA:164,3,15,50
BRDA:164,5,20,-
BRDA:164,5,21,-
BRDA:167,0,2,56
BRDA:167,0,3,0
BRDA:168,0,2,56
BRDA:168,0,3,0
BRDA:169,4294967295,1,56
BRDA:169,4294967295,2,0
BRDA:175,4294967295,1,56
BRDA:175,4294967295,2,0
BRDA:186,4294967295,3,187
BRDA:186,4294967295,4,0
BRDA:194,0,1,187
BRDA:194,0,2,0
BRDA:194,1,4,0
BRDA:194,1,5,187
BRDA:194,4,6,0
BRDA:194,4,7,187
BRDA:196,0,1,-
BRDA:196,0,2,-
BRDA:196,1,5,-
BRDA:196,1,6,-
BRDA:199,0,2,187
BRDA:199,0,3,0
BRDA:200,0,1,0
BRDA:200,0,2,187
BRDA:202,0,2,-
BRDA:202,0,3,-
BRDA:204,0,2,-
BRDA:204,0,3,-
BRDA:204,0,5,-
BRDA:204,0,6,-
BRDA:207,0,2,187
BRDA:207,0,3,0
BRDA:208,0,1,0
BRDA:208,0,2,187
BRDA:210,0,2,-
BRDA:210,0,3,-
BRDA:212,0,2,-
BRDA:212,0,3,-
BRDA:212,0,5,-
BRDA:212,0,6,-
BRDA:217,4294967295,1,141
BRDA:217,4294967295,2,46
BRDA:219,0,4,141
BRDA:219,0,5,0
BRDA:219,1,7,141
BRDA:219,1,8,0
BRDA:219,3,13,282
BRDA:219,3,14,141
BRDA:219,5,18,-
BRDA:219,5,19,-
BRDA:221,0,1,46
BRDA:221,0,2,0
BRDA:223,0,4,46
BRDA:223,0,5,0
BRDA:223,1,7,46
BRDA:223,1,8,0
BRDA:223,3,13,92
BRDA:223,3,14,46
BRDA:223,5,18,-
BRDA:223,5,19,-
BRDA:227,0,2,-
BRDA:227,0,3,-
BRDA:229,0,2,-
BRDA:229,0,3,-
BRDA:231,4294967295,1,-
BRDA:231,4294967295,2,-
BRDA:234,0,2,187
BRDA:234,0,3,0
BRDA:235,0,2,187
BRDA:235,0,3,0
BRDA:237,4294967295,1,187
BRDA:237,4294967295,2,0
BRDA:239,4294967295,4,187
BRDA:239,4294967295,5,0
BRDA:247,4294967295,3,-
BRDA:247,4294967295,4,-
BRDA:251,0,2,-
BRDA:251,0,3,-
BRDA:256,0,3,-
BRDA:256,0,4,-
BRDA:256,1,6,-
BRDA:256,1,7,-
BRDA:256,3,10,-
BRDA:256,3,11,-
BRDA:256,5,15,-
BRDA:256,5,16,-
BRDA:264,0,1,-
BRDA:264,0,2,-
BRDA:264,1,4,-
BRDA:264,1,5,-
BRDA:264,4,6,-
BRDA:264,4,7,-
BRDA:266,0,1,-
BRDA:266,0,2,-
BRDA:266,1,5,-
BRDA:266,1,6,-
BRDA:269,0,1,-
BRDA:269,0,2,-
BRDA:269,1,4,-
BRDA:269,1,5,-
BRDA:269,4,6,-
BRDA:269,4,7,-
BRDA:271,0,2,-
BRDA:271,0,3,-
BRDA:272,0,2,-
BRDA:272,0,3,-
BRDA:274,4294967295,1,-
BRDA:274,4294967295,2,-
BRDA:278,0,2,-
BRDA:278,0,3,-
BRDA:279,0,1,-
BRDA:279,0,2,-
BRDA:281,0,2,-
BRDA:281,0,3,-
BRDA:282,0,2,-
BRDA:282,0,3,-
BRDA:282,0,5,-
BRDA:282,0,6,-
BRDA:285,0,2,-
BRDA:285,0,3,-
BRDA:286,0,1,-
BRDA:286,0,2,-
BRDA:288,0,2,-
BRDA:288,0,3,-
BRDA:289,0,2,-
BRDA:289,0,3,-
BRDA:289,0,5,-
BRDA:289,0,6,-
BRDA:293,0,2,-
BRDA:293,0,3,-
BRDA:294,4294967295,2,-
BRDA:294,4294967295,3,-
BRDA:295,0,2,-
BRDA:295,0,3,-
BRDA:297,4294967295,2,-
BRDA:297,4294967295,3,-
BRDA:300,4294967295,1,-
BRDA:300,4294967295,2,-
BRDA:301,4294967295,3,-
BRDA:301,4294967295,4,-
BRDA:310,0,3,70
BRDA:310,0,4,0
BRDA:310,1,7,70
BRDA:310,1,8,0
BRDA:310,2,10,70
BRDA:310,2,11,0
BRDA:310,4,14,70
BRDA:310,4,15,70
BRDA:310,7,19,-
BRDA:310,7,20,-
BRDA:320,0,1,35
BRDA:320,0,2,0
BRDA:320,1,4,0
BRDA:320,1,5,35
BRDA:320,4,6,0
BRDA:320,4,7,35
BRDA:322,0,1,-
BRDA:322,0,2,-
BRDA:322,1,5,-
BRDA:322,1,6,-
BRDA:325,0,2,35
BRDA:325,0,3,0
BRDA:326,0,1,0
BRDA:326,0,2,35
BRDA:328,0,2,-
BRDA:328,0,3,-
BRDA:330,0,2,-
BRDA:330,0,3,-
BRDA:330,0,5,-
BRDA:330,0,6,-
BRDA:333,0,2,35
BRDA:333,0,3,0
BRDA:334,0,1,0
BRDA:334,0,2,35
BRDA:336,0,2,-
BRDA:336,0,3,-
BRDA:338,0,2,-
BRDA:338,0,3,-
BRDA:338,0,5,-
BRDA:338,0,6,-
BRDA:343,0,2,35
BRDA:343,0,3,0
BRDA:343,1,4,0
BRDA:343,1,5,35
BRDA:347,0,2,-
BRDA:347,0,3,-
BRDA:347,1,5,-
BRDA:347,1,6,-
BRDA:349,0,2,-
BRDA:349,0,3,-
BRDA:351,0,2,-
BRDA:351,0,3,-
BRDA:352,0,2,-
BRDA:352,0,3,-
BRDA:352,1,5,-
BRDA:352,1,6,-
BRDA:352,1,8,-
BRDA:352,1,9,-
BRDA:355,0,2,-
BRDA:355,0,3,-
BRDA:355,2,7,-
BRDA:355,2,8,-
BRDA:357,4294967295,2,-
BRDA:357,4294967295,3,-
BRDA:357,0,5,-
BRDA:357,0,6,-
BRDA:365,0,0,-
BRDA:365,0,1,-
BRDA:365,1,4,-
BRDA:365,1,5,-
BRDA:365,2,6,-
BRDA:365,2,7,-
BRDA:365,5,8,-
BRDA:365,5,9,-
BRDA:367,0,0,-
BRDA:367,0,1,-
BRDA:378,0,0,-
BRDA:378,0,1,-
BRDA:387,0,2,-
BRDA:387,0,3,-
BRDA:389,0,2,-
BRDA:389,0,3,-
BRDA:391,4294967295,1,-
BRDA:391,4294967295,2,-
BRDA:393,0,2,35
BRDA:393,0,3,0
BRDA:393,1,4,12
BRDA:393,1,5,23
BRDA:395,0,0,8
BRDA:395,0,1,4
BRDA:406,0,0,19
BRDA:406,0,1,4
BRDA:416,0,3,35
BRDA:416,0,4,0
BRDA:417,4294967295,3,35
BRDA:417,4294967295,4,0
BRDA:418,0,2,35
BRDA:418,0,3,0
BRDA:420,4294967295,2,35
BRDA:420,4294967295,3,0
BRDA:423,4294967295,1,35
BRDA:423,4294967295,2,0
BRDA:425,4294967295,3,35
BRDA:425,4294967295,4,0
BRDA:431,0,1,0
BRDA:431,0,2,3
BRDA:433,0,1,-
BRDA:433,0,2,-
BRDA:433,1,5,-
BRDA:433,1,6,-
BRDA:436,0,2,3
BRDA:436,0,3,0
BRDA:437,0,1,0
BRDA:437,0,2,3
BRDA:439,0,1,-
BRDA:439,0,2,-
BRDA:439,1,5,-
BRDA:439,1,6,-
BRDA:444,0,3,3
BRDA:444,0,4,0
BRDA:444,1,7,3
BRDA:444,1,8,0
BRDA:444,3,12,3
BRDA:444,3,13,3
BRDA:444,4,18,-
BRDA:444,4,19,-
BRDA:446,0,2,3
BRDA:446,0,3,0
BRDA:446,1,6,3
BRDA:446,1,7,0
BRDA:448,4294967295,1,3
BRDA:448,4294967295,2,0
BRDA:466,0,3,3
BRDA:466,0,4,3
BRDA:470,4294967295,1,3
BRDA:470,4294967295,2,0
BRDA:476,4294967295,1,3
BRDA:476,4294967295,2,0
BRDA:485,4294967295,1,3
BRDA:485,4294967295,2,0
BRDA:488,0,1,3
BRDA:488,0,2,0
BRDA:491,4294967295,1,3
BRDA:491,4294967295,2,0
BRDA:491,0,3,0
BRDA:491,0,4,3
BRDA:499,0,1,3
BRDA:499,0,2,0
BRDA:500,0,1,3
BRDA:500,0,2,0
BRDA:501,0,1,3
BRDA:501,0,2,0
BRDA:503,0,1,3
BRDA:503,0,2,0
BRDA:508,4294967295,1,3
BRDA:508,4294967295,2,0
BRDA:517,4294967295,1,3
BRDA:517,4294967295,2,0
BRDA:518,0,1,0
BRDA:518,0,2,3
BRDA:520,0,1,-
BRDA:520,0,2,-
BRDA:521,4294967295,1,-
BRDA:521,4294967295,2,-
BRDA:525,0,1,3
BRDA:525,0,2,0
BRDA:528,4294967295,1,3
BRDA:528,4294967295,2,0
BRDA:528,0,3,0
BRDA:528,0,4,3
BRDA:536,0,1,3
BRDA:536,0,2,0
BRDA:537,0,1,3
BRDA:537,0,2,0
BRDA:538,0,1,3
BRDA:538,0,2,0
BRDA:540,0,1,3
BRDA:540,0,2,0
BRDA:545,4294967295,1,3
BRDA:545,4294967295,2,0
BRDA:554,4294967295,1,3
BRDA:554,4294967295,2,0
BRDA:555,0,1,0
BRDA:555,0,2,3
BRDA:557,0,1,-
BRDA:557,0,2,-
BRDA:558,4294967295,1,-
BRDA:558,4294967295,2,-
BRDA:566,4294967295,1,3
BRDA:566,4294967295,2,0
BRDA:572,4294967295,1,3
BRDA:572,4294967295,2,0
BRDA:583,0,1,284
BRDA:583,0,2,0
BRDA:583,1,4,0
BRDA:583,1,5,284
BRDA:583,4,6,0
BRDA:583,4,7,284
BRDA:585,0,1,-
BRDA:585,0,2,-
BRDA:585,1,5,-
BRDA:585,1,6,-
BRDA:589,0,1,284
BRDA:589,0,2,0
BRDA:591,0,2,284
BRDA:591,0,3,0
BRDA:591,1,5,284
BRDA:591,1,6,0
BRDA:592,0,2,284
BRDA:592,0,3,0
BRDA:593,0,1,284
BRDA:593,0,2,0
BRDA:594,0,1,284
BRDA:594,0,2,0
BRDA:595,0,2,284
BRDA:595,0,3,0
BRDA:595,1,5,284
BRDA:595,1,6,0
BRDA:596,0,2,284
BRDA:596,0,3,0
BRDA:598,0,2,284
BRDA:598,0,3,0
BRDA:598,1,6,284
BRDA:598,1,7,0
BRDA:598,2,10,284
BRDA:598,2,11,0
BRDA:599,4294967295,2,284
BRDA:599,4294967295,3,0
BRDA:599,0,6,284
BRDA:599,0,7,0
BRDA:599,1,10,284
BRDA:599,1,11,0
BRDA:601,4294967295,0,228
BRDA:601,4294967295,1,56
BRDA:604,0,0,0
BRDA:604,0,1,228
BRDA:605,0,0,228
BRDA:605,0,1,0
BRDA:605,1,3,228
BRDA:605,1,4,0
BRDA:605,2,6,0
BRDA:605,2,7,228
BRDA:607,0,2,-
BRDA:607,0,3,-
BRDA:609,0,2,-
BRDA:609,0,3,-
BRDA:610,4294967295,1,-
BRDA:610,4294967295,2,-
BRDA:613,0,3,228
BRDA:613,0,4,0
BRDA:613,1,5,0
BRDA:613,1,6,228
BRDA:615,0,2,-
BRDA:615,0,3,-
BRDA:616,4294967295,2,-
BRDA:616,4294967295,3,-
BRDA:618,4294967295,1,-
BRDA:618,4294967295,2,-
BRDA:621,0,3,228
BRDA:621,0,4,0
BRDA:621,1,5,0
BRDA:621,1,6,228
BRDA:623,0,2,-
BRDA:623,0,3,-
BRDA:624,4294967295,2,-
BRDA:624,4294967295,3,-
BRDA:626,4294967295,1,-
BRDA:626,4294967295,2,-
BRDA:631,0,1,284
BRDA:631,0,2,0
BRDA:631,1,3,284
BRDA:631,1,4,0
BRDA:633,0,1,284
BRDA:633,0,2,0
BRDA:637,0,2,-
BRDA:637,0,3,-
BRDA:637,1,6,-
BRDA:637,1,7,-
BRDA:637,2,10,-
BRDA:637,2,11,-
BRDA:645,0,1,-
BRDA:645,0,2,-
BRDA:645,1,4,-
BRDA:645,1,5,-
BRDA:645,4,6,-
BRDA:645,4,7,-
BRDA:647,0,1,-
BRDA:647,0,2,-
BRDA:647,1,5,-
BRDA:647,1,6,-
BRDA:650,0,2,-
BRDA:650,0,3,-
BRDA:651,0,1,-
BRDA:651,0,2,-
BRDA:653,0,2,-
BRDA:653,0,3,-
BRDA:655,0,2,-
BRDA:655,0,3,-
BRDA:655,0,5,-
BRDA:655,0,6,-
BRDA:658,0,2,-
BRDA:658,0,3,-
BRDA:659,0,1,-
BRDA:659,0,2,-
BRDA:661,0,2,-
BRDA:661,0,3,-
BRDA:663,0,2,-
BRDA:663,0,3,-
BRDA:663,0,5,-
BRDA:663,0,6,-
BRDA:667,0,2,-
BRDA:667,0,3,-
BRDA:667,1,6,-
BRDA:667,1,7,-
BRDA:667,2,10,-
BRDA:667,2,11,-
BRDA:673,4294967295,1,-
BRDA:673,4294967295,2,-
BRDA:677,3,1,1
BRDA:677,3,2,0
BRDA:677,4,3,1
BRDA:677,4,4,0
BRF:570
BRH:183
DA:27,213
DA:31,213
DA:33,213
DA:36,0
DA:37,0
DA:39,0
DA:40,0
DA:42,151
DA:43,151
DA:46,62
DA:47,62
DA:49,213
DA:50,3
DA:53,3
DA:55,3
DA:57,310
DA:63,310
DA:64,310
DA:65,310
DA:66,992
DA:69,1294
DA:72,3284
DA:73,1642
DA:76,1030
DA:78,851
DA:79,851
DA:80,851
DA:82,86
DA:83,86
DA:87,765
DA:90,70
DA:91,70
DA:93,695
DA:95,781
DA:97,169
DA:101,612
DA:103,781
DA:105,1562
DA:106,2067
DA:108,2572
DA:110,1286
DA:112,1286
DA:115,781
DA:118,682
DA:120,70
DA:122,682
DA:124,807
DA:126,497
DA:128,310
DA:131,56
DA:135,56
DA:137,0
DA:138,0
DA:140,112
DA:141,56
DA:143,0
DA:144,0
DA:145,0
DA:147,112
DA:148,56
DA:150,0
DA:152,0
DA:153,0
DA:158,112
DA:159,56
DA:164,100
DA:167,112
DA:168,56
DA:169,56
DA:171,112
DA:175,56
DA:178,187
DA:182,187
DA:183,187
DA:186,187
DA:189,187
DA:194,187
DA:196,0
DA:197,0
DA:199,374
DA:200,187
DA:202,0
DA:204,0
DA:205,0
DA:207,374
DA:208,187
DA:210,0
DA:212,0
DA:213,0
DA:216,374
DA:217,187
DA:219,423
DA:221,46
DA:223,138
DA:227,0
DA:229,0
DA:231,0
DA:232,0
DA:234,374
DA:235,187
DA:237,187
DA:239,187
DA:242,0
DA:246,0
DA:247,0
DA:248,0
DA:251,0
DA:256,0
DA:259,0
DA:264,0
DA:266,0
DA:267,0
DA:269,0
DA:271,0
DA:272,0
DA:274,0
DA:275,0
DA:278,0
DA:279,0
DA:281,0
DA:282,0
DA:283,0
DA:285,0
DA:286,0
DA:288,0
DA:289,0
DA:290,0
DA:293,0
DA:294,0
DA:295,0
DA:297,0
DA:300,0
DA:301,0
DA:305,70
DA:310,140
DA:313,35
DA:320,35
DA:322,0
DA:323,0
DA:325,70
DA:326,35
DA:328,0
DA:330,0
DA:331,0
DA:333,70
DA:334,35
DA:336,0
DA:338,0
DA:339,0
DA:342,35
DA:343,35
DA:346,0
DA:347,0
DA:349,0
DA:351,0
DA:352,0
DA:353,0
DA:355,0
DA:357,0
DA:360,0
DA:361,0
DA:365,0
DA:367,0
DA:369,0
DA:373,0
DA:378,0
DA:380,0
DA:384,0
DA:387,0
DA:389,0
DA:391,0
DA:393,35
DA:395,12
DA:397,8
DA:401,12
DA:406,23
DA:408,19
DA:412,4
DA:416,70
DA:417,70
DA:418,70
DA:420,35
DA:423,35
DA:425,35
DA:428,3
DA:431,3
DA:433,0
DA:434,0
DA:436,6
DA:437,3
DA:439,0
DA:440,0
DA:444,9
DA:446,3
DA:448,3
DA:449,3
DA:450,3
DA:451,3
DA:452,3
DA:453,3
DA:454,3
DA:455,3
DA:456,3
DA:457,3
DA:458,3
DA:459,3
DA:460,3
DA:461,3
DA:463,6
DA:464,6
DA:466,6
DA:468,3
DA:470,3
DA:471,3
DA:472,3
DA:473,3
DA:474,3
DA:475,3
DA:476,3
DA:478,3
DA:480,3
DA:481,3
DA:482,3
DA:483,3
DA:484,3
DA:485,3
DA:488,3
DA:489,3
DA:490,3
DA:491,3
DA:493,0
DA:497,3
DA:499,3
DA:500,3
DA:501,3
DA:503,3
DA:504,3
DA:505,3
DA:506,3
DA:508,6
DA:509,3
DA:510,3
DA:511,3
DA:512,3
DA:513,3
DA:514,3
DA:515,3
DA:517,6
DA:518,3
DA:520,0
DA:521,0
DA:522,0
DA:525,3
DA:526,3
DA:527,3
DA:528,3
DA:530,0
DA:534,3
DA:536,3
DA:537,3
DA:538,3
DA:540,3
DA:541,3
DA:542,3
DA:543,3
DA:545,6
DA:546,3
DA:547,3
DA:548,3
DA:549,3
DA:550,3
DA:551,3
DA:552,3
DA:554,6
DA:555,3
DA:557,0
DA:558,0
DA:559,0
DA:562,6
DA:566,3
DA:568,6
DA:572,3
DA:574,3
DA:577,284
DA:583,284
DA:585,0
DA:586,0
DA:589,568
DA:590,284
DA:591,284
DA:592,284
DA:593,284
DA:594,284
DA:595,284
DA:596,284
DA:598,284
DA:599,284
DA:601,284
DA:604,228
DA:605,228
DA:607,0
DA:609,0
DA:610,0
DA:611,0
DA:613,228
DA:615,0
DA:616,0
DA:617,0
DA:618,0
DA:619,0
DA:621,228
DA:623,0
DA:624,0
DA:625,0
DA:626,0
DA:627,0
DA:631,284
DA:633,284
DA:637,0
DA:638,0
DA:642,0
DA:645,0
DA:647,0
DA:648,0
DA:650,0
DA:651,0
DA:653,0
DA:655,0
DA:656,0
DA:658,0
DA:659,0
DA:661,0
DA:663,0
DA:664,0
DA:667,0
DA:669,0
DA:673,0
DA:677,4
LF:338
LH:208
end_of_record
