TN:
SF:/home/runner/work/ad-rss-lib/ad-rss-lib/ad_rss_map_integration/impl/include/ad/rss/map/RssObjectData.hpp
FN:34,_ZN2ad3rss3map13RssObjectDataC2Ev
FN:34,_ZN2ad3rss3map13RssObjectDataC2ERKS2_
FN:34,_ZN2ad3rss3map13RssObjectDataD2Ev
FNDA:2,_ZN2ad3rss3map13RssObjectDataC2ERKS2_
FNDA:0,_ZN2ad3rss3map13RssObjectDataD2Ev
FNDA:0,_ZN2ad3rss3map13RssObjectDataC2Ev
FNF:3
FNH:1
DA:34,4
LF:1
LH:1
end_of_record
SF:/home/runner/work/ad-rss-lib/ad-rss-lib/ad_rss_map_integration/impl/include/ad/rss/map/RssSceneCreation.hpp
FN:53,_ZN2ad3rss3map16RssSceneCreationD2Ev
FNDA:0,_ZN2ad3rss3map16RssSceneCreationD2Ev
FNF:1
FNH:0
DA:53,0
LF:1
LH:0
end_of_record
SF:/home/runner/work/ad-rss-lib/ad-rss-lib/ad_rss_map_integration/impl/tests/RssSceneCreationTest.hpp
FN:25,_ZN20RssSceneCreationTestD2Ev
FN:25,_ZN20RssSceneCreationTestC2Ev
FN:25,_ZN20RssSceneCreationTestD0Ev
FN:47,_ZN20RssSceneCreationTest23getUnstructuredSettingsEv
FN:58,_ZN20RssSceneCreationTest21getEgoVehicleDynamicsEN2ad7physics5SpeedE
FN:111,_ZN20RssSceneCreationTest7initMapEv
FN:145,_ZN20RssSceneCreationTest5SetUpEv
FN:153,_ZN20RssSceneCreationTest8TearDownEv
FN:157,_ZN20RssSceneCreationTest19initializeObjectGeoERKSt5tupleIJN2ad3map5point9LongitudeENS3_8LatitudeEdEERNS2_5match6ObjectE
FN:166,_ZN20RssSceneCreationTest19initializeObjectENUERKN2ad3map5point8ENUPointERKNS2_10ENUHeadingERNS1_5match6ObjectE
FN:303,_ZN26RssSceneCreationTestTown01D0Ev
FN:303,_ZN26RssSceneCreationTestTown01D2Ev
FN:303,_ZN26RssSceneCreationTestTown01C2Ev
FN:305,_ZN26RssSceneCreationTestTown0112getMapToLoadEv
FN:310,_ZN26RssSceneCreationTestTown0120initializeEgoVehicleEv
FNDA:0,_ZN20RssSceneCreationTestD0Ev
FNDA:0,_ZN20RssSceneCreationTestD2Ev
FNDA:0,_ZN20RssSceneCreationTestC2Ev
FNDA:0,_ZN20RssSceneCreationTest23getUnstructuredSettingsEv
FNDA:0,_ZN20RssSceneCreationTest21getEgoVehicleDynamicsEN2ad7physics5SpeedE
FNDA:0,_ZN20RssSceneCreationTest7initMapEv
FNDA:0,_ZN20RssSceneCreationTest5SetUpEv
FNDA:0,_ZN20RssSceneCreationTest8TearDownEv
FNDA:0,_ZN20RssSceneCreationTest19initializeObjectGeoERKSt5tupleIJN2ad3map5point9LongitudeENS3_8LatitudeEdEERNS2_5match6ObjectE
FNDA:0,_ZN20RssSceneCreationTest19initializeObjectENUERKN2ad3map5point8ENUPointERKNS2_10ENUHeadingERNS1_5match6ObjectE
FNDA:0,_ZN26RssSceneCreationTestTown01D0Ev
FNDA:0,_ZN26RssSceneCreationTestTown01D2Ev
FNDA:0,_ZN26RssSceneCreationTestTown01C2Ev
FNDA:0,_ZN26RssSceneCreationTestTown0112getMapToLoadEv
FNDA:0,_ZN26RssSceneCreationTestTown0120initializeEgoVehicleEv
FNF:15
FNH:0
BRDA:25,3,5,-
BRDA:25,3,6,-
BRDA:116,4294967295,0,-
BRDA:116,4294967295,1,-
BRDA:119,4294967295,0,-
BRDA:119,4294967295,1,-
BRDA:119,4294967295,2,-
BRDA:123,0,2,-
BRDA:123,0,3,-
BRDA:123,1,5,-
BRDA:123,1,6,-
BRDA:123,2,8,-
BRDA:123,2,9,-
BRDA:123,3,13,-
BRDA:123,3,14,-
BRDA:123,4,16,-
BRDA:123,4,17,-
BRDA:123,5,19,-
BRDA:123,5,20,-
BRDA:123,6,23,-
BRDA:123,6,24,-
BRDA:123,7,26,-
BRDA:123,7,27,-
BRDA:123,10,32,-
BRDA:123,10,33,-
BRDA:127,0,1,-
BRDA:127,0,2,-
BRDA:129,0,4,-
BRDA:129,0,5,-
BRDA:130,4294967295,1,-
BRDA:130,4294967295,2,-
BRDA:130,0,4,-
BRDA:130,0,5,-
BRDA:130,1,7,-
BRDA:130,1,8,-
BRDA:130,2,10,-
BRDA:130,2,11,-
BRDA:130,3,13,-
BRDA:130,3,14,-
BRDA:130,4,17,-
BRDA:130,4,18,-
BRDA:130,5,20,-
BRDA:130,5,21,-
BRDA:130,8,26,-
BRDA:130,8,27,-
BRDA:132,2,1,-
BRDA:132,2,2,-
BRDA:132,5,4,-
BRDA:132,5,5,-
BRDA:136,0,1,-
BRDA:136,0,2,-
BRDA:136,1,4,-
BRDA:136,1,5,-
BRDA:136,2,7,-
BRDA:136,2,8,-
BRDA:136,3,10,-
BRDA:136,3,11,-
BRDA:136,4,14,-
BRDA:136,4,15,-
BRDA:136,5,17,-
BRDA:136,5,18,-
BRDA:136,8,23,-
BRDA:136,8,24,-
BRDA:161,4294967295,2,-
BRDA:161,4294967295,3,-
BRDA:163,4294967295,1,-
BRDA:163,4294967295,2,-
BRDA:163,0,4,-
BRDA:163,0,5,-
BRDA:175,4294967295,1,-
BRDA:175,4294967295,2,-
BRDA:177,0,1,-
BRDA:177,0,2,-
BRDA:179,0,2,-
BRDA:179,0,3,-
BRDA:181,4294967295,2,-
BRDA:181,4294967295,3,-
BRDA:181,0,5,-
BRDA:181,0,6,-
BRDA:181,1,8,-
BRDA:181,1,9,-
BRDA:181,2,11,-
BRDA:181,2,12,-
BRDA:181,3,14,-
BRDA:181,3,15,-
BRDA:181,4,17,-
BRDA:181,4,18,-
BRDA:181,7,22,-
BRDA:181,7,23,-
BRDA:183,0,3,-
BRDA:183,0,4,-
BRDA:183,2,6,-
BRDA:183,2,7,-
BRDA:183,3,9,-
BRDA:183,3,10,-
BRDA:183,4,12,-
BRDA:183,4,13,-
BRDA:183,5,15,-
BRDA:183,5,16,-
BRDA:183,6,18,-
BRDA:183,6,19,-
BRDA:183,9,23,-
BRDA:183,9,24,-
BRDA:183,13,26,-
BRDA:183,13,27,-
BRDA:303,3,3,-
BRDA:303,3,4,-
BRDA:316,4294967295,1,-
BRDA:316,4294967295,2,-
BRDA:327,4294967295,1,-
BRDA:327,4294967295,2,-
BRF:111
BRH:0
DA:25,0
DA:47,0
DA:49,0
DA:50,0
DA:51,0
DA:52,0
DA:53,0
DA:54,0
DA:55,0
DA:58,0
DA:61,0
DA:62,0
DA:63,0
DA:65,0
DA:66,0
DA:67,0
DA:68,0
DA:70,0
DA:72,0
DA:73,0
DA:75,0
DA:77,0
DA:111,0
DA:115,0
DA:116,0
DA:118,0
DA:119,0
DA:123,0
DA:124,0
DA:127,0
DA:129,0
DA:130,0
DA:132,0
DA:136,0
DA:137,0
DA:139,0
DA:145,0
DA:149,0
DA:150,0
DA:151,0
DA:153,0
DA:155,0
DA:157,0
DA:159,0
DA:160,0
DA:161,0
DA:162,0
DA:163,0
DA:164,0
DA:166,0
DA:170,0
DA:171,0
DA:172,0
DA:173,0
DA:174,0
DA:175,0
DA:177,0
DA:179,0
DA:181,0
DA:183,0
DA:303,0
DA:305,0
DA:307,0
DA:310,0
DA:314,0
DA:316,0
DA:318,0
DA:319,0
DA:320,0
DA:325,0
DA:327,0
DA:329,0
DA:331,0
DA:332,0
LF:74
LH:0
end_of_record
SF:/home/runner/work/ad-rss-lib/ad-rss-lib/ad_rss_map_integration/impl/tests/RssSceneCreationTests.cpp
FN:11,_ZN34RssSceneCreationTestRoadBoundariesD0Ev
FN:11,_ZN34RssSceneCreationTestRoadBoundariesC2Ev
FN:11,_ZN34RssSceneCreationTestRoadBoundariesD2Ev
FN:13,_ZN34RssSceneCreationTestRoadBoundaries11getTestModeEv
FN:19,_ZN64RssSceneCreationTestRoadBoundaries_testAppendRoadBoundaries_Test8TestBodyEv
FN:19,_ZN64RssSceneCreationTestRoadBoundaries_testAppendRoadBoundaries_TestC2Ev
FN:19,_ZN64RssSceneCreationTestRoadBoundaries_testAppendRoadBoundaries_TestD2Ev
FN:19,_ZN64RssSceneCreationTestRoadBoundaries_testAppendRoadBoundaries_TestD0Ev
FN:112,_Z41__static_initialization_and_destruction_0ii
FN:112,_GLOBAL__sub_I__ZN64RssSceneCreationTestRoadBoundaries_testAppendRoadBoundaries_Test10test_info_E
FNDA:0,_ZN34RssSceneCreationTestRoadBoundariesD0Ev
FNDA:1,_ZN34RssSceneCreationTestRoadBoundariesD2Ev
FNDA:1,_ZN34RssSceneCreationTestRoadBoundariesC2Ev
FNDA:0,_ZN34RssSceneCreationTestRoadBoundaries11getTestModeEv
FNDA:1,_ZN64RssSceneCreationTestRoadBoundaries_testAppendRoadBoundaries_TestD0Ev
FNDA:1,_ZN64RssSceneCreationTestRoadBoundaries_testAppendRoadBoundaries_TestD2Ev
FNDA:1,_ZN64RssSceneCreationTestRoadBoundaries_testAppendRoadBoundaries_Test8TestBodyEv
FNDA:1,_ZN64RssSceneCreationTestRoadBoundaries_testAppendRoadBoundaries_TestC2Ev
FNDA:1,_GLOBAL__sub_I__ZN64RssSceneCreationTestRoadBoundaries_testAppendRoadBoundaries_Test10test_info_E
FNDA:1,_Z41__static_initialization_and_destruction_0ii
FNF:10
FNH:8
BRDA:11,3,3,0
BRDA:11,3,4,1
BRDA:19,3,7,0
BRDA:19,3,8,1
BRDA:21,0,3,1
BRDA:21,0,4,0
BRDA:26,4294967295,1,1
BRDA:26,4294967295,2,0
BRDA:32,0,0,3
BRDA:32,0,1,1
BRDA:36,0,1,3
BRDA:36,0,2,0
BRDA:36,1,4,3
BRDA:36,1,5,0
BRDA:36,2,7,0
BRDA:36,2,8,3
BRDA:36,3,10,-
BRDA:36,3,11,-
BRDA:36,4,13,-
BRDA:36,4,14,-
BRDA:36,5,17,-
BRDA:36,5,18,-
BRDA:36,6,20,-
BRDA:36,6,21,-
BRDA:38,0,2,1
BRDA:38,0,3,0
BRDA:38,1,5,0
BRDA:38,1,6,1
BRDA:38,2,8,-
BRDA:38,2,9,-
BRDA:38,3,11,-
BRDA:38,3,12,-
BRDA:38,4,14,-
BRDA:38,4,15,-
BRDA:38,5,17,-
BRDA:38,5,18,-
BRDA:40,4294967295,1,1
BRDA:40,4294967295,2,0
BRDA:43,4294967295,1,1
BRDA:43,4294967295,2,0
BRDA:43,0,4,1
BRDA:43,0,5,0
BRDA:43,1,7,0
BRDA:43,1,8,1
BRDA:43,2,10,-
BRDA:43,2,11,-
BRDA:43,3,13,-
BRDA:43,3,14,-
BRDA:43,4,17,-
BRDA:43,4,18,-
BRDA:44,0,1,-
BRDA:44,0,2,-
BRDA:47,4294967295,1,1
BRDA:47,4294967295,2,0
BRDA:49,4294967295,1,1
BRDA:49,4294967295,2,0
BRDA:49,0,4,1
BRDA:49,0,5,0
BRDA:49,1,7,0
BRDA:49,1,8,1
BRDA:49,2,10,-
BRDA:49,2,11,-
BRDA:49,3,13,-
BRDA:49,3,14,-
BRDA:49,4,17,-
BRDA:49,4,18,-
BRDA:50,0,1,-
BRDA:50,0,2,-
BRDA:53,4294967295,2,1
BRDA:53,4294967295,3,0
BRDA:53,0,5,1
BRDA:53,0,6,0
BRDA:53,1,9,0
BRDA:53,1,10,1
BRDA:53,2,12,-
BRDA:53,2,13,-
BRDA:53,3,15,-
BRDA:53,3,16,-
BRDA:53,4,19,-
BRDA:53,4,20,-
BRDA:56,0,1,-
BRDA:56,0,2,-
BRDA:58,4294967295,2,1
BRDA:58,4294967295,3,0
BRDA:58,0,5,0
BRDA:58,0,6,1
BRDA:58,1,8,-
BRDA:58,1,9,-
BRDA:58,2,11,-
BRDA:58,2,12,-
BRDA:58,3,14,-
BRDA:58,3,15,-
BRDA:58,4,17,-
BRDA:58,4,18,-
BRDA:60,0,1,6
BRDA:60,0,2,1
BRDA:63,4294967295,1,6
BRDA:63,4294967295,2,0
BRDA:63,0,4,0
BRDA:63,0,5,6
BRDA:63,1,7,-
BRDA:63,1,8,-
BRDA:63,2,10,-
BRDA:63,2,11,-
BRDA:63,3,13,-
BRDA:63,3,14,-
BRDA:63,4,16,-
BRDA:63,4,17,-
BRDA:64,4294967295,0,5
BRDA:64,4294967295,1,1
BRDA:67,0,0,4
BRDA:67,0,1,1
BRDA:70,0,0,3
BRDA:70,0,1,1
BRDA:75,0,2,3
BRDA:75,0,3,0
BRDA:75,1,5,0
BRDA:75,1,6,3
BRDA:75,2,8,-
BRDA:75,2,9,-
BRDA:75,3,11,-
BRDA:75,3,12,-
BRDA:75,4,14,-
BRDA:75,4,15,-
BRDA:75,5,17,-
BRDA:75,5,18,-
BRDA:79,0,1,6
BRDA:79,0,2,0
BRDA:79,1,4,0
BRDA:79,1,5,6
BRDA:79,2,7,-
BRDA:79,2,8,-
BRDA:79,3,10,-
BRDA:79,3,11,-
BRDA:79,4,13,-
BRDA:79,4,14,-
BRDA:79,5,16,-
BRDA:79,5,17,-
BRDA:81,4294967295,1,6
BRDA:81,4294967295,2,0
BRDA:81,0,4,6
BRDA:81,0,5,0
BRDA:81,1,7,0
BRDA:81,1,8,6
BRDA:81,2,10,-
BRDA:81,2,11,-
BRDA:81,3,13,-
BRDA:81,3,14,-
BRDA:81,4,17,-
BRDA:81,4,18,-
BRDA:81,5,20,-
BRDA:81,5,21,-
BRDA:82,4294967295,2,6
BRDA:82,4294967295,3,0
BRDA:82,0,5,0
BRDA:82,0,6,6
BRDA:82,1,8,-
BRDA:82,1,9,-
BRDA:82,2,11,-
BRDA:82,2,12,-
BRDA:82,3,14,-
BRDA:82,3,15,-
BRDA:82,4,17,-
BRDA:82,4,18,-
BRDA:83,4294967295,2,6
BRDA:83,4294967295,3,0
BRDA:83,0,5,0
BRDA:83,0,6,6
BRDA:83,1,8,-
BRDA:83,1,9,-
BRDA:83,2,11,-
BRDA:83,2,12,-
BRDA:83,3,14,-
BRDA:83,3,15,-
BRDA:83,4,17,-
BRDA:83,4,18,-
BRDA:84,4294967295,2,6
BRDA:84,4294967295,3,0
BRDA:84,0,5,0
BRDA:84,0,6,6
BRDA:84,1,8,-
BRDA:84,1,9,-
BRDA:84,2,11,-
BRDA:84,2,12,-
BRDA:84,3,14,-
BRDA:84,3,15,-
BRDA:84,4,17,-
BRDA:84,4,18,-
BRDA:85,4294967295,2,6
BRDA:85,4294967295,3,0
BRDA:85,0,5,0
BRDA:85,0,6,6
BRDA:85,1,8,-
BRDA:85,1,9,-
BRDA:85,2,11,-
BRDA:85,2,12,-
BRDA:85,3,14,-
BRDA:85,3,15,-
BRDA:85,4,17,-
BRDA:85,4,18,-
BRDA:86,4294967295,2,6
BRDA:86,4294967295,3,0
BRDA:86,0,5,0
BRDA:86,0,6,6
BRDA:86,1,8,-
BRDA:86,1,9,-
BRDA:86,2,11,-
BRDA:86,2,12,-
BRDA:86,3,14,-
BRDA:86,3,15,-
BRDA:86,4,17,-
BRDA:86,4,18,-
BRDA:87,4294967295,2,6
BRDA:87,4294967295,3,0
BRDA:87,0,5,0
BRDA:87,0,6,6
BRDA:87,1,8,-
BRDA:87,1,9,-
BRDA:87,2,11,-
BRDA:87,2,12,-
BRDA:87,3,14,-
BRDA:87,3,15,-
BRDA:87,4,17,-
BRDA:87,4,18,-
BRDA:88,4294967295,2,6
BRDA:88,4294967295,3,0
BRDA:88,0,5,0
BRDA:88,0,6,6
BRDA:88,1,8,-
BRDA:88,1,9,-
BRDA:88,2,11,-
BRDA:88,2,12,-
BRDA:88,3,14,-
BRDA:88,3,15,-
BRDA:88,4,17,-
BRDA:88,4,18,-
BRDA:89,4294967295,2,6
BRDA:89,4294967295,3,0
BRDA:89,0,5,0
BRDA:89,0,6,6
BRDA:89,1,8,-
BRDA:89,1,9,-
BRDA:89,2,11,-
BRDA:89,2,12,-
BRDA:89,3,14,-
BRDA:89,3,15,-
BRDA:89,4,17,-
BRDA:89,4,18,-
BRDA:91,4294967295,2,6
BRDA:91,4294967295,3,0
BRDA:91,0,5,0
BRDA:91,0,6,6
BRDA:91,1,8,-
BRDA:91,1,9,-
BRDA:91,2,11,-
BRDA:91,2,12,-
BRDA:91,3,14,-
BRDA:91,3,15,-
BRDA:91,4,17,-
BRDA:91,4,18,-
BRDA:92,4294967295,2,6
BRDA:92,4294967295,3,0
BRDA:92,0,5,0
BRDA:92,0,6,6
BRDA:92,1,8,-
BRDA:92,1,9,-
BRDA:92,2,11,-
BRDA:92,2,12,-
BRDA:92,3,14,-
BRDA:92,3,15,-
BRDA:92,4,17,-
BRDA:92,4,18,-
BRDA:93,4294967295,2,6
BRDA:93,4294967295,3,0
BRDA:93,0,5,0
BRDA:93,0,6,6
BRDA:93,1,8,-
BRDA:93,1,9,-
BRDA:93,2,11,-
BRDA:93,2,12,-
BRDA:93,3,14,-
BRDA:93,3,15,-
BRDA:93,4,17,-
BRDA:93,4,18,-
BRDA:94,4294967295,2,6
BRDA:94,4294967295,3,0
BRDA:94,0,5,0
BRDA:94,0,6,6
BRDA:94,1,8,-
BRDA:94,1,9,-
BRDA:94,2,11,-
BRDA:94,2,12,-
BRDA:94,3,14,-
BRDA:94,3,15,-
BRDA:94,4,17,-
BRDA:94,4,18,-
BRDA:96,4294967295,0,3
BRDA:96,4294967295,1,3
BRDA:99,0,2,3
BRDA:99,0,3,0
BRDA:99,1,5,0
BRDA:99,1,6,3
BRDA:99,2,8,-
BRDA:99,2,9,-
BRDA:99,3,11,-
BRDA:99,3,12,-
BRDA:99,4,14,-
BRDA:99,4,15,-
BRDA:99,5,17,-
BRDA:99,5,18,-
BRDA:104,0,2,3
BRDA:104,0,3,0
BRDA:104,1,5,0
BRDA:104,1,6,3
BRDA:104,2,8,-
BRDA:104,2,9,-
BRDA:104,3,11,-
BRDA:104,3,12,-
BRDA:104,4,14,-
BRDA:104,4,15,-
BRDA:104,5,17,-
BRDA:104,5,18,-
BRDA:107,0,1,6
BRDA:107,0,2,0
BRDA:107,1,4,6
BRDA:107,1,5,0
BRDA:107,2,7,0
BRDA:107,2,8,6
BRDA:107,3,10,-
BRDA:107,3,11,-
BRDA:107,4,13,-
BRDA:107,4,14,-
BRDA:107,5,17,-
BRDA:107,5,18,-
BRDA:107,6,20,-
BRDA:107,6,21,-
BRDA:110,0,1,1
BRDA:110,0,2,0
BRDA:111,0,1,1
BRDA:111,0,2,0
BRDA:111,1,4,1
BRDA:111,1,5,0
BRDA:111,2,7,0
BRDA:111,2,8,1
BRDA:111,3,10,-
BRDA:111,3,11,-
BRDA:111,4,13,-
BRDA:111,4,14,-
BRDA:111,5,17,-
BRDA:111,5,18,-
BRDA:111,6,20,-
BRDA:111,6,21,-
BRDA:112,3,1,1
BRDA:112,3,2,0
BRDA:112,4,3,1
BRDA:112,4,4,0
BRF:356
BRH:80
DA:11,4
DA:13,0
DA:15,0
DA:19,8
DA:21,2
DA:23,2
DA:24,1
DA:25,1
DA:26,1
DA:27,1
DA:28,1
DA:29,1
DA:30,1
DA:32,4
DA:34,1
DA:36,3
DA:38,1
DA:40,2
DA:41,1
DA:43,1
DA:44,0
DA:47,2
DA:48,1
DA:49,1
DA:50,0
DA:53,1
DA:56,0
DA:58,1
DA:60,7
DA:62,6
DA:63,6
DA:64,6
DA:67,5
DA:70,4
DA:75,3
DA:79,6
DA:81,6
DA:82,6
DA:83,6
DA:84,6
DA:85,6
DA:86,6
DA:87,6
DA:88,6
DA:89,6
DA:91,6
DA:92,6
DA:93,6
DA:94,6
DA:96,6
DA:99,3
DA:104,3
DA:107,6
DA:110,2
DA:111,1
DA:112,5
LF:56
LH:51
end_of_record
TN:
SF:/home/runner/work/ad-rss-lib/ad-rss-lib/ad_rss_map_integration/impl/include/ad/rss/map/RssObjectData.hpp
FN:34,_ZN2ad3rss3map13RssObjectDataC2Ev
FN:34,_ZN2ad3rss3map13RssObjectDataD2Ev
FNDA:0,_ZN2ad3rss3map13RssObjectDataD2Ev
FNDA:0,_ZN2ad3rss3map13RssObjectDataC2Ev
FNF:2
FNH:0
DA:34,0
LF:1
LH:0
end_of_record
SF:/home/runner/work/ad-rss-lib/ad-rss-lib/ad_rss_map_integration/impl/include/ad/rss/map/RssSceneCreation.hpp
FN:53,_ZN2ad3rss3map16RssSceneCreationD2Ev
FNDA:0,_ZN2ad3rss3map16RssSceneCreationD2Ev
FNF:1
FNH:0
DA:53,0
LF:1
LH:0
end_of_record
SF:/home/runner/work/ad-rss-lib/ad-rss-lib/ad_rss_map_integration/impl/tests/RssSceneCreationTest.hpp
FN:25,_ZN20RssSceneCreationTestD2Ev
FN:25,_ZN20RssSceneCreationTestC2Ev
FN:25,_ZN20RssSceneCreationTestD0Ev
FN:47,_ZN20RssSceneCreationTest23getUnstructuredSettingsEv
FN:58,_ZN20RssSceneCreationTest21getEgoVehicleDynamicsEN2ad7physics5SpeedE
FN:80,_ZN20RssSceneCreationTest24getObjectVehicleDynamicsEN2ad7physics5SpeedE
FN:111,_ZN20RssSceneCreationTest7initMapEv
FN:145,_ZN20RssSceneCreationTest5SetUpEv
FN:153,_ZN20RssSceneCreationTest8TearDownEv
FN:157,_ZN20RssSceneCreationTest19initializeObjectGeoERKSt5tupleIJN2ad3map5point9LongitudeENS3_8LatitudeEdEERNS2_5match6ObjectE
FN:166,_ZN20RssSceneCreationTest19initializeObjectENUERKN2ad3map5point8ENUPointERKNS2_10ENUHeadingERNS1_5match6ObjectE
FN:189,_ZN20RssSceneCreationTest17checkSceneResultsERKN2ad3rss5world10WorldModelERKmRKSt6vectorISt5tupleIJNS1_9situation13SituationTypeEmmNS0_7physics5SpeedEEESaISE_EE
FN:206,_ZZN20RssSceneCreationTest17checkSceneResultsERKN2ad3rss5world10WorldModelERKmRKSt6vectorISt5tupleIJNS1_9situation13SituationTypeEmmNS0_7physics5SpeedEEESaISE_EEENKUlRKSE_E_clESK_
FN:206,_ZZN20RssSceneCreationTest17checkSceneResultsERKN2ad3rss5world10WorldModelERKmRKSt6vectorISt5tupleIJNS1_9situation13SituationTypeEmmNS0_7physics5SpeedEEESaISE_EEENUlRKSE_E_D2Ev
FN:206,_ZZN20RssSceneCreationTest17checkSceneResultsERKN2ad3rss5world10WorldModelERKmRKSt6vectorISt5tupleIJNS1_9situation13SituationTypeEmmNS0_7physics5SpeedEEESaISE_EEENUlRKSE_E_C2ERKSL_
FN:227,_ZN20RssSceneCreationTest15shortenEgoRouteERKSt5tupleIJN2ad3map5point9LongitudeENS3_8LatitudeEdEE
FN:240,_ZN20RssSceneCreationTest16performSceneTestERKSt5tupleIJN2ad3map5point9LongitudeENS3_8LatitudeEdEES8_RKSt6vectorIS0_IJNS1_3rss9situation13SituationTypeEmmNS1_7physics5SpeedEEESaISF_EE
FN:303,_ZN26RssSceneCreationTestTown01C2Ev
FN:303,_ZN26RssSceneCreationTestTown01D2Ev
FN:303,_ZN26RssSceneCreationTestTown01D0Ev
FN:305,_ZN26RssSceneCreationTestTown0112getMapToLoadEv
FN:310,_ZN26RssSceneCreationTestTown0120initializeEgoVehicleEv
FN:351,_ZN26RssSceneCreationTestTown0121locationSouthIncomingEv
FN:358,_ZN26RssSceneCreationTestTown0121locationSouthEnteringEv
FN:364,_ZN26RssSceneCreationTestTown0118locationSouth2EastEv
FN:370,_ZN26RssSceneCreationTestTown0119locationEastExitingEv
FN:376,_ZN26RssSceneCreationTestTown0120locationEastOutgoingEv
FN:421,_ZN26RssSceneCreationTestTown0121locationNorthIncomingEv
FN:427,_ZN26RssSceneCreationTestTown0121locationNorthEnteringEv
FN:433,_ZN26RssSceneCreationTestTown0118locationNorth2EastEv
FN:466,_ZN29RssSceneCreationTestWithRouteD2Ev
FN:466,_ZN29RssSceneCreationTestWithRouteD0Ev
FN:466,_ZN29RssSceneCreationTestWithRouteC2Ev
FN:468,_ZN29RssSceneCreationTestWithRoute11getTestModeEv
FN:474,_ZN32RssSceneCreationTestWithoutRouteC2Ev
FN:474,_ZN32RssSceneCreationTestWithoutRouteD2Ev
FN:474,_ZN32RssSceneCreationTestWithoutRouteD0Ev
FN:476,_ZN32RssSceneCreationTestWithoutRoute11getTestModeEv
FNDA:0,_ZN20RssSceneCreationTestD0Ev
FNDA:0,_ZN20RssSceneCreationTestD2Ev
FNDA:0,_ZN20RssSceneCreationTestC2Ev
FNDA:0,_ZN20RssSceneCreationTest23getUnstructuredSettingsEv
FNDA:0,_ZN20RssSceneCreationTest21getEgoVehicleDynamicsEN2ad7physics5SpeedE
FNDA:0,_ZN20RssSceneCreationTest24getObjectVehicleDynamicsEN2ad7physics5SpeedE
FNDA:0,_ZN20RssSceneCreationTest7initMapEv
FNDA:0,_ZN20RssSceneCreationTest5SetUpEv
FNDA:0,_ZN20RssSceneCreationTest8TearDownEv
FNDA:0,_ZN20RssSceneCreationTest19initializeObjectGeoERKSt5tupleIJN2ad3map5point9LongitudeENS3_8LatitudeEdEERNS2_5match6ObjectE
FNDA:0,_ZN20RssSceneCreationTest19initializeObjectENUERKN2ad3map5point8ENUPointERKNS2_10ENUHeadingERNS1_5match6ObjectE
FNDA:0,_ZN20RssSceneCreationTest17checkSceneResultsERKN2ad3rss5world10WorldModelERKmRKSt6vectorISt5tupleIJNS1_9situation13SituationTypeEmmNS0_7physics5SpeedEEESaISE_EE
FNDA:0,_ZZN20RssSceneCreationTest17checkSceneResultsERKN2ad3rss5world10WorldModelERKmRKSt6vectorISt5tupleIJNS1_9situation13SituationTypeEmmNS0_7physics5SpeedEEESaISE_EEENUlRKSE_E_C2ERKSL_
FNDA:0,_ZZN20RssSceneCreationTest17checkSceneResultsERKN2ad3rss5world10WorldModelERKmRKSt6vectorISt5tupleIJNS1_9situation13SituationTypeEmmNS0_7physics5SpeedEEESaISE_EEENUlRKSE_E_D2Ev
FNDA:0,_ZZN20RssSceneCreationTest17checkSceneResultsERKN2ad3rss5world10WorldModelERKmRKSt6vectorISt5tupleIJNS1_9situation13SituationTypeEmmNS0_7physics5SpeedEEESaISE_EEENKUlRKSE_E_clESK_
FNDA:0,_ZN20RssSceneCreationTest15shortenEgoRouteERKSt5tupleIJN2ad3map5point9LongitudeENS3_8LatitudeEdEE
FNDA:0,_ZN20RssSceneCreationTest16performSceneTestERKSt5tupleIJN2ad3map5point9LongitudeENS3_8LatitudeEdEES8_RKSt6vectorIS0_IJNS1_3rss9situation13SituationTypeEmmNS1_7physics5SpeedEEESaISF_EE
FNDA:0,_ZN26RssSceneCreationTestTown01D0Ev
FNDA:0,_ZN26RssSceneCreationTestTown01D2Ev
FNDA:0,_ZN26RssSceneCreationTestTown01C2Ev
FNDA:0,_ZN26RssSceneCreationTestTown0112getMapToLoadEv
FNDA:0,_ZN26RssSceneCreationTestTown0120initializeEgoVehicleEv
FNDA:0,_ZN26RssSceneCreationTestTown0121locationSouthIncomingEv
FNDA:0,_ZN26RssSceneCreationTestTown0121locationSouthEnteringEv
FNDA:0,_ZN26RssSceneCreationTestTown0118locationSouth2EastEv
FNDA:0,_ZN26RssSceneCreationTestTown0119locationEastExitingEv
FNDA:0,_ZN26RssSceneCreationTestTown0120locationEastOutgoingEv
FNDA:14,_ZN26RssSceneCreationTestTown0121locationNorthIncomingEv
FNDA:10,_ZN26RssSceneCreationTestTown0121locationNorthEnteringEv
FNDA:5,_ZN26RssSceneCreationTestTown0118locationNorth2EastEv
FNDA:0,_ZN29RssSceneCreationTestWithRouteD0Ev
FNDA:0,_ZN29RssSceneCreationTestWithRouteD2Ev
FNDA:0,_ZN29RssSceneCreationTestWithRouteC2Ev
FNDA:0,_ZN29RssSceneCreationTestWithRoute11getTestModeEv
FNDA:0,_ZN32RssSceneCreationTestWithoutRouteD0Ev
FNDA:0,_ZN32RssSceneCreationTestWithoutRouteD2Ev
FNDA:0,_ZN32RssSceneCreationTestWithoutRouteC2Ev
FNDA:0,_ZN32RssSceneCreationTestWithoutRoute11getTestModeEv
FNF:38
FNH:3
BRDA:25,3,5,-
BRDA:25,3,6,-
BRDA:116,4294967295,0,-
BRDA:116,4294967295,1,-
BRDA:119,4294967295,0,-
BRDA:119,4294967295,1,-
BRDA:119,4294967295,2,-
BRDA:123,0,2,-
BRDA:123,0,3,-
BRDA:123,1,5,-
BRDA:123,1,6,-
BRDA:123,2,8,-
BRDA:123,2,9,-
BRDA:123,3,13,-
BRDA:123,3,14,-
BRDA:123,4,16,-
BRDA:123,4,17,-
BRDA:123,5,19,-
BRDA:123,5,20,-
BRDA:123,6,23,-
BRDA:123,6,24,-
BRDA:123,7,26,-
BRDA:123,7,27,-
BRDA:123,10,32,-
BRDA:123,10,33,-
BRDA:127,0,1,-
BRDA:127,0,2,-
BRDA:129,0,4,-
BRDA:129,0,5,-
BRDA:130,4294967295,1,-
BRDA:130,4294967295,2,-
BRDA:130,0,4,-
BRDA:130,0,5,-
BRDA:130,1,7,-
BRDA:130,1,8,-
BRDA:130,2,10,-
BRDA:130,2,11,-
BRDA:130,3,13,-
BRDA:130,3,14,-
BRDA:130,4,17,-
BRDA:130,4,18,-
BRDA:130,5,20,-
BRDA:130,5,21,-
BRDA:130,8,26,-
BRDA:130,8,27,-
BRDA:132,2,1,-
BRDA:132,2,2,-
BRDA:132,5,4,-
BRDA:132,5,5,-
BRDA:136,0,1,-
BRDA:136,0,2,-
BRDA:136,1,4,-
BRDA:136,1,5,-
BRDA:136,2,7,-
BRDA:136,2,8,-
BRDA:136,3,10,-
BRDA:136,3,11,-
BRDA:136,4,14,-
BRDA:136,4,15,-
BRDA:136,5,17,-
BRDA:136,5,18,-
BRDA:136,8,23,-
BRDA:136,8,24,-
BRDA:161,4294967295,2,-
BRDA:161,4294967295,3,-
BRDA:163,4294967295,1,-
BRDA:163,4294967295,2,-
BRDA:163,0,4,-
BRDA:163,0,5,-
BRDA:175,4294967295,1,-
BRDA:175,4294967295,2,-
BRDA:177,0,1,-
BRDA:177,0,2,-
BRDA:179,0,2,-
BRDA:179,0,3,-
BRDA:181,4294967295,2,-
BRDA:181,4294967295,3,-
BRDA:181,0,5,-
BRDA:181,0,6,-
BRDA:181,1,8,-
BRDA:181,1,9,-
BRDA:181,2,11,-
BRDA:181,2,12,-
BRDA:181,3,14,-
BRDA:181,3,15,-
BRDA:181,4,17,-
BRDA:181,4,18,-
BRDA:181,7,22,-
BRDA:181,7,23,-
BRDA:183,0,3,-
BRDA:183,0,4,-
BRDA:183,2,6,-
BRDA:183,2,7,-
BRDA:183,3,9,-
BRDA:183,3,10,-
BRDA:183,4,12,-
BRDA:183,4,13,-
BRDA:183,5,15,-
BRDA:183,5,16,-
BRDA:183,6,18,-
BRDA:183,6,19,-
BRDA:183,9,23,-
BRDA:183,9,24,-
BRDA:183,13,26,-
BRDA:183,13,27,-
BRDA:193,0,1,-
BRDA:193,0,2,-
BRDA:193,1,4,-
BRDA:193,1,5,-
BRDA:193,2,7,-
BRDA:193,2,8,-
BRDA:193,3,10,-
BRDA:193,3,11,-
BRDA:193,4,13,-
BRDA:193,4,14,-
BRDA:193,5,17,-
BRDA:193,5,18,-
BRDA:193,6,20,-
BRDA:193,6,21,-
BRDA:194,4294967295,3,-
BRDA:194,4294967295,4,-
BRDA:194,0,6,-
BRDA:194,0,7,-
BRDA:194,1,9,-
BRDA:194,1,10,-
BRDA:194,2,12,-
BRDA:194,2,13,-
BRDA:194,3,15,-
BRDA:194,3,16,-
BRDA:194,4,18,-
BRDA:194,4,19,-
BRDA:194,7,23,-
BRDA:194,7,24,-
BRDA:196,0,1,-
BRDA:196,0,2,-
BRDA:197,1,1,-
BRDA:197,1,2,-
BRDA:200,4294967295,1,-
BRDA:200,4294967295,2,-
BRDA:200,0,4,-
BRDA:200,0,5,-
BRDA:200,1,7,-
BRDA:200,1,8,-
BRDA:200,2,10,-
BRDA:200,2,11,-
BRDA:200,3,13,-
BRDA:200,3,14,-
BRDA:200,4,16,-
BRDA:200,4,17,-
BRDA:200,5,20,-
BRDA:200,5,21,-
BRDA:200,6,23,-
BRDA:200,6,24,-
BRDA:201,4294967295,1,-
BRDA:201,4294967295,2,-
BRDA:201,0,4,-
BRDA:201,0,5,-
BRDA:201,1,7,-
BRDA:201,1,8,-
BRDA:201,2,10,-
BRDA:201,2,11,-
BRDA:201,3,13,-
BRDA:201,3,14,-
BRDA:201,4,16,-
BRDA:201,4,17,-
BRDA:201,5,19,-
BRDA:201,5,20,-
BRDA:202,4294967295,1,-
BRDA:202,4294967295,2,-
BRDA:202,0,4,-
BRDA:202,0,5,-
BRDA:202,1,7,-
BRDA:202,1,8,-
BRDA:202,2,10,-
BRDA:202,2,11,-
BRDA:202,3,13,-
BRDA:202,3,14,-
BRDA:202,4,16,-
BRDA:202,4,17,-
BRDA:202,5,19,-
BRDA:202,5,20,-
BRDA:208,0,2,-
BRDA:208,0,3,-
BRDA:209,0,2,-
BRDA:209,0,3,-
BRDA:210,4294967295,0,-
BRDA:210,4294967295,1,-
BRDA:210,0,5,-
BRDA:210,0,6,-
BRDA:210,1,7,-
BRDA:210,1,8,-
BRDA:210,4,9,-
BRDA:210,4,10,-
BRDA:210,6,11,-
BRDA:210,6,12,-
BRDA:211,4294967295,1,-
BRDA:211,4294967295,2,-
BRDA:211,0,6,-
BRDA:211,0,7,-
BRDA:212,4294967295,2,-
BRDA:212,4294967295,3,-
BRDA:214,0,2,-
BRDA:214,0,3,-
BRDA:218,0,1,-
BRDA:218,0,2,-
BRDA:218,1,4,-
BRDA:218,1,5,-
BRDA:218,2,7,-
BRDA:218,2,8,-
BRDA:218,3,10,-
BRDA:218,3,11,-
BRDA:218,4,13,-
BRDA:218,4,14,-
BRDA:218,5,16,-
BRDA:218,5,17,-
BRDA:218,6,19,-
BRDA:218,6,20,-
BRDA:218,7,22,-
BRDA:218,7,23,-
BRDA:218,8,26,-
BRDA:218,8,27,-
BRDA:218,9,29,-
BRDA:218,9,30,-
BRDA:221,0,2,-
BRDA:221,0,3,-
BRDA:221,1,5,-
BRDA:221,1,6,-
BRDA:221,2,8,-
BRDA:221,2,9,-
BRDA:221,3,12,-
BRDA:221,3,13,-
BRDA:222,4294967295,3,-
BRDA:222,4294967295,4,-
BRDA:222,0,6,-
BRDA:222,0,7,-
BRDA:222,1,9,-
BRDA:222,1,10,-
BRDA:222,2,12,-
BRDA:222,2,13,-
BRDA:223,0,5,-
BRDA:223,0,6,-
BRDA:223,1,8,-
BRDA:223,1,9,-
BRDA:223,2,11,-
BRDA:223,2,12,-
BRDA:223,3,14,-
BRDA:223,3,15,-
BRDA:224,1,4,-
BRDA:224,1,5,-
BRDA:224,2,7,-
BRDA:224,2,8,-
BRDA:244,0,3,-
BRDA:244,0,4,-
BRDA:246,0,1,-
BRDA:246,0,2,-
BRDA:247,0,1,-
BRDA:247,0,2,-
BRDA:256,4294967295,1,-
BRDA:256,4294967295,2,-
BRDA:260,4294967295,1,-
BRDA:260,4294967295,2,-
BRDA:260,0,3,-
BRDA:260,0,4,-
BRDA:262,0,1,-
BRDA:262,0,2,-
BRDA:269,4294967295,1,-
BRDA:269,4294967295,2,-
BRDA:278,4294967295,1,-
BRDA:278,4294967295,2,-
BRDA:284,4294967295,2,-
BRDA:284,4294967295,3,-
BRDA:284,0,5,-
BRDA:284,0,6,-
BRDA:284,1,9,-
BRDA:284,1,10,-
BRDA:284,2,12,-
BRDA:284,2,13,-
BRDA:284,3,15,-
BRDA:284,3,16,-
BRDA:284,4,19,-
BRDA:284,4,20,-
BRDA:289,0,1,-
BRDA:289,0,2,-
BRDA:291,4294967295,1,-
BRDA:291,4294967295,2,-
BRDA:292,0,1,-
BRDA:292,0,2,-
BRDA:303,3,3,-
BRDA:303,3,4,-
BRDA:316,4294967295,1,-
BRDA:316,4294967295,2,-
BRDA:327,4294967295,1,-
BRDA:327,4294967295,2,-
BRDA:466,3,3,-
BRDA:466,3,4,-
BRDA:474,3,3,-
BRDA:474,3,4,-
BRF:297
BRH:0
DA:25,0
DA:47,0
DA:49,0
DA:50,0
DA:51,0
DA:52,0
DA:53,0
DA:54,0
DA:55,0
DA:58,0
DA:61,0
DA:62,0
DA:63,0
DA:65,0
DA:66,0
DA:67,0
DA:68,0
DA:70,0
DA:72,0
DA:73,0
DA:75,0
DA:77,0
DA:80,0
DA:83,0
DA:84,0
DA:85,0
DA:87,0
DA:88,0
DA:89,0
DA:90,0
DA:92,0
DA:94,0
DA:95,0
DA:97,0
DA:99,0
DA:111,0
DA:115,0
DA:116,0
DA:118,0
DA:119,0
DA:123,0
DA:124,0
DA:127,0
DA:129,0
DA:130,0
DA:132,0
DA:136,0
DA:137,0
DA:139,0
DA:145,0
DA:149,0
DA:150,0
DA:151,0
DA:153,0
DA:155,0
DA:157,0
DA:159,0
DA:160,0
DA:161,0
DA:162,0
DA:163,0
DA:164,0
DA:166,0
DA:170,0
DA:171,0
DA:172,0
DA:173,0
DA:174,0
DA:175,0
DA:177,0
DA:179,0
DA:181,0
DA:183,0
DA:189,0
DA:193,0
DA:194,0
DA:196,0
DA:197,0
DA:199,0
DA:200,0
DA:201,0
DA:202,0
DA:206,0
DA:207,0
DA:208,0
DA:209,0
DA:210,0
DA:211,0
DA:212,0
DA:214,0
DA:218,0
DA:221,0
DA:222,0
DA:223,0
DA:224,0
DA:227,0
DA:229,0
DA:231,0
DA:233,0
DA:235,0
DA:236,0
DA:240,0
DA:244,0
DA:246,0
DA:247,0
DA:249,0
DA:250,0
DA:251,0
DA:252,0
DA:254,0
DA:256,0
DA:258,0
DA:259,0
DA:260,0
DA:262,0
DA:263,0
DA:266,0
DA:267,0
DA:268,0
DA:269,0
DA:270,0
DA:271,0
DA:272,0
DA:273,0
DA:275,0
DA:276,0
DA:277,0
DA:278,0
DA:279,0
DA:280,0
DA:281,0
DA:282,0
DA:284,0
DA:289,0
DA:291,0
DA:292,0
DA:293,0
DA:303,0
DA:305,0
DA:307,0
DA:310,0
DA:314,0
DA:316,0
DA:318,0
DA:319,0
DA:320,0
DA:325,0
DA:327,0
DA:329,0
DA:331,0
DA:332,0
DA:351,0
DA:355,0
DA:358,0
DA:361,0
DA:364,0
DA:367,0
DA:370,0
DA:373,0
DA:376,0
DA:380,0
DA:421,14
DA:424,14
DA:427,10
DA:430,10
DA:433,5
DA:437,5
DA:466,0
DA:468,0
DA:470,0
DA:474,0
DA:476,0
DA:478,0
LF:173
LH:6
end_of_record
SF:/home/runner/work/ad-rss-lib/ad-rss-lib/ad_rss_map_integration/impl/tests/RssSceneCreationTestEgoSouth2EastOtherNorth2East.cpp
FN:11,_ZN57RssSceneCreationTestWithRouteEgoSouth2EastOtherNorth2EastC2Ev
FN:11,_ZN57RssSceneCreationTestWithRouteEgoSouth2EastOtherNorth2EastD2Ev
FN:11,_ZN57RssSceneCreationTestWithRouteEgoSouth2EastOtherNorth2EastD0Ev
FN:30,_ZN68RssSceneCreationTestWithRouteEgoSouth2EastOtherNorth2East_e0_o0_TestD2Ev
FN:30,_ZN68RssSceneCreationTestWithRouteEgoSouth2EastOtherNorth2East_e0_o0_TestC2Ev
FN:30,_ZN68RssSceneCreationTestWithRouteEgoSouth2EastOtherNorth2East_e0_o0_TestD0Ev
FN:30,_ZN68RssSceneCreationTestWithRouteEgoSouth2EastOtherNorth2East_e0_o0_Test8TestBodyEv
FN:43,_ZN68RssSceneCreationTestWithRouteEgoSouth2EastOtherNorth2East_e0_o1_Test8TestBodyEv
FN:43,_ZN68RssSceneCreationTestWithRouteEgoSouth2EastOtherNorth2East_e0_o1_TestC2Ev
FN:43,_ZN68RssSceneCreationTestWithRouteEgoSouth2EastOtherNorth2East_e0_o1_TestD0Ev
FN:43,_ZN68RssSceneCreationTestWithRouteEgoSouth2EastOtherNorth2East_e0_o1_TestD2Ev
FN:56,_ZN68RssSceneCreationTestWithRouteEgoSouth2EastOtherNorth2East_e0_o2_TestD2Ev
FN:56,_ZN68RssSceneCreationTestWithRouteEgoSouth2EastOtherNorth2East_e0_o2_Test8TestBodyEv
FN:56,_ZN68RssSceneCreationTestWithRouteEgoSouth2EastOtherNorth2East_e0_o2_TestC2Ev
FN:56,_ZN68RssSceneCreationTestWithRouteEgoSouth2EastOtherNorth2East_e0_o2_TestD0Ev
FN:69,_ZN68RssSceneCreationTestWithRouteEgoSouth2EastOtherNorth2East_e0_o3_TestC2Ev
FN:69,_ZN68RssSceneCreationTestWithRouteEgoSouth2EastOtherNorth2East_e0_o3_TestD0Ev
FN:69,_ZN68RssSceneCreationTestWithRouteEgoSouth2EastOtherNorth2East_e0_o3_TestD2Ev
FN:69,_ZN68RssSceneCreationTestWithRouteEgoSouth2EastOtherNorth2East_e0_o3_Test8TestBodyEv
FN:77,_ZN68RssSceneCreationTestWithRouteEgoSouth2EastOtherNorth2East_e0_o4_TestD0Ev
FN:77,_ZN68RssSceneCreationTestWithRouteEgoSouth2EastOtherNorth2East_e0_o4_Test8TestBodyEv
FN:77,_ZN68RssSceneCreationTestWithRouteEgoSouth2EastOtherNorth2East_e0_o4_TestC2Ev
FN:77,_ZN68RssSceneCreationTestWithRouteEgoSouth2EastOtherNorth2East_e0_o4_TestD2Ev
FN:85,_ZN68RssSceneCreationTestWithRouteEgoSouth2EastOtherNorth2East_e1_o0_Test8TestBodyEv
FN:85,_ZN68RssSceneCreationTestWithRouteEgoSouth2EastOtherNorth2East_e1_o0_TestD0Ev
FN:85,_ZN68RssSceneCreationTestWithRouteEgoSouth2EastOtherNorth2East_e1_o0_TestC2Ev
FN:85,_ZN68RssSceneCreationTestWithRouteEgoSouth2EastOtherNorth2East_e1_o0_TestD2Ev
FN:98,_ZN68RssSceneCreationTestWithRouteEgoSouth2EastOtherNorth2East_e1_o1_Test8TestBodyEv
FN:98,_ZN68RssSceneCreationTestWithRouteEgoSouth2EastOtherNorth2East_e1_o1_TestD2Ev
FN:98,_ZN68RssSceneCreationTestWithRouteEgoSouth2EastOtherNorth2East_e1_o1_TestC2Ev
FN:98,_ZN68RssSceneCreationTestWithRouteEgoSouth2EastOtherNorth2East_e1_o1_TestD0Ev
FN:111,_ZN68RssSceneCreationTestWithRouteEgoSouth2EastOtherNorth2East_e1_o2_TestD2Ev
FN:111,_ZN68RssSceneCreationTestWithRouteEgoSouth2EastOtherNorth2East_e1_o2_Test8TestBodyEv
FN:111,_ZN68RssSceneCreationTestWithRouteEgoSouth2EastOtherNorth2East_e1_o2_TestD0Ev
FN:111,_ZN68RssSceneCreationTestWithRouteEgoSouth2EastOtherNorth2East_e1_o2_TestC2Ev
FN:124,_ZN68RssSceneCreationTestWithRouteEgoSouth2EastOtherNorth2East_e1_o3_TestD0Ev
FN:124,_ZN68RssSceneCreationTestWithRouteEgoSouth2EastOtherNorth2East_e1_o3_TestD2Ev
FN:124,_ZN68RssSceneCreationTestWithRouteEgoSouth2EastOtherNorth2East_e1_o3_TestC2Ev
FN:124,_ZN68RssSceneCreationTestWithRouteEgoSouth2EastOtherNorth2East_e1_o3_Test8TestBodyEv
FN:132,_ZN68RssSceneCreationTestWithRouteEgoSouth2EastOtherNorth2East_e1_o4_Test8TestBodyEv
FN:132,_ZN68RssSceneCreationTestWithRouteEgoSouth2EastOtherNorth2East_e1_o4_TestD0Ev
FN:132,_ZN68RssSceneCreationTestWithRouteEgoSouth2EastOtherNorth2East_e1_o4_TestC2Ev
FN:132,_ZN68RssSceneCreationTestWithRouteEgoSouth2EastOtherNorth2East_e1_o4_TestD2Ev
FN:140,_ZN68RssSceneCreationTestWithRouteEgoSouth2EastOtherNorth2East_e2_o0_TestD0Ev
FN:140,_ZN68RssSceneCreationTestWithRouteEgoSouth2EastOtherNorth2East_e2_o0_TestC2Ev
FN:140,_ZN68RssSceneCreationTestWithRouteEgoSouth2EastOtherNorth2East_e2_o0_Test8TestBodyEv
FN:140,_ZN68RssSceneCreationTestWithRouteEgoSouth2EastOtherNorth2East_e2_o0_TestD2Ev
FN:153,_ZN68RssSceneCreationTestWithRouteEgoSouth2EastOtherNorth2East_e2_o1_TestC2Ev
FN:153,_ZN68RssSceneCreationTestWithRouteEgoSouth2EastOtherNorth2East_e2_o1_TestD0Ev
FN:153,_ZN68RssSceneCreationTestWithRouteEgoSouth2EastOtherNorth2East_e2_o1_Test8TestBodyEv
FN:153,_ZN68RssSceneCreationTestWithRouteEgoSouth2EastOtherNorth2East_e2_o1_TestD2Ev
FN:166,_ZN68RssSceneCreationTestWithRouteEgoSouth2EastOtherNorth2East_e2_o2_TestC2Ev
FN:166,_ZN68RssSceneCreationTestWithRouteEgoSouth2EastOtherNorth2East_e2_o2_TestD2Ev
FN:166,_ZN68RssSceneCreationTestWithRouteEgoSouth2EastOtherNorth2East_e2_o2_Test8TestBodyEv
FN:166,_ZN68RssSceneCreationTestWithRouteEgoSouth2EastOtherNorth2East_e2_o2_TestD0Ev
FN:179,_ZN68RssSceneCreationTestWithRouteEgoSouth2EastOtherNorth2East_e2_o3_Test8TestBodyEv
FN:179,_ZN68RssSceneCreationTestWithRouteEgoSouth2EastOtherNorth2East_e2_o3_TestD0Ev
FN:179,_ZN68RssSceneCreationTestWithRouteEgoSouth2EastOtherNorth2East_e2_o3_TestD2Ev
FN:179,_ZN68RssSceneCreationTestWithRouteEgoSouth2EastOtherNorth2East_e2_o3_TestC2Ev
FN:187,_ZN68RssSceneCreationTestWithRouteEgoSouth2EastOtherNorth2East_e2_o4_TestC2Ev
FN:187,_ZN68RssSceneCreationTestWithRouteEgoSouth2EastOtherNorth2East_e2_o4_TestD2Ev
FN:187,_ZN68RssSceneCreationTestWithRouteEgoSouth2EastOtherNorth2East_e2_o4_Test8TestBodyEv
FN:187,_ZN68RssSceneCreationTestWithRouteEgoSouth2EastOtherNorth2East_e2_o4_TestD0Ev
FN:195,_ZN68RssSceneCreationTestWithRouteEgoSouth2EastOtherNorth2East_e3_o0_TestC2Ev
FN:195,_ZN68RssSceneCreationTestWithRouteEgoSouth2EastOtherNorth2East_e3_o0_TestD0Ev
FN:195,_ZN68RssSceneCreationTestWithRouteEgoSouth2EastOtherNorth2East_e3_o0_TestD2Ev
FN:195,_ZN68RssSceneCreationTestWithRouteEgoSouth2EastOtherNorth2East_e3_o0_Test8TestBodyEv
FN:205,_ZN68RssSceneCreationTestWithRouteEgoSouth2EastOtherNorth2East_e3_o1_TestD0Ev
FN:205,_ZN68RssSceneCreationTestWithRouteEgoSouth2EastOtherNorth2East_e3_o1_TestD2Ev
FN:205,_ZN68RssSceneCreationTestWithRouteEgoSouth2EastOtherNorth2East_e3_o1_Test8TestBodyEv
FN:205,_ZN68RssSceneCreationTestWithRouteEgoSouth2EastOtherNorth2East_e3_o1_TestC2Ev
FN:215,_ZN68RssSceneCreationTestWithRouteEgoSouth2EastOtherNorth2East_e3_o2_TestD2Ev
FN:215,_ZN68RssSceneCreationTestWithRouteEgoSouth2EastOtherNorth2East_e3_o2_TestC2Ev
FN:215,_ZN68RssSceneCreationTestWithRouteEgoSouth2EastOtherNorth2East_e3_o2_Test8TestBodyEv
FN:215,_ZN68RssSceneCreationTestWithRouteEgoSouth2EastOtherNorth2East_e3_o2_TestD0Ev
FN:224,_ZN68RssSceneCreationTestWithRouteEgoSouth2EastOtherNorth2East_e3_o3_Test8TestBodyEv
FN:224,_ZN68RssSceneCreationTestWithRouteEgoSouth2EastOtherNorth2East_e3_o3_TestD2Ev
FN:224,_ZN68RssSceneCreationTestWithRouteEgoSouth2EastOtherNorth2East_e3_o3_TestD0Ev
FN:224,_ZN68RssSceneCreationTestWithRouteEgoSouth2EastOtherNorth2East_e3_o3_TestC2Ev
FN:232,_ZN68RssSceneCreationTestWithRouteEgoSouth2EastOtherNorth2East_e3_o4_TestC2Ev
FN:232,_ZN68RssSceneCreationTestWithRouteEgoSouth2EastOtherNorth2East_e3_o4_TestD0Ev
FN:232,_ZN68RssSceneCreationTestWithRouteEgoSouth2EastOtherNorth2East_e3_o4_TestD2Ev
FN:232,_ZN68RssSceneCreationTestWithRouteEgoSouth2EastOtherNorth2East_e3_o4_Test8TestBodyEv
FN:240,_ZN68RssSceneCreationTestWithRouteEgoSouth2EastOtherNorth2East_e4_o0_TestD2Ev
FN:240,_ZN68RssSceneCreationTestWithRouteEgoSouth2EastOtherNorth2East_e4_o0_Test8TestBodyEv
FN:240,_ZN68RssSceneCreationTestWithRouteEgoSouth2EastOtherNorth2East_e4_o0_TestD0Ev
FN:240,_ZN68RssSceneCreationTestWithRouteEgoSouth2EastOtherNorth2East_e4_o0_TestC2Ev
FN:249,_ZN68RssSceneCreationTestWithRouteEgoSouth2EastOtherNorth2East_e4_o1_TestC2Ev
FN:249,_ZN68RssSceneCreationTestWithRouteEgoSouth2EastOtherNorth2East_e4_o1_TestD2Ev
FN:249,_ZN68RssSceneCreationTestWithRouteEgoSouth2EastOtherNorth2East_e4_o1_Test8TestBodyEv
FN:249,_ZN68RssSceneCreationTestWithRouteEgoSouth2EastOtherNorth2East_e4_o1_TestD0Ev
FN:259,_ZN68RssSceneCreationTestWithRouteEgoSouth2EastOtherNorth2East_e4_o2_Test8TestBodyEv
FN:259,_ZN68RssSceneCreationTestWithRouteEgoSouth2EastOtherNorth2East_e4_o2_TestD0Ev
FN:259,_ZN68RssSceneCreationTestWithRouteEgoSouth2EastOtherNorth2East_e4_o2_TestD2Ev
FN:259,_ZN68RssSceneCreationTestWithRouteEgoSouth2EastOtherNorth2East_e4_o2_TestC2Ev
FN:268,_ZN68RssSceneCreationTestWithRouteEgoSouth2EastOtherNorth2East_e4_o3_TestD0Ev
FN:268,_ZN68RssSceneCreationTestWithRouteEgoSouth2EastOtherNorth2East_e4_o3_TestC2Ev
FN:268,_ZN68RssSceneCreationTestWithRouteEgoSouth2EastOtherNorth2East_e4_o3_Test8TestBodyEv
FN:268,_ZN68RssSceneCreationTestWithRouteEgoSouth2EastOtherNorth2East_e4_o3_TestD2Ev
FN:277,_ZN68RssSceneCreationTestWithRouteEgoSouth2EastOtherNorth2East_e4_o4_TestD2Ev
FN:277,_ZN68RssSceneCreationTestWithRouteEgoSouth2EastOtherNorth2East_e4_o4_TestD0Ev
FN:277,_ZN68RssSceneCreationTestWithRouteEgoSouth2EastOtherNorth2East_e4_o4_Test8TestBodyEv
FN:277,_ZN68RssSceneCreationTestWithRouteEgoSouth2EastOtherNorth2East_e4_o4_TestC2Ev
FN:286,_ZN60RssSceneCreationTestWithoutRouteEgoSouth2EastOtherNorth2EastD2Ev
FN:286,_ZN60RssSceneCreationTestWithoutRouteEgoSouth2EastOtherNorth2EastC2Ev
FN:286,_ZN60RssSceneCreationTestWithoutRouteEgoSouth2EastOtherNorth2EastD0Ev
FN:305,_ZN71RssSceneCreationTestWithoutRouteEgoSouth2EastOtherNorth2East_e0_o0_TestD2Ev
FN:305,_ZN71RssSceneCreationTestWithoutRouteEgoSouth2EastOtherNorth2East_e0_o0_TestC2Ev
FN:305,_ZN71RssSceneCreationTestWithoutRouteEgoSouth2EastOtherNorth2East_e0_o0_TestD0Ev
FN:305,_ZN71RssSceneCreationTestWithoutRouteEgoSouth2EastOtherNorth2East_e0_o0_Test8TestBodyEv
FN:324,_ZN71RssSceneCreationTestWithoutRouteEgoSouth2EastOtherNorth2East_e2_o0_TestD2Ev
FN:324,_ZN71RssSceneCreationTestWithoutRouteEgoSouth2EastOtherNorth2East_e2_o0_TestC2Ev
FN:324,_ZN71RssSceneCreationTestWithoutRouteEgoSouth2EastOtherNorth2East_e2_o0_Test8TestBodyEv
FN:324,_ZN71RssSceneCreationTestWithoutRouteEgoSouth2EastOtherNorth2East_e2_o0_TestD0Ev
FN:343,_ZN71RssSceneCreationTestWithoutRouteEgoSouth2EastOtherNorth2East_e0_o4_Test8TestBodyEv
FN:343,_ZN71RssSceneCreationTestWithoutRouteEgoSouth2EastOtherNorth2East_e0_o4_TestD2Ev
FN:343,_ZN71RssSceneCreationTestWithoutRouteEgoSouth2EastOtherNorth2East_e0_o4_TestC2Ev
FN:343,_ZN71RssSceneCreationTestWithoutRouteEgoSouth2EastOtherNorth2East_e0_o4_TestD0Ev
FN:349,_Z41__static_initialization_and_destruction_0ii
FN:349,_GLOBAL__sub_I__ZN68RssSceneCreationTestWithRouteEgoSouth2EastOtherNorth2East_e0_o0_Test10test_info_E
FNDA:0,_ZN57RssSceneCreationTestWithRouteEgoSouth2EastOtherNorth2EastD0Ev
FNDA:25,_ZN57RssSceneCreationTestWithRouteEgoSouth2EastOtherNorth2EastD2Ev
FNDA:25,_ZN57RssSceneCreationTestWithRouteEgoSouth2EastOtherNorth2EastC2Ev
FNDA:1,_ZN68RssSceneCreationTestWithRouteEgoSouth2EastOtherNorth2East_e0_o0_TestD0Ev
FNDA:1,_ZN68RssSceneCreationTestWithRouteEgoSouth2EastOtherNorth2East_e0_o0_TestD2Ev
FNDA:1,_ZN68RssSceneCreationTestWithRouteEgoSouth2EastOtherNorth2East_e0_o0_Test8TestBodyEv
FNDA:1,_ZN68RssSceneCreationTestWithRouteEgoSouth2EastOtherNorth2East_e0_o0_TestC2Ev
FNDA:1,_ZN68RssSceneCreationTestWithRouteEgoSouth2EastOtherNorth2East_e0_o1_TestD0Ev
FNDA:1,_ZN68RssSceneCreationTestWithRouteEgoSouth2EastOtherNorth2East_e0_o1_TestD2Ev
FNDA:1,_ZN68RssSceneCreationTestWithRouteEgoSouth2EastOtherNorth2East_e0_o1_Test8TestBodyEv
FNDA:1,_ZN68RssSceneCreationTestWithRouteEgoSouth2EastOtherNorth2East_e0_o1_TestC2Ev
FNDA:1,_ZN68RssSceneCreationTestWithRouteEgoSouth2EastOtherNorth2East_e0_o2_TestD0Ev
FNDA:1,_ZN68RssSceneCreationTestWithRouteEgoSouth2EastOtherNorth2East_e0_o2_TestD2Ev
FNDA:1,_ZN68RssSceneCreationTestWithRouteEgoSouth2EastOtherNorth2East_e0_o2_Test8TestBodyEv
FNDA:1,_ZN68RssSceneCreationTestWithRouteEgoSouth2EastOtherNorth2East_e0_o2_TestC2Ev
FNDA:1,_ZN68RssSceneCreationTestWithRouteEgoSouth2EastOtherNorth2East_e0_o3_TestD0Ev
FNDA:1,_ZN68RssSceneCreationTestWithRouteEgoSouth2EastOtherNorth2East_e0_o3_TestD2Ev
FNDA:1,_ZN68RssSceneCreationTestWithRouteEgoSouth2EastOtherNorth2East_e0_o3_Test8TestBodyEv
FNDA:1,_ZN68RssSceneCreationTestWithRouteEgoSouth2EastOtherNorth2East_e0_o3_TestC2Ev
FNDA:1,_ZN68RssSceneCreationTestWithRouteEgoSouth2EastOtherNorth2East_e0_o4_TestD0Ev
FNDA:1,_ZN68RssSceneCreationTestWithRouteEgoSouth2EastOtherNorth2East_e0_o4_TestD2Ev
FNDA:1,_ZN68RssSceneCreationTestWithRouteEgoSouth2EastOtherNorth2East_e0_o4_Test8TestBodyEv
FNDA:1,_ZN68RssSceneCreationTestWithRouteEgoSouth2EastOtherNorth2East_e0_o4_TestC2Ev
FNDA:1,_ZN68RssSceneCreationTestWithRouteEgoSouth2EastOtherNorth2East_e1_o0_TestD0Ev
FNDA:1,_ZN68RssSceneCreationTestWithRouteEgoSouth2EastOtherNorth2East_e1_o0_TestD2Ev
FNDA:1,_ZN68RssSceneCreationTestWithRouteEgoSouth2EastOtherNorth2East_e1_o0_Test8TestBodyEv
FNDA:1,_ZN68RssSceneCreationTestWithRouteEgoSouth2EastOtherNorth2East_e1_o0_TestC2Ev
FNDA:1,_ZN68RssSceneCreationTestWithRouteEgoSouth2EastOtherNorth2East_e1_o1_TestD0Ev
FNDA:1,_ZN68RssSceneCreationTestWithRouteEgoSouth2EastOtherNorth2East_e1_o1_TestD2Ev
FNDA:1,_ZN68RssSceneCreationTestWithRouteEgoSouth2EastOtherNorth2East_e1_o1_Test8TestBodyEv
FNDA:1,_ZN68RssSceneCreationTestWithRouteEgoSouth2EastOtherNorth2East_e1_o1_TestC2Ev
FNDA:1,_ZN68RssSceneCreationTestWithRouteEgoSouth2EastOtherNorth2East_e1_o2_TestD0Ev
FNDA:1,_ZN68RssSceneCreationTestWithRouteEgoSouth2EastOtherNorth2East_e1_o2_TestD2Ev
FNDA:1,_ZN68RssSceneCreationTestWithRouteEgoSouth2EastOtherNorth2East_e1_o2_Test8TestBodyEv
FNDA:1,_ZN68RssSceneCreationTestWithRouteEgoSouth2EastOtherNorth2East_e1_o2_TestC2Ev
FNDA:1,_ZN68RssSceneCreationTestWithRouteEgoSouth2EastOtherNorth2East_e1_o3_TestD0Ev
FNDA:1,_ZN68RssSceneCreationTestWithRouteEgoSouth2EastOtherNorth2East_e1_o3_TestD2Ev
FNDA:1,_ZN68RssSceneCreationTestWithRouteEgoSouth2EastOtherNorth2East_e1_o3_Test8TestBodyEv
FNDA:1,_ZN68RssSceneCreationTestWithRouteEgoSouth2EastOtherNorth2East_e1_o3_TestC2Ev
FNDA:1,_ZN68RssSceneCreationTestWithRouteEgoSouth2EastOtherNorth2East_e1_o4_TestD0Ev
FNDA:1,_ZN68RssSceneCreationTestWithRouteEgoSouth2EastOtherNorth2East_e1_o4_TestD2Ev
FNDA:1,_ZN68RssSceneCreationTestWithRouteEgoSouth2EastOtherNorth2East_e1_o4_Test8TestBodyEv
FNDA:1,_ZN68RssSceneCreationTestWithRouteEgoSouth2EastOtherNorth2East_e1_o4_TestC2Ev
FNDA:1,_ZN68RssSceneCreationTestWithRouteEgoSouth2EastOtherNorth2East_e2_o0_TestD0Ev
FNDA:1,_ZN68RssSceneCreationTestWithRouteEgoSouth2EastOtherNorth2East_e2_o0_TestD2Ev
FNDA:1,_ZN68RssSceneCreationTestWithRouteEgoSouth2EastOtherNorth2East_e2_o0_Test8TestBodyEv
FNDA:1,_ZN68RssSceneCreationTestWithRouteEgoSouth2EastOtherNorth2East_e2_o0_TestC2Ev
FNDA:1,_ZN68RssSceneCreationTestWithRouteEgoSouth2EastOtherNorth2East_e2_o1_TestD0Ev
FNDA:1,_ZN68RssSceneCreationTestWithRouteEgoSouth2EastOtherNorth2East_e2_o1_TestD2Ev
FNDA:1,_ZN68RssSceneCreationTestWithRouteEgoSouth2EastOtherNorth2East_e2_o1_Test8TestBodyEv
FNDA:1,_ZN68RssSceneCreationTestWithRouteEgoSouth2EastOtherNorth2East_e2_o1_TestC2Ev
FNDA:1,_ZN68RssSceneCreationTestWithRouteEgoSouth2EastOtherNorth2East_e2_o2_TestD0Ev
FNDA:1,_ZN68RssSceneCreationTestWithRouteEgoSouth2EastOtherNorth2East_e2_o2_TestD2Ev
FNDA:1,_ZN68RssSceneCreationTestWithRouteEgoSouth2EastOtherNorth2East_e2_o2_Test8TestBodyEv
FNDA:1,_ZN68RssSceneCreationTestWithRouteEgoSouth2EastOtherNorth2East_e2_o2_TestC2Ev
FNDA:1,_ZN68RssSceneCreationTestWithRouteEgoSouth2EastOtherNorth2East_e2_o3_TestD0Ev
FNDA:1,_ZN68RssSceneCreationTestWithRouteEgoSouth2EastOtherNorth2East_e2_o3_TestD2Ev
FNDA:1,_ZN68RssSceneCreationTestWithRouteEgoSouth2EastOtherNorth2East_e2_o3_Test8TestBodyEv
FNDA:1,_ZN68RssSceneCreationTestWithRouteEgoSouth2EastOtherNorth2East_e2_o3_TestC2Ev
FNDA:1,_ZN68RssSceneCreationTestWithRouteEgoSouth2EastOtherNorth2East_e2_o4_TestD0Ev
FNDA:1,_ZN68RssSceneCreationTestWithRouteEgoSouth2EastOtherNorth2East_e2_o4_TestD2Ev
FNDA:1,_ZN68RssSceneCreationTestWithRouteEgoSouth2EastOtherNorth2East_e2_o4_Test8TestBodyEv
FNDA:1,_ZN68RssSceneCreationTestWithRouteEgoSouth2EastOtherNorth2East_e2_o4_TestC2Ev
FNDA:1,_ZN68RssSceneCreationTestWithRouteEgoSouth2EastOtherNorth2East_e3_o0_TestD0Ev
FNDA:1,_ZN68RssSceneCreationTestWithRouteEgoSouth2EastOtherNorth2East_e3_o0_TestD2Ev
FNDA:1,_ZN68RssSceneCreationTestWithRouteEgoSouth2EastOtherNorth2East_e3_o0_Test8TestBodyEv
FNDA:1,_ZN68RssSceneCreationTestWithRouteEgoSouth2EastOtherNorth2East_e3_o0_TestC2Ev
FNDA:1,_ZN68RssSceneCreationTestWithRouteEgoSouth2EastOtherNorth2East_e3_o1_TestD0Ev
FNDA:1,_ZN68RssSceneCreationTestWithRouteEgoSouth2EastOtherNorth2East_e3_o1_TestD2Ev
FNDA:1,_ZN68RssSceneCreationTestWithRouteEgoSouth2EastOtherNorth2East_e3_o1_Test8TestBodyEv
FNDA:1,_ZN68RssSceneCreationTestWithRouteEgoSouth2EastOtherNorth2East_e3_o1_TestC2Ev
FNDA:1,_ZN68RssSceneCreationTestWithRouteEgoSouth2EastOtherNorth2East_e3_o2_TestD0Ev
FNDA:1,_ZN68RssSceneCreationTestWithRouteEgoSouth2EastOtherNorth2East_e3_o2_TestD2Ev
FNDA:1,_ZN68RssSceneCreationTestWithRouteEgoSouth2EastOtherNorth2East_e3_o2_Test8TestBodyEv
FNDA:1,_ZN68RssSceneCreationTestWithRouteEgoSouth2EastOtherNorth2East_e3_o2_TestC2Ev
FNDA:1,_ZN68RssSceneCreationTestWithRouteEgoSouth2EastOtherNorth2East_e3_o3_TestD0Ev
FNDA:1,_ZN68RssSceneCreationTestWithRouteEgoSouth2EastOtherNorth2East_e3_o3_TestD2Ev
FNDA:1,_ZN68RssSceneCreationTestWithRouteEgoSouth2EastOtherNorth2East_e3_o3_Test8TestBodyEv
FNDA:1,_ZN68RssSceneCreationTestWithRouteEgoSouth2EastOtherNorth2East_e3_o3_TestC2Ev
FNDA:1,_ZN68RssSceneCreationTestWithRouteEgoSouth2EastOtherNorth2East_e3_o4_TestD0Ev
FNDA:1,_ZN68RssSceneCreationTestWithRouteEgoSouth2EastOtherNorth2East_e3_o4_TestD2Ev
FNDA:1,_ZN68RssSceneCreationTestWithRouteEgoSouth2EastOtherNorth2East_e3_o4_Test8TestBodyEv
FNDA:1,_ZN68RssSceneCreationTestWithRouteEgoSouth2EastOtherNorth2East_e3_o4_TestC2Ev
FNDA:1,_ZN68RssSceneCreationTestWithRouteEgoSouth2EastOtherNorth2East_e4_o0_TestD0Ev
FNDA:1,_ZN68RssSceneCreationTestWithRouteEgoSouth2EastOtherNorth2East_e4_o0_TestD2Ev
FNDA:1,_ZN68RssSceneCreationTestWithRouteEgoSouth2EastOtherNorth2East_e4_o0_Test8TestBodyEv
FNDA:1,_ZN68RssSceneCreationTestWithRouteEgoSouth2EastOtherNorth2East_e4_o0_TestC2Ev
FNDA:1,_ZN68RssSceneCreationTestWithRouteEgoSouth2EastOtherNorth2East_e4_o1_TestD0Ev
FNDA:1,_ZN68RssSceneCreationTestWithRouteEgoSouth2EastOtherNorth2East_e4_o1_TestD2Ev
FNDA:1,_ZN68RssSceneCreationTestWithRouteEgoSouth2EastOtherNorth2East_e4_o1_Test8TestBodyEv
FNDA:1,_ZN68RssSceneCreationTestWithRouteEgoSouth2EastOtherNorth2East_e4_o1_TestC2Ev
FNDA:1,_ZN68RssSceneCreationTestWithRouteEgoSouth2EastOtherNorth2East_e4_o2_TestD0Ev
FNDA:1,_ZN68RssSceneCreationTestWithRouteEgoSouth2EastOtherNorth2East_e4_o2_TestD2Ev
FNDA:1,_ZN68RssSceneCreationTestWithRouteEgoSouth2EastOtherNorth2East_e4_o2_Test8TestBodyEv
FNDA:1,_ZN68RssSceneCreationTestWithRouteEgoSouth2EastOtherNorth2East_e4_o2_TestC2Ev
FNDA:1,_ZN68RssSceneCreationTestWithRouteEgoSouth2EastOtherNorth2East_e4_o3_TestD0Ev
FNDA:1,_ZN68RssSceneCreationTestWithRouteEgoSouth2EastOtherNorth2East_e4_o3_TestD2Ev
FNDA:1,_ZN68RssSceneCreationTestWithRouteEgoSouth2EastOtherNorth2East_e4_o3_Test8TestBodyEv
FNDA:1,_ZN68RssSceneCreationTestWithRouteEgoSouth2EastOtherNorth2East_e4_o3_TestC2Ev
FNDA:1,_ZN68RssSceneCreationTestWithRouteEgoSouth2EastOtherNorth2East_e4_o4_TestD0Ev
FNDA:1,_ZN68RssSceneCreationTestWithRouteEgoSouth2EastOtherNorth2East_e4_o4_TestD2Ev
FNDA:1,_ZN68RssSceneCreationTestWithRouteEgoSouth2EastOtherNorth2East_e4_o4_Test8TestBodyEv
FNDA:1,_ZN68RssSceneCreationTestWithRouteEgoSouth2EastOtherNorth2East_e4_o4_TestC2Ev
FNDA:0,_ZN60RssSceneCreationTestWithoutRouteEgoSouth2EastOtherNorth2EastD0Ev
FNDA:3,_ZN60RssSceneCreationTestWithoutRouteEgoSouth2EastOtherNorth2EastD2Ev
FNDA:3,_ZN60RssSceneCreationTestWithoutRouteEgoSouth2EastOtherNorth2EastC2Ev
FNDA:1,_ZN71RssSceneCreationTestWithoutRouteEgoSouth2EastOtherNorth2East_e0_o0_TestD0Ev
FNDA:1,_ZN71RssSceneCreationTestWithoutRouteEgoSouth2EastOtherNorth2East_e0_o0_TestD2Ev
FNDA:1,_ZN71RssSceneCreationTestWithoutRouteEgoSouth2EastOtherNorth2East_e0_o0_Test8TestBodyEv
FNDA:1,_ZN71RssSceneCreationTestWithoutRouteEgoSouth2EastOtherNorth2East_e0_o0_TestC2Ev
FNDA:1,_ZN71RssSceneCreationTestWithoutRouteEgoSouth2EastOtherNorth2East_e2_o0_TestD0Ev
FNDA:1,_ZN71RssSceneCreationTestWithoutRouteEgoSouth2EastOtherNorth2East_e2_o0_TestD2Ev
FNDA:1,_ZN71RssSceneCreationTestWithoutRouteEgoSouth2EastOtherNorth2East_e2_o0_Test8TestBodyEv
FNDA:1,_ZN71RssSceneCreationTestWithoutRouteEgoSouth2EastOtherNorth2East_e2_o0_TestC2Ev
FNDA:1,_ZN71RssSceneCreationTestWithoutRouteEgoSouth2EastOtherNorth2East_e0_o4_TestD0Ev
FNDA:1,_ZN71RssSceneCreationTestWithoutRouteEgoSouth2EastOtherNorth2East_e0_o4_TestD2Ev
FNDA:1,_ZN71RssSceneCreationTestWithoutRouteEgoSouth2EastOtherNorth2East_e0_o4_Test8TestBodyEv
FNDA:1,_ZN71RssSceneCreationTestWithoutRouteEgoSouth2EastOtherNorth2East_e0_o4_TestC2Ev
FNDA:1,_GLOBAL__sub_I__ZN68RssSceneCreationTestWithRouteEgoSouth2EastOtherNorth2East_e0_o0_Test10test_info_E
FNDA:1,_Z41__static_initialization_and_destruction_0ii
FNF:120
FNH:118
BRDA:11,3,3,0
BRDA:11,3,4,25
BRDA:30,3,7,0
BRDA:30,3,8,1
BRDA:32,0,4,1
BRDA:32,0,5,0
BRDA:40,4294967295,3,1
BRDA:40,4294967295,4,0
BRDA:43,3,7,0
BRDA:43,3,8,1
BRDA:45,0,4,1
BRDA:45,0,5,0
BRDA:53,4294967295,3,1
BRDA:53,4294967295,4,0
BRDA:56,3,7,0
BRDA:56,3,8,1
BRDA:58,0,4,1
BRDA:58,0,5,0
BRDA:66,4294967295,3,1
BRDA:66,4294967295,4,0
BRDA:69,3,7,0
BRDA:69,3,8,1
BRDA:71,0,3,1
BRDA:71,0,4,0
BRDA:74,4294967295,1,1
BRDA:74,4294967295,2,0
BRDA:77,3,7,0
BRDA:77,3,8,1
BRDA:79,0,3,1
BRDA:79,0,4,0
BRDA:82,4294967295,1,1
BRDA:82,4294967295,2,0
BRDA:85,3,7,0
BRDA:85,3,8,1
BRDA:87,0,4,1
BRDA:87,0,5,0
BRDA:95,4294967295,3,1
BRDA:95,4294967295,4,0
BRDA:98,3,7,0
BRDA:98,3,8,1
BRDA:100,0,4,1
BRDA:100,0,5,0
BRDA:108,4294967295,3,1
BRDA:108,4294967295,4,0
BRDA:111,3,7,0
BRDA:111,3,8,1
BRDA:113,0,4,1
BRDA:113,0,5,0
BRDA:121,4294967295,3,1
BRDA:121,4294967295,4,0
BRDA:124,3,7,0
BRDA:124,3,8,1
BRDA:126,0,3,1
BRDA:126,0,4,0
BRDA:129,4294967295,1,1
BRDA:129,4294967295,2,0
BRDA:132,3,7,0
BRDA:132,3,8,1
BRDA:134,0,3,1
BRDA:134,0,4,0
BRDA:137,4294967295,1,1
BRDA:137,4294967295,2,0
BRDA:140,3,7,0
BRDA:140,3,8,1
BRDA:142,0,4,1
BRDA:142,0,5,0
BRDA:150,4294967295,3,1
BRDA:150,4294967295,4,0
BRDA:153,3,7,0
BRDA:153,3,8,1
BRDA:155,0,4,1
BRDA:155,0,5,0
BRDA:163,4294967295,3,1
BRDA:163,4294967295,4,0
BRDA:166,3,7,0
BRDA:166,3,8,1
BRDA:168,0,4,1
BRDA:168,0,5,0
BRDA:176,4294967295,3,1
BRDA:176,4294967295,4,0
BRDA:179,3,7,0
BRDA:179,3,8,1
BRDA:181,0,3,1
BRDA:181,0,4,0
BRDA:184,4294967295,1,1
BRDA:184,4294967295,2,0
BRDA:187,3,7,0
BRDA:187,3,8,1
BRDA:189,0,3,1
BRDA:189,0,4,0
BRDA:192,4294967295,1,1
BRDA:192,4294967295,2,0
BRDA:195,3,7,0
BRDA:195,3,8,1
BRDA:197,0,3,1
BRDA:197,0,4,0
BRDA:202,4294967295,3,1
BRDA:202,4294967295,4,0
BRDA:205,3,7,0
BRDA:205,3,8,1
BRDA:207,0,3,1
BRDA:207,0,4,0
BRDA:212,4294967295,3,1
BRDA:212,4294967295,4,0
BRDA:215,3,7,0
BRDA:215,3,8,1
BRDA:217,0,3,1
BRDA:217,0,4,0
BRDA:221,4294967295,1,1
BRDA:221,4294967295,2,0
BRDA:224,3,7,0
BRDA:224,3,8,1
BRDA:226,0,3,1
BRDA:226,0,4,0
BRDA:229,4294967295,1,1
BRDA:229,4294967295,2,0
BRDA:232,3,7,0
BRDA:232,3,8,1
BRDA:234,0,3,1
BRDA:234,0,4,0
BRDA:237,4294967295,1,1
BRDA:237,4294967295,2,0
BRDA:240,3,7,0
BRDA:240,3,8,1
BRDA:242,0,3,1
BRDA:242,0,4,0
BRDA:246,4294967295,1,1
BRDA:246,4294967295,2,0
BRDA:249,3,7,0
BRDA:249,3,8,1
BRDA:251,0,3,1
BRDA:251,0,4,0
BRDA:256,4294967295,3,1
BRDA:256,4294967295,4,0
BRDA:259,3,7,0
BRDA:259,3,8,1
BRDA:261,0,3,1
BRDA:261,0,4,0
BRDA:265,4294967295,1,1
BRDA:265,4294967295,2,0
BRDA:268,3,7,0
BRDA:268,3,8,1
BRDA:270,0,3,1
BRDA:270,0,4,0
BRDA:274,4294967295,1,1
BRDA:274,4294967295,2,0
BRDA:277,3,7,0
BRDA:277,3,8,1
BRDA:279,0,3,1
BRDA:279,0,4,0
BRDA:283,4294967295,1,1
BRDA:283,4294967295,2,0
BRDA:286,3,3,0
BRDA:286,3,4,3
BRDA:305,3,7,0
BRDA:305,3,8,1
BRDA:307,0,6,1
BRDA:307,0,7,0
BRDA:321,4294967295,3,1
BRDA:321,4294967295,4,0
BRDA:324,3,7,0
BRDA:324,3,8,1
BRDA:326,0,6,1
BRDA:326,0,7,0
BRDA:340,4294967295,3,1
BRDA:340,4294967295,4,0
BRDA:343,3,7,0
BRDA:343,3,8,1
BRDA:345,0,3,1
BRDA:345,0,4,0
BRDA:348,4294967295,1,1
BRDA:348,4294967295,2,0
BRDA:349,3,1,1
BRDA:349,3,2,0
BRDA:349,4,3,1
BRDA:349,4,4,0
BRF:176
BRH:88
DA:11,100
DA:30,8
DA:32,4
DA:33,1
DA:34,1
DA:37,1
DA:40,2
DA:41,1
DA:43,8
DA:45,4
DA:46,1
DA:47,1
DA:50,1
DA:53,2
DA:54,1
DA:56,8
DA:58,4
DA:59,1
DA:60,1
DA:63,1
DA:66,2
DA:67,1
DA:69,8
DA:71,4
DA:72,1
DA:73,1
DA:74,1
DA:75,1
DA:77,8
DA:79,4
DA:80,1
DA:81,1
DA:82,1
DA:83,1
DA:85,8
DA:87,4
DA:88,1
DA:89,1
DA:92,1
DA:95,2
DA:96,1
DA:98,8
DA:100,4
DA:101,1
DA:102,1
DA:105,1
DA:108,2
DA:109,1
DA:111,8
DA:113,4
DA:114,1
DA:115,1
DA:118,1
DA:121,2
DA:122,1
DA:124,8
DA:126,4
DA:127,1
DA:128,1
DA:129,1
DA:130,1
DA:132,8
DA:134,4
DA:135,1
DA:136,1
DA:137,1
DA:138,1
DA:140,8
DA:142,4
DA:143,1
DA:144,1
DA:147,1
DA:150,2
DA:151,1
DA:153,8
DA:155,4
DA:156,1
DA:157,1
DA:160,1
DA:163,2
DA:164,1
DA:166,8
DA:168,4
DA:169,1
DA:170,1
DA:173,1
DA:176,2
DA:177,1
DA:179,8
DA:181,4
DA:182,1
DA:183,1
DA:184,1
DA:185,1
DA:187,8
DA:189,4
DA:190,1
DA:191,1
DA:192,1
DA:193,1
DA:195,8
DA:197,3
DA:198,1
DA:199,1
DA:202,2
DA:203,1
DA:205,8
DA:207,3
DA:208,1
DA:209,1
DA:212,2
DA:213,1
DA:215,8
DA:217,4
DA:218,1
DA:220,1
DA:221,1
DA:222,1
DA:224,8
DA:226,4
DA:227,1
DA:228,1
DA:229,1
DA:230,1
DA:232,8
DA:234,4
DA:235,1
DA:236,1
DA:237,1
DA:238,1
DA:240,8
DA:242,4
DA:243,1
DA:245,1
DA:246,1
DA:247,1
DA:249,8
DA:251,3
DA:252,1
DA:253,1
DA:256,2
DA:257,1
DA:259,8
DA:261,4
DA:262,1
DA:264,1
DA:265,1
DA:266,1
DA:268,8
DA:270,4
DA:271,1
DA:273,1
DA:274,1
DA:275,1
DA:277,8
DA:279,4
DA:280,1
DA:282,1
DA:283,1
DA:284,1
DA:286,12
DA:305,8
DA:307,6
DA:308,1
DA:309,1
DA:313,1
DA:316,1
DA:318,1
DA:321,2
DA:322,1
DA:324,8
DA:326,6
DA:327,1
DA:328,1
DA:332,1
DA:335,1
DA:337,1
DA:340,2
DA:341,1
DA:343,8
DA:345,4
DA:346,1
DA:347,1
DA:348,1
DA:349,5
LF:185
LH:185
end_of_record
TN:
SF:/home/runner/work/ad-rss-lib/ad-rss-lib/ad_rss_map_integration/impl/include/ad/rss/map/RssObjectData.hpp
FN:34,_ZN2ad3rss3map13RssObjectDataC2Ev
FN:34,_ZN2ad3rss3map13RssObjectDataD2Ev
FNDA:0,_ZN2ad3rss3map13RssObjectDataD2Ev
FNDA:0,_ZN2ad3rss3map13RssObjectDataC2Ev
FNF:2
FNH:0
DA:34,0
LF:1
LH:0
end_of_record
SF:/home/runner/work/ad-rss-lib/ad-rss-lib/ad_rss_map_integration/impl/include/ad/rss/map/RssSceneCreation.hpp
FN:53,_ZN2ad3rss3map16RssSceneCreationD2Ev
FNDA:0,_ZN2ad3rss3map16RssSceneCreationD2Ev
FNF:1
FNH:0
DA:53,0
LF:1
LH:0
end_of_record
SF:/home/runner/work/ad-rss-lib/ad-rss-lib/ad_rss_map_integration/impl/tests/RssSceneCreationTest.hpp
FN:25,_ZN20RssSceneCreationTestC2Ev
FN:25,_ZN20RssSceneCreationTestD0Ev
FN:25,_ZN20RssSceneCreationTestD2Ev
FN:47,_ZN20RssSceneCreationTest23getUnstructuredSettingsEv
FN:58,_ZN20RssSceneCreationTest21getEgoVehicleDynamicsEN2ad7physics5SpeedE
FN:80,_ZN20RssSceneCreationTest24getObjectVehicleDynamicsEN2ad7physics5SpeedE
FN:111,_ZN20RssSceneCreationTest7initMapEv
FN:145,_ZN20RssSceneCreationTest5SetUpEv
FN:153,_ZN20RssSceneCreationTest8TearDownEv
FN:157,_ZN20RssSceneCreationTest19initializeObjectGeoERKSt5tupleIJN2ad3map5point9LongitudeENS3_8LatitudeEdEERNS2_5match6ObjectE
FN:166,_ZN20RssSceneCreationTest19initializeObjectENUERKN2ad3map5point8ENUPointERKNS2_10ENUHeadingERNS1_5match6ObjectE
FN:189,_ZN20RssSceneCreationTest17checkSceneResultsERKN2ad3rss5world10WorldModelERKmRKSt6vectorISt5tupleIJNS1_9situation13SituationTypeEmmNS0_7physics5SpeedEEESaISE_EE
FN:206,_ZZN20RssSceneCreationTest17checkSceneResultsERKN2ad3rss5world10WorldModelERKmRKSt6vectorISt5tupleIJNS1_9situation13SituationTypeEmmNS0_7physics5SpeedEEESaISE_EEENUlRKSE_E_C2ERKSL_
FN:206,_ZZN20RssSceneCreationTest17checkSceneResultsERKN2ad3rss5world10WorldModelERKmRKSt6vectorISt5tupleIJNS1_9situation13SituationTypeEmmNS0_7physics5SpeedEEESaISE_EEENUlRKSE_E_D2Ev
FN:206,_ZZN20RssSceneCreationTest17checkSceneResultsERKN2ad3rss5world10WorldModelERKmRKSt6vectorISt5tupleIJNS1_9situation13SituationTypeEmmNS0_7physics5SpeedEEESaISE_EEENKUlRKSE_E_clESK_
FN:227,_ZN20RssSceneCreationTest15shortenEgoRouteERKSt5tupleIJN2ad3map5point9LongitudeENS3_8LatitudeEdEE
FN:240,_ZN20RssSceneCreationTest16performSceneTestERKSt5tupleIJN2ad3map5point9LongitudeENS3_8LatitudeEdEES8_RKSt6vectorIS0_IJNS1_3rss9situation13SituationTypeEmmNS1_7physics5SpeedEEESaISF_EE
FN:303,_ZN26RssSceneCreationTestTown01D0Ev
FN:303,_ZN26RssSceneCreationTestTown01D2Ev
FN:303,_ZN26RssSceneCreationTestTown01C2Ev
FN:305,_ZN26RssSceneCreationTestTown0112getMapToLoadEv
FN:310,_ZN26RssSceneCreationTestTown0120initializeEgoVehicleEv
FN:351,_ZN26RssSceneCreationTestTown0121locationSouthIncomingEv
FN:358,_ZN26RssSceneCreationTestTown0121locationSouthEnteringEv
FN:364,_ZN26RssSceneCreationTestTown0118locationSouth2EastEv
FN:370,_ZN26RssSceneCreationTestTown0119locationEastExitingEv
FN:376,_ZN26RssSceneCreationTestTown0120locationEastOutgoingEv
FN:403,_ZN26RssSceneCreationTestTown0119locationSouth2NorthEv
FN:409,_ZN26RssSceneCreationTestTown0120locationNorthExitingEv
FN:415,_ZN26RssSceneCreationTestTown0121locationNorthOutgoingEv
FN:466,_ZN29RssSceneCreationTestWithRouteC2Ev
FN:466,_ZN29RssSceneCreationTestWithRouteD0Ev
FN:466,_ZN29RssSceneCreationTestWithRouteD2Ev
FN:468,_ZN29RssSceneCreationTestWithRoute11getTestModeEv
FN:474,_ZN32RssSceneCreationTestWithoutRouteD2Ev
FN:474,_ZN32RssSceneCreationTestWithoutRouteD0Ev
FN:474,_ZN32RssSceneCreationTestWithoutRouteC2Ev
FN:476,_ZN32RssSceneCreationTestWithoutRoute11getTestModeEv
FNDA:0,_ZN20RssSceneCreationTestD0Ev
FNDA:0,_ZN20RssSceneCreationTestD2Ev
FNDA:0,_ZN20RssSceneCreationTestC2Ev
FNDA:0,_ZN20RssSceneCreationTest23getUnstructuredSettingsEv
FNDA:0,_ZN20RssSceneCreationTest21getEgoVehicleDynamicsEN2ad7physics5SpeedE
FNDA:0,_ZN20RssSceneCreationTest24getObjectVehicleDynamicsEN2ad7physics5SpeedE
FNDA:0,_ZN20RssSceneCreationTest7initMapEv
FNDA:0,_ZN20RssSceneCreationTest5SetUpEv
FNDA:0,_ZN20RssSceneCreationTest8TearDownEv
FNDA:0,_ZN20RssSceneCreationTest19initializeObjectGeoERKSt5tupleIJN2ad3map5point9LongitudeENS3_8LatitudeEdEERNS2_5match6ObjectE
FNDA:0,_ZN20RssSceneCreationTest19initializeObjectENUERKN2ad3map5point8ENUPointERKNS2_10ENUHeadingERNS1_5match6ObjectE
FNDA:0,_ZN20RssSceneCreationTest17checkSceneResultsERKN2ad3rss5world10WorldModelERKmRKSt6vectorISt5tupleIJNS1_9situation13SituationTypeEmmNS0_7physics5SpeedEEESaISE_EE
FNDA:0,_ZZN20RssSceneCreationTest17checkSceneResultsERKN2ad3rss5world10WorldModelERKmRKSt6vectorISt5tupleIJNS1_9situation13SituationTypeEmmNS0_7physics5SpeedEEESaISE_EEENUlRKSE_E_C2ERKSL_
FNDA:0,_ZZN20RssSceneCreationTest17checkSceneResultsERKN2ad3rss5world10WorldModelERKmRKSt6vectorISt5tupleIJNS1_9situation13SituationTypeEmmNS0_7physics5SpeedEEESaISE_EEENUlRKSE_E_D2Ev
FNDA:0,_ZZN20RssSceneCreationTest17checkSceneResultsERKN2ad3rss5world10WorldModelERKmRKSt6vectorISt5tupleIJNS1_9situation13SituationTypeEmmNS0_7physics5SpeedEEESaISE_EEENKUlRKSE_E_clESK_
FNDA:0,_ZN20RssSceneCreationTest15shortenEgoRouteERKSt5tupleIJN2ad3map5point9LongitudeENS3_8LatitudeEdEE
FNDA:0,_ZN20RssSceneCreationTest16performSceneTestERKSt5tupleIJN2ad3map5point9LongitudeENS3_8LatitudeEdEES8_RKSt6vectorIS0_IJNS1_3rss9situation13SituationTypeEmmNS1_7physics5SpeedEEESaISF_EE
FNDA:0,_ZN26RssSceneCreationTestTown01D0Ev
FNDA:0,_ZN26RssSceneCreationTestTown01D2Ev
FNDA:0,_ZN26RssSceneCreationTestTown01C2Ev
FNDA:0,_ZN26RssSceneCreationTestTown0112getMapToLoadEv
FNDA:0,_ZN26RssSceneCreationTestTown0120initializeEgoVehicleEv
FNDA:0,_ZN26RssSceneCreationTestTown0121locationSouthIncomingEv
FNDA:0,_ZN26RssSceneCreationTestTown0121locationSouthEnteringEv
FNDA:0,_ZN26RssSceneCreationTestTown0118locationSouth2EastEv
FNDA:0,_ZN26RssSceneCreationTestTown0119locationEastExitingEv
FNDA:0,_ZN26RssSceneCreationTestTown0120locationEastOutgoingEv
FNDA:10,_ZN26RssSceneCreationTestTown0119locationSouth2NorthEv
FNDA:0,_ZN26RssSceneCreationTestTown0120locationNorthExitingEv
FNDA:0,_ZN26RssSceneCreationTestTown0121locationNorthOutgoingEv
FNDA:0,_ZN29RssSceneCreationTestWithRouteD0Ev
FNDA:0,_ZN29RssSceneCreationTestWithRouteD2Ev
FNDA:0,_ZN29RssSceneCreationTestWithRouteC2Ev
FNDA:0,_ZN29RssSceneCreationTestWithRoute11getTestModeEv
FNDA:0,_ZN32RssSceneCreationTestWithoutRouteD0Ev
FNDA:0,_ZN32RssSceneCreationTestWithoutRouteD2Ev
FNDA:0,_ZN32RssSceneCreationTestWithoutRouteC2Ev
FNDA:0,_ZN32RssSceneCreationTestWithoutRoute11getTestModeEv
FNF:38
FNH:1
BRDA:25,3,5,-
BRDA:25,3,6,-
BRDA:116,4294967295,0,-
BRDA:116,4294967295,1,-
BRDA:119,4294967295,0,-
BRDA:119,4294967295,1,-
BRDA:119,4294967295,2,-
BRDA:123,0,2,-
BRDA:123,0,3,-
BRDA:123,1,5,-
BRDA:123,1,6,-
BRDA:123,2,8,-
BRDA:123,2,9,-
BRDA:123,3,13,-
BRDA:123,3,14,-
BRDA:123,4,16,-
BRDA:123,4,17,-
BRDA:123,5,19,-
BRDA:123,5,20,-
BRDA:123,6,23,-
BRDA:123,6,24,-
BRDA:123,7,26,-
BRDA:123,7,27,-
BRDA:123,10,32,-
BRDA:123,10,33,-
BRDA:127,0,1,-
BRDA:127,0,2,-
BRDA:129,0,4,-
BRDA:129,0,5,-
BRDA:130,4294967295,1,-
BRDA:130,4294967295,2,-
BRDA:130,0,4,-
BRDA:130,0,5,-
BRDA:130,1,7,-
BRDA:130,1,8,-
BRDA:130,2,10,-
BRDA:130,2,11,-
BRDA:130,3,13,-
BRDA:130,3,14,-
BRDA:130,4,17,-
BRDA:130,4,18,-
BRDA:130,5,20,-
BRDA:130,5,21,-
BRDA:130,8,26,-
BRDA:130,8,27,-
BRDA:132,2,1,-
BRDA:132,2,2,-
BRDA:132,5,4,-
BRDA:132,5,5,-
BRDA:136,0,1,-
BRDA:136,0,2,-
BRDA:136,1,4,-
BRDA:136,1,5,-
BRDA:136,2,7,-
BRDA:136,2,8,-
BRDA:136,3,10,-
BRDA:136,3,11,-
BRDA:136,4,14,-
BRDA:136,4,15,-
BRDA:136,5,17,-
BRDA:136,5,18,-
BRDA:136,8,23,-
BRDA:136,8,24,-
BRDA:161,4294967295,2,-
BRDA:161,4294967295,3,-
BRDA:163,4294967295,1,-
BRDA:163,4294967295,2,-
BRDA:163,0,4,-
BRDA:163,0,5,-
BRDA:175,4294967295,1,-
BRDA:175,4294967295,2,-
BRDA:177,0,1,-
BRDA:177,0,2,-
BRDA:179,0,2,-
BRDA:179,0,3,-
BRDA:181,4294967295,2,-
BRDA:181,4294967295,3,-
BRDA:181,0,5,-
BRDA:181,0,6,-
BRDA:181,1,8,-
BRDA:181,1,9,-
BRDA:181,2,11,-
BRDA:181,2,12,-
BRDA:181,3,14,-
BRDA:181,3,15,-
BRDA:181,4,17,-
BRDA:181,4,18,-
BRDA:181,7,22,-
BRDA:181,7,23,-
BRDA:183,0,3,-
BRDA:183,0,4,-
BRDA:183,2,6,-
BRDA:183,2,7,-
BRDA:183,3,9,-
BRDA:183,3,10,-
BRDA:183,4,12,-
BRDA:183,4,13,-
BRDA:183,5,15,-
BRDA:183,5,16,-
BRDA:183,6,18,-
BRDA:183,6,19,-
BRDA:183,9,23,-
BRDA:183,9,24,-
BRDA:183,13,26,-
BRDA:183,13,27,-
BRDA:193,0,1,-
BRDA:193,0,2,-
BRDA:193,1,4,-
BRDA:193,1,5,-
BRDA:193,2,7,-
BRDA:193,2,8,-
BRDA:193,3,10,-
BRDA:193,3,11,-
BRDA:193,4,13,-
BRDA:193,4,14,-
BRDA:193,5,17,-
BRDA:193,5,18,-
BRDA:193,6,20,-
BRDA:193,6,21,-
BRDA:194,4294967295,3,-
BRDA:194,4294967295,4,-
BRDA:194,0,6,-
BRDA:194,0,7,-
BRDA:194,1,9,-
BRDA:194,1,10,-
BRDA:194,2,12,-
BRDA:194,2,13,-
BRDA:194,3,15,-
BRDA:194,3,16,-
BRDA:194,4,18,-
BRDA:194,4,19,-
BRDA:194,7,23,-
BRDA:194,7,24,-
BRDA:196,0,1,-
BRDA:196,0,2,-
BRDA:197,1,1,-
BRDA:197,1,2,-
BRDA:200,4294967295,1,-
BRDA:200,4294967295,2,-
BRDA:200,0,4,-
BRDA:200,0,5,-
BRDA:200,1,7,-
BRDA:200,1,8,-
BRDA:200,2,10,-
BRDA:200,2,11,-
BRDA:200,3,13,-
BRDA:200,3,14,-
BRDA:200,4,16,-
BRDA:200,4,17,-
BRDA:200,5,20,-
BRDA:200,5,21,-
BRDA:200,6,23,-
BRDA:200,6,24,-
BRDA:201,4294967295,1,-
BRDA:201,4294967295,2,-
BRDA:201,0,4,-
BRDA:201,0,5,-
BRDA:201,1,7,-
BRDA:201,1,8,-
BRDA:201,2,10,-
BRDA:201,2,11,-
BRDA:201,3,13,-
BRDA:201,3,14,-
BRDA:201,4,16,-
BRDA:201,4,17,-
BRDA:201,5,19,-
BRDA:201,5,20,-
BRDA:202,4294967295,1,-
BRDA:202,4294967295,2,-
BRDA:202,0,4,-
BRDA:202,0,5,-
BRDA:202,1,7,-
BRDA:202,1,8,-
BRDA:202,2,10,-
BRDA:202,2,11,-
BRDA:202,3,13,-
BRDA:202,3,14,-
BRDA:202,4,16,-
BRDA:202,4,17,-
BRDA:202,5,19,-
BRDA:202,5,20,-
BRDA:208,0,2,-
BRDA:208,0,3,-
BRDA:209,0,2,-
BRDA:209,0,3,-
BRDA:210,4294967295,0,-
BRDA:210,4294967295,1,-
BRDA:210,0,5,-
BRDA:210,0,6,-
BRDA:210,1,7,-
BRDA:210,1,8,-
BRDA:210,4,9,-
BRDA:210,4,10,-
BRDA:210,6,11,-
BRDA:210,6,12,-
BRDA:211,4294967295,1,-
BRDA:211,4294967295,2,-
BRDA:211,0,6,-
BRDA:211,0,7,-
BRDA:212,4294967295,2,-
BRDA:212,4294967295,3,-
BRDA:214,0,2,-
BRDA:214,0,3,-
BRDA:218,0,1,-
BRDA:218,0,2,-
BRDA:218,1,4,-
BRDA:218,1,5,-
BRDA:218,2,7,-
BRDA:218,2,8,-
BRDA:218,3,10,-
BRDA:218,3,11,-
BRDA:218,4,13,-
BRDA:218,4,14,-
BRDA:218,5,16,-
BRDA:218,5,17,-
BRDA:218,6,19,-
BRDA:218,6,20,-
BRDA:218,7,22,-
BRDA:218,7,23,-
BRDA:218,8,26,-
BRDA:218,8,27,-
BRDA:218,9,29,-
BRDA:218,9,30,-
BRDA:221,0,2,-
BRDA:221,0,3,-
BRDA:221,1,5,-
BRDA:221,1,6,-
BRDA:221,2,8,-
BRDA:221,2,9,-
BRDA:221,3,12,-
BRDA:221,3,13,-
BRDA:222,4294967295,3,-
BRDA:222,4294967295,4,-
BRDA:222,0,6,-
BRDA:222,0,7,-
BRDA:222,1,9,-
BRDA:222,1,10,-
BRDA:222,2,12,-
BRDA:222,2,13,-
BRDA:223,0,5,-
BRDA:223,0,6,-
BRDA:223,1,8,-
BRDA:223,1,9,-
BRDA:223,2,11,-
BRDA:223,2,12,-
BRDA:223,3,14,-
BRDA:223,3,15,-
BRDA:224,1,4,-
BRDA:224,1,5,-
BRDA:224,2,7,-
BRDA:224,2,8,-
BRDA:244,0,3,-
BRDA:244,0,4,-
BRDA:246,0,1,-
BRDA:246,0,2,-
BRDA:247,0,1,-
BRDA:247,0,2,-
BRDA:256,4294967295,1,-
BRDA:256,4294967295,2,-
BRDA:260,4294967295,1,-
BRDA:260,4294967295,2,-
BRDA:260,0,3,-
BRDA:260,0,4,-
BRDA:262,0,1,-
BRDA:262,0,2,-
BRDA:269,4294967295,1,-
BRDA:269,4294967295,2,-
BRDA:278,4294967295,1,-
BRDA:278,4294967295,2,-
BRDA:284,4294967295,2,-
BRDA:284,4294967295,3,-
BRDA:284,0,5,-
BRDA:284,0,6,-
BRDA:284,1,9,-
BRDA:284,1,10,-
BRDA:284,2,12,-
BRDA:284,2,13,-
BRDA:284,3,15,-
BRDA:284,3,16,-
BRDA:284,4,19,-
BRDA:284,4,20,-
BRDA:289,0,1,-
BRDA:289,0,2,-
BRDA:291,4294967295,1,-
BRDA:291,4294967295,2,-
BRDA:292,0,1,-
BRDA:292,0,2,-
BRDA:303,3,3,-
BRDA:303,3,4,-
BRDA:316,4294967295,1,-
BRDA:316,4294967295,2,-
BRDA:327,4294967295,1,-
BRDA:327,4294967295,2,-
BRDA:466,3,3,-
BRDA:466,3,4,-
BRDA:474,3,3,-
BRDA:474,3,4,-
BRF:297
BRH:0
DA:25,0
DA:47,0
DA:49,0
DA:50,0
DA:51,0
DA:52,0
DA:53,0
DA:54,0
DA:55,0
DA:58,0
DA:61,0
DA:62,0
DA:63,0
DA:65,0
DA:66,0
DA:67,0
DA:68,0
DA:70,0
DA:72,0
DA:73,0
DA:75,0
DA:77,0
DA:80,0
DA:83,0
DA:84,0
DA:85,0
DA:87,0
DA:88,0
DA:89,0
DA:90,0
DA:92,0
DA:94,0
DA:95,0
DA:97,0
DA:99,0
DA:111,0
DA:115,0
DA:116,0
DA:118,0
DA:119,0
DA:123,0
DA:124,0
DA:127,0
DA:129,0
DA:130,0
DA:132,0
DA:136,0
DA:137,0
DA:139,0
DA:145,0
DA:149,0
DA:150,0
DA:151,0
DA:153,0
DA:155,0
DA:157,0
DA:159,0
DA:160,0
DA:161,0
DA:162,0
DA:163,0
DA:164,0
DA:166,0
DA:170,0
DA:171,0
DA:172,0
DA:173,0
DA:174,0
DA:175,0
DA:177,0
DA:179,0
DA:181,0
DA:183,0
DA:189,0
DA:193,0
DA:194,0
DA:196,0
DA:197,0
DA:199,0
DA:200,0
DA:201,0
DA:202,0
DA:206,0
DA:207,0
DA:208,0
DA:209,0
DA:210,0
DA:211,0
DA:212,0
DA:214,0
DA:218,0
DA:221,0
DA:222,0
DA:223,0
DA:224,0
DA:227,0
DA:229,0
DA:231,0
DA:233,0
DA:235,0
DA:236,0
DA:240,0
DA:244,0
DA:246,0
DA:247,0
DA:249,0
DA:250,0
DA:251,0
DA:252,0
DA:254,0
DA:256,0
DA:258,0
DA:259,0
DA:260,0
DA:262,0
DA:263,0
DA:266,0
DA:267,0
DA:268,0
DA:269,0
DA:270,0
DA:271,0
DA:272,0
DA:273,0
DA:275,0
DA:276,0
DA:277,0
DA:278,0
DA:279,0
DA:280,0
DA:281,0
DA:282,0
DA:284,0
DA:289,0
DA:291,0
DA:292,0
DA:293,0
DA:303,0
DA:305,0
DA:307,0
DA:310,0
DA:314,0
DA:316,0
DA:318,0
DA:319,0
DA:320,0
DA:325,0
DA:327,0
DA:329,0
DA:331,0
DA:332,0
DA:351,0
DA:355,0
DA:358,0
DA:361,0
DA:364,0
DA:367,0
DA:370,0
DA:373,0
DA:376,0
DA:380,0
DA:403,10
DA:406,10
DA:409,0
DA:412,0
DA:415,0
DA:418,0
DA:466,0
DA:468,0
DA:470,0
DA:474,0
DA:476,0
DA:478,0
LF:173
LH:2
end_of_record
SF:/home/runner/work/ad-rss-lib/ad-rss-lib/ad_rss_map_integration/impl/tests/RssSceneCreationTestEgoSouth2EastOtherSouth2North.cpp
FN:11,_ZN58RssSceneCreationTestWithRouteEgoSouth2EastOtherSouth2NorthD0Ev
FN:11,_ZN58RssSceneCreationTestWithRouteEgoSouth2EastOtherSouth2NorthD2Ev
FN:11,_ZN58RssSceneCreationTestWithRouteEgoSouth2EastOtherSouth2NorthC2Ev
FN:28,_ZN69RssSceneCreationTestWithRouteEgoSouth2EastOtherSouth2North_e0_o0_TestC2Ev
FN:28,_ZN69RssSceneCreationTestWithRouteEgoSouth2EastOtherSouth2North_e0_o0_TestD2Ev
FN:28,_ZN69RssSceneCreationTestWithRouteEgoSouth2EastOtherSouth2North_e0_o0_Test8TestBodyEv
FN:28,_ZN69RssSceneCreationTestWithRouteEgoSouth2EastOtherSouth2North_e0_o0_TestD0Ev
FN:37,_ZN69RssSceneCreationTestWithRouteEgoSouth2EastOtherSouth2North_e0_o1_Test8TestBodyEv
FN:37,_ZN69RssSceneCreationTestWithRouteEgoSouth2EastOtherSouth2North_e0_o1_TestD0Ev
FN:37,_ZN69RssSceneCreationTestWithRouteEgoSouth2EastOtherSouth2North_e0_o1_TestC2Ev
FN:37,_ZN69RssSceneCreationTestWithRouteEgoSouth2EastOtherSouth2North_e0_o1_TestD2Ev
FN:45,_ZN69RssSceneCreationTestWithRouteEgoSouth2EastOtherSouth2North_e0_o2_TestD2Ev
FN:45,_ZN69RssSceneCreationTestWithRouteEgoSouth2EastOtherSouth2North_e0_o2_TestC2Ev
FN:45,_ZN69RssSceneCreationTestWithRouteEgoSouth2EastOtherSouth2North_e0_o2_TestD0Ev
FN:45,_ZN69RssSceneCreationTestWithRouteEgoSouth2EastOtherSouth2North_e0_o2_Test8TestBodyEv
FN:53,_ZN69RssSceneCreationTestWithRouteEgoSouth2EastOtherSouth2North_e0_o3_TestD2Ev
FN:53,_ZN69RssSceneCreationTestWithRouteEgoSouth2EastOtherSouth2North_e0_o3_TestC2Ev
FN:53,_ZN69RssSceneCreationTestWithRouteEgoSouth2EastOtherSouth2North_e0_o3_Test8TestBodyEv
FN:53,_ZN69RssSceneCreationTestWithRouteEgoSouth2EastOtherSouth2North_e0_o3_TestD0Ev
FN:61,_ZN69RssSceneCreationTestWithRouteEgoSouth2EastOtherSouth2North_e0_o4_TestD2Ev
FN:61,_ZN69RssSceneCreationTestWithRouteEgoSouth2EastOtherSouth2North_e0_o4_TestC2Ev
FN:61,_ZN69RssSceneCreationTestWithRouteEgoSouth2EastOtherSouth2North_e0_o4_Test8TestBodyEv
FN:61,_ZN69RssSceneCreationTestWithRouteEgoSouth2EastOtherSouth2North_e0_o4_TestD0Ev
FN:69,_ZN69RssSceneCreationTestWithRouteEgoSouth2EastOtherSouth2North_e1_o0_TestD2Ev
FN:69,_ZN69RssSceneCreationTestWithRouteEgoSouth2EastOtherSouth2North_e1_o0_TestD0Ev
FN:69,_ZN69RssSceneCreationTestWithRouteEgoSouth2EastOtherSouth2North_e1_o0_TestC2Ev
FN:69,_ZN69RssSceneCreationTestWithRouteEgoSouth2EastOtherSouth2North_e1_o0_Test8TestBodyEv
FN:78,_ZN69RssSceneCreationTestWithRouteEgoSouth2EastOtherSouth2North_e1_o1_TestC2Ev
FN:78,_ZN69RssSceneCreationTestWithRouteEgoSouth2EastOtherSouth2North_e1_o1_TestD0Ev
FN:78,_ZN69RssSceneCreationTestWithRouteEgoSouth2EastOtherSouth2North_e1_o1_TestD2Ev
FN:78,_ZN69RssSceneCreationTestWithRouteEgoSouth2EastOtherSouth2North_e1_o1_Test8TestBodyEv
FN:87,_ZN69RssSceneCreationTestWithRouteEgoSouth2EastOtherSouth2North_e1_o2_TestC2Ev
FN:87,_ZN69RssSceneCreationTestWithRouteEgoSouth2EastOtherSouth2North_e1_o2_Test8TestBodyEv
FN:87,_ZN69RssSceneCreationTestWithRouteEgoSouth2EastOtherSouth2North_e1_o2_TestD0Ev
FN:87,_ZN69RssSceneCreationTestWithRouteEgoSouth2EastOtherSouth2North_e1_o2_TestD2Ev
FN:95,_ZN69RssSceneCreationTestWithRouteEgoSouth2EastOtherSouth2North_e1_o3_Test8TestBodyEv
FN:95,_ZN69RssSceneCreationTestWithRouteEgoSouth2EastOtherSouth2North_e1_o3_TestC2Ev
FN:95,_ZN69RssSceneCreationTestWithRouteEgoSouth2EastOtherSouth2North_e1_o3_TestD0Ev
FN:95,_ZN69RssSceneCreationTestWithRouteEgoSouth2EastOtherSouth2North_e1_o3_TestD2Ev
FN:103,_ZN69RssSceneCreationTestWithRouteEgoSouth2EastOtherSouth2North_e1_o4_Test8TestBodyEv
FN:103,_ZN69RssSceneCreationTestWithRouteEgoSouth2EastOtherSouth2North_e1_o4_TestD0Ev
FN:103,_ZN69RssSceneCreationTestWithRouteEgoSouth2EastOtherSouth2North_e1_o4_TestD2Ev
FN:103,_ZN69RssSceneCreationTestWithRouteEgoSouth2EastOtherSouth2North_e1_o4_TestC2Ev
FN:111,_ZN69RssSceneCreationTestWithRouteEgoSouth2EastOtherSouth2North_e2_o0_TestD2Ev
FN:111,_ZN69RssSceneCreationTestWithRouteEgoSouth2EastOtherSouth2North_e2_o0_Test8TestBodyEv
FN:111,_ZN69RssSceneCreationTestWithRouteEgoSouth2EastOtherSouth2North_e2_o0_TestC2Ev
FN:111,_ZN69RssSceneCreationTestWithRouteEgoSouth2EastOtherSouth2North_e2_o0_TestD0Ev
FN:120,_ZN69RssSceneCreationTestWithRouteEgoSouth2EastOtherSouth2North_e2_o1_TestC2Ev
FN:120,_ZN69RssSceneCreationTestWithRouteEgoSouth2EastOtherSouth2North_e2_o1_Test8TestBodyEv
FN:120,_ZN69RssSceneCreationTestWithRouteEgoSouth2EastOtherSouth2North_e2_o1_TestD2Ev
FN:120,_ZN69RssSceneCreationTestWithRouteEgoSouth2EastOtherSouth2North_e2_o1_TestD0Ev
FN:129,_ZN69RssSceneCreationTestWithRouteEgoSouth2EastOtherSouth2North_e2_o2_TestD0Ev
FN:129,_ZN69RssSceneCreationTestWithRouteEgoSouth2EastOtherSouth2North_e2_o2_TestD2Ev
FN:129,_ZN69RssSceneCreationTestWithRouteEgoSouth2EastOtherSouth2North_e2_o2_TestC2Ev
FN:129,_ZN69RssSceneCreationTestWithRouteEgoSouth2EastOtherSouth2North_e2_o2_Test8TestBodyEv
FN:138,_ZN69RssSceneCreationTestWithRouteEgoSouth2EastOtherSouth2North_e2_o3_TestD0Ev
FN:138,_ZN69RssSceneCreationTestWithRouteEgoSouth2EastOtherSouth2North_e2_o3_Test8TestBodyEv
FN:138,_ZN69RssSceneCreationTestWithRouteEgoSouth2EastOtherSouth2North_e2_o3_TestD2Ev
FN:138,_ZN69RssSceneCreationTestWithRouteEgoSouth2EastOtherSouth2North_e2_o3_TestC2Ev
FN:146,_ZN69RssSceneCreationTestWithRouteEgoSouth2EastOtherSouth2North_e2_o4_TestD2Ev
FN:146,_ZN69RssSceneCreationTestWithRouteEgoSouth2EastOtherSouth2North_e2_o4_TestC2Ev
FN:146,_ZN69RssSceneCreationTestWithRouteEgoSouth2EastOtherSouth2North_e2_o4_Test8TestBodyEv
FN:146,_ZN69RssSceneCreationTestWithRouteEgoSouth2EastOtherSouth2North_e2_o4_TestD0Ev
FN:154,_ZN69RssSceneCreationTestWithRouteEgoSouth2EastOtherSouth2North_e3_o0_TestC2Ev
FN:154,_ZN69RssSceneCreationTestWithRouteEgoSouth2EastOtherSouth2North_e3_o0_Test8TestBodyEv
FN:154,_ZN69RssSceneCreationTestWithRouteEgoSouth2EastOtherSouth2North_e3_o0_TestD2Ev
FN:154,_ZN69RssSceneCreationTestWithRouteEgoSouth2EastOtherSouth2North_e3_o0_TestD0Ev
FN:163,_ZN69RssSceneCreationTestWithRouteEgoSouth2EastOtherSouth2North_e3_o1_TestD0Ev
FN:163,_ZN69RssSceneCreationTestWithRouteEgoSouth2EastOtherSouth2North_e3_o1_TestC2Ev
FN:163,_ZN69RssSceneCreationTestWithRouteEgoSouth2EastOtherSouth2North_e3_o1_TestD2Ev
FN:163,_ZN69RssSceneCreationTestWithRouteEgoSouth2EastOtherSouth2North_e3_o1_Test8TestBodyEv
FN:172,_ZN69RssSceneCreationTestWithRouteEgoSouth2EastOtherSouth2North_e3_o2_Test8TestBodyEv
FN:172,_ZN69RssSceneCreationTestWithRouteEgoSouth2EastOtherSouth2North_e3_o2_TestD0Ev
FN:172,_ZN69RssSceneCreationTestWithRouteEgoSouth2EastOtherSouth2North_e3_o2_TestC2Ev
FN:172,_ZN69RssSceneCreationTestWithRouteEgoSouth2EastOtherSouth2North_e3_o2_TestD2Ev
FN:180,_ZN69RssSceneCreationTestWithRouteEgoSouth2EastOtherSouth2North_e3_o3_TestD2Ev
FN:180,_ZN69RssSceneCreationTestWithRouteEgoSouth2EastOtherSouth2North_e3_o3_Test8TestBodyEv
FN:180,_ZN69RssSceneCreationTestWithRouteEgoSouth2EastOtherSouth2North_e3_o3_TestD0Ev
FN:180,_ZN69RssSceneCreationTestWithRouteEgoSouth2EastOtherSouth2North_e3_o3_TestC2Ev
FN:188,_ZN69RssSceneCreationTestWithRouteEgoSouth2EastOtherSouth2North_e3_o4_TestD0Ev
FN:188,_ZN69RssSceneCreationTestWithRouteEgoSouth2EastOtherSouth2North_e3_o4_Test8TestBodyEv
FN:188,_ZN69RssSceneCreationTestWithRouteEgoSouth2EastOtherSouth2North_e3_o4_TestD2Ev
FN:188,_ZN69RssSceneCreationTestWithRouteEgoSouth2EastOtherSouth2North_e3_o4_TestC2Ev
FN:196,_ZN69RssSceneCreationTestWithRouteEgoSouth2EastOtherSouth2North_e4_o0_TestD2Ev
FN:196,_ZN69RssSceneCreationTestWithRouteEgoSouth2EastOtherSouth2North_e4_o0_TestC2Ev
FN:196,_ZN69RssSceneCreationTestWithRouteEgoSouth2EastOtherSouth2North_e4_o0_TestD0Ev
FN:196,_ZN69RssSceneCreationTestWithRouteEgoSouth2EastOtherSouth2North_e4_o0_Test8TestBodyEv
FN:205,_ZN69RssSceneCreationTestWithRouteEgoSouth2EastOtherSouth2North_e4_o1_TestC2Ev
FN:205,_ZN69RssSceneCreationTestWithRouteEgoSouth2EastOtherSouth2North_e4_o1_Test8TestBodyEv
FN:205,_ZN69RssSceneCreationTestWithRouteEgoSouth2EastOtherSouth2North_e4_o1_TestD2Ev
FN:205,_ZN69RssSceneCreationTestWithRouteEgoSouth2EastOtherSouth2North_e4_o1_TestD0Ev
FN:214,_ZN69RssSceneCreationTestWithRouteEgoSouth2EastOtherSouth2North_e4_o2_TestC2Ev
FN:214,_ZN69RssSceneCreationTestWithRouteEgoSouth2EastOtherSouth2North_e4_o2_Test8TestBodyEv
FN:214,_ZN69RssSceneCreationTestWithRouteEgoSouth2EastOtherSouth2North_e4_o2_TestD2Ev
FN:214,_ZN69RssSceneCreationTestWithRouteEgoSouth2EastOtherSouth2North_e4_o2_TestD0Ev
FN:222,_ZN69RssSceneCreationTestWithRouteEgoSouth2EastOtherSouth2North_e4_o3_TestD0Ev
FN:222,_ZN69RssSceneCreationTestWithRouteEgoSouth2EastOtherSouth2North_e4_o3_TestC2Ev
FN:222,_ZN69RssSceneCreationTestWithRouteEgoSouth2EastOtherSouth2North_e4_o3_TestD2Ev
FN:222,_ZN69RssSceneCreationTestWithRouteEgoSouth2EastOtherSouth2North_e4_o3_Test8TestBodyEv
FN:230,_ZN69RssSceneCreationTestWithRouteEgoSouth2EastOtherSouth2North_e4_o4_TestD0Ev
FN:230,_ZN69RssSceneCreationTestWithRouteEgoSouth2EastOtherSouth2North_e4_o4_TestD2Ev
FN:230,_ZN69RssSceneCreationTestWithRouteEgoSouth2EastOtherSouth2North_e4_o4_Test8TestBodyEv
FN:230,_ZN69RssSceneCreationTestWithRouteEgoSouth2EastOtherSouth2North_e4_o4_TestC2Ev
FN:238,_ZN61RssSceneCreationTestWithoutRouteEgoSouth2EastOtherSouth2NorthD2Ev
FN:238,_ZN61RssSceneCreationTestWithoutRouteEgoSouth2EastOtherSouth2NorthC2Ev
FN:238,_ZN61RssSceneCreationTestWithoutRouteEgoSouth2EastOtherSouth2NorthD0Ev
FN:256,_ZN72RssSceneCreationTestWithoutRouteEgoSouth2EastOtherSouth2North_e0_o0_TestD2Ev
FN:256,_ZN72RssSceneCreationTestWithoutRouteEgoSouth2EastOtherSouth2North_e0_o0_TestD0Ev
FN:256,_ZN72RssSceneCreationTestWithoutRouteEgoSouth2EastOtherSouth2North_e0_o0_TestC2Ev
FN:256,_ZN72RssSceneCreationTestWithoutRouteEgoSouth2EastOtherSouth2North_e0_o0_Test8TestBodyEv
FN:264,_ZN72RssSceneCreationTestWithoutRouteEgoSouth2EastOtherSouth2North_e0_o1_Test8TestBodyEv
FN:264,_ZN72RssSceneCreationTestWithoutRouteEgoSouth2EastOtherSouth2North_e0_o1_TestC2Ev
FN:264,_ZN72RssSceneCreationTestWithoutRouteEgoSouth2EastOtherSouth2North_e0_o1_TestD2Ev
FN:264,_ZN72RssSceneCreationTestWithoutRouteEgoSouth2EastOtherSouth2North_e0_o1_TestD0Ev
FN:272,_ZN72RssSceneCreationTestWithoutRouteEgoSouth2EastOtherSouth2North_e0_o2_TestD2Ev
FN:272,_ZN72RssSceneCreationTestWithoutRouteEgoSouth2EastOtherSouth2North_e0_o2_TestD0Ev
FN:272,_ZN72RssSceneCreationTestWithoutRouteEgoSouth2EastOtherSouth2North_e0_o2_Test8TestBodyEv
FN:272,_ZN72RssSceneCreationTestWithoutRouteEgoSouth2EastOtherSouth2North_e0_o2_TestC2Ev
FN:280,_ZN72RssSceneCreationTestWithoutRouteEgoSouth2EastOtherSouth2North_e0_o3_TestC2Ev
FN:280,_ZN72RssSceneCreationTestWithoutRouteEgoSouth2EastOtherSouth2North_e0_o3_TestD0Ev
FN:280,_ZN72RssSceneCreationTestWithoutRouteEgoSouth2EastOtherSouth2North_e0_o3_TestD2Ev
FN:280,_ZN72RssSceneCreationTestWithoutRouteEgoSouth2EastOtherSouth2North_e0_o3_Test8TestBodyEv
FN:288,_ZN72RssSceneCreationTestWithoutRouteEgoSouth2EastOtherSouth2North_e0_o4_Test8TestBodyEv
FN:288,_ZN72RssSceneCreationTestWithoutRouteEgoSouth2EastOtherSouth2North_e0_o4_TestD2Ev
FN:288,_ZN72RssSceneCreationTestWithoutRouteEgoSouth2EastOtherSouth2North_e0_o4_TestC2Ev
FN:288,_ZN72RssSceneCreationTestWithoutRouteEgoSouth2EastOtherSouth2North_e0_o4_TestD0Ev
FN:296,_ZN72RssSceneCreationTestWithoutRouteEgoSouth2EastOtherSouth2North_e1_o0_TestD0Ev
FN:296,_ZN72RssSceneCreationTestWithoutRouteEgoSouth2EastOtherSouth2North_e1_o0_TestC2Ev
FN:296,_ZN72RssSceneCreationTestWithoutRouteEgoSouth2EastOtherSouth2North_e1_o0_Test8TestBodyEv
FN:296,_ZN72RssSceneCreationTestWithoutRouteEgoSouth2EastOtherSouth2North_e1_o0_TestD2Ev
FN:305,_ZN72RssSceneCreationTestWithoutRouteEgoSouth2EastOtherSouth2North_e1_o1_Test8TestBodyEv
FN:305,_ZN72RssSceneCreationTestWithoutRouteEgoSouth2EastOtherSouth2North_e1_o1_TestD0Ev
FN:305,_ZN72RssSceneCreationTestWithoutRouteEgoSouth2EastOtherSouth2North_e1_o1_TestD2Ev
FN:305,_ZN72RssSceneCreationTestWithoutRouteEgoSouth2EastOtherSouth2North_e1_o1_TestC2Ev
FN:314,_ZN72RssSceneCreationTestWithoutRouteEgoSouth2EastOtherSouth2North_e1_o2_TestC2Ev
FN:314,_ZN72RssSceneCreationTestWithoutRouteEgoSouth2EastOtherSouth2North_e1_o2_TestD2Ev
FN:314,_ZN72RssSceneCreationTestWithoutRouteEgoSouth2EastOtherSouth2North_e1_o2_TestD0Ev
FN:314,_ZN72RssSceneCreationTestWithoutRouteEgoSouth2EastOtherSouth2North_e1_o2_Test8TestBodyEv
FN:322,_ZN72RssSceneCreationTestWithoutRouteEgoSouth2EastOtherSouth2North_e1_o3_TestC2Ev
FN:322,_ZN72RssSceneCreationTestWithoutRouteEgoSouth2EastOtherSouth2North_e1_o3_TestD0Ev
FN:322,_ZN72RssSceneCreationTestWithoutRouteEgoSouth2EastOtherSouth2North_e1_o3_Test8TestBodyEv
FN:322,_ZN72RssSceneCreationTestWithoutRouteEgoSouth2EastOtherSouth2North_e1_o3_TestD2Ev
FN:330,_ZN72RssSceneCreationTestWithoutRouteEgoSouth2EastOtherSouth2North_e1_o4_TestC2Ev
FN:330,_ZN72RssSceneCreationTestWithoutRouteEgoSouth2EastOtherSouth2North_e1_o4_TestD2Ev
FN:330,_ZN72RssSceneCreationTestWithoutRouteEgoSouth2EastOtherSouth2North_e1_o4_Test8TestBodyEv
FN:330,_ZN72RssSceneCreationTestWithoutRouteEgoSouth2EastOtherSouth2North_e1_o4_TestD0Ev
FN:338,_ZN72RssSceneCreationTestWithoutRouteEgoSouth2EastOtherSouth2North_e2_o0_TestD2Ev
FN:338,_ZN72RssSceneCreationTestWithoutRouteEgoSouth2EastOtherSouth2North_e2_o0_Test8TestBodyEv
FN:338,_ZN72RssSceneCreationTestWithoutRouteEgoSouth2EastOtherSouth2North_e2_o0_TestD0Ev
FN:338,_ZN72RssSceneCreationTestWithoutRouteEgoSouth2EastOtherSouth2North_e2_o0_TestC2Ev
FN:347,_ZN72RssSceneCreationTestWithoutRouteEgoSouth2EastOtherSouth2North_e2_o1_Test8TestBodyEv
FN:347,_ZN72RssSceneCreationTestWithoutRouteEgoSouth2EastOtherSouth2North_e2_o1_TestD0Ev
FN:347,_ZN72RssSceneCreationTestWithoutRouteEgoSouth2EastOtherSouth2North_e2_o1_TestD2Ev
FN:347,_ZN72RssSceneCreationTestWithoutRouteEgoSouth2EastOtherSouth2North_e2_o1_TestC2Ev
FN:356,_ZN72RssSceneCreationTestWithoutRouteEgoSouth2EastOtherSouth2North_e2_o2_TestD0Ev
FN:356,_ZN72RssSceneCreationTestWithoutRouteEgoSouth2EastOtherSouth2North_e2_o2_Test8TestBodyEv
FN:356,_ZN72RssSceneCreationTestWithoutRouteEgoSouth2EastOtherSouth2North_e2_o2_TestC2Ev
FN:356,_ZN72RssSceneCreationTestWithoutRouteEgoSouth2EastOtherSouth2North_e2_o2_TestD2Ev
FN:364,_ZN72RssSceneCreationTestWithoutRouteEgoSouth2EastOtherSouth2North_e2_o3_TestD0Ev
FN:364,_ZN72RssSceneCreationTestWithoutRouteEgoSouth2EastOtherSouth2North_e2_o3_TestD2Ev
FN:364,_ZN72RssSceneCreationTestWithoutRouteEgoSouth2EastOtherSouth2North_e2_o3_Test8TestBodyEv
FN:364,_ZN72RssSceneCreationTestWithoutRouteEgoSouth2EastOtherSouth2North_e2_o3_TestC2Ev
FN:372,_ZN72RssSceneCreationTestWithoutRouteEgoSouth2EastOtherSouth2North_e2_o4_TestD0Ev
FN:372,_ZN72RssSceneCreationTestWithoutRouteEgoSouth2EastOtherSouth2North_e2_o4_TestD2Ev
FN:372,_ZN72RssSceneCreationTestWithoutRouteEgoSouth2EastOtherSouth2North_e2_o4_TestC2Ev
FN:372,_ZN72RssSceneCreationTestWithoutRouteEgoSouth2EastOtherSouth2North_e2_o4_Test8TestBodyEv
FN:380,_ZN72RssSceneCreationTestWithoutRouteEgoSouth2EastOtherSouth2North_e3_o0_Test8TestBodyEv
FN:380,_ZN72RssSceneCreationTestWithoutRouteEgoSouth2EastOtherSouth2North_e3_o0_TestD0Ev
FN:380,_ZN72RssSceneCreationTestWithoutRouteEgoSouth2EastOtherSouth2North_e3_o0_TestC2Ev
FN:380,_ZN72RssSceneCreationTestWithoutRouteEgoSouth2EastOtherSouth2North_e3_o0_TestD2Ev
FN:389,_ZN72RssSceneCreationTestWithoutRouteEgoSouth2EastOtherSouth2North_e3_o1_TestD2Ev
FN:389,_ZN72RssSceneCreationTestWithoutRouteEgoSouth2EastOtherSouth2North_e3_o1_Test8TestBodyEv
FN:389,_ZN72RssSceneCreationTestWithoutRouteEgoSouth2EastOtherSouth2North_e3_o1_TestD0Ev
FN:389,_ZN72RssSceneCreationTestWithoutRouteEgoSouth2EastOtherSouth2North_e3_o1_TestC2Ev
FN:398,_ZN72RssSceneCreationTestWithoutRouteEgoSouth2EastOtherSouth2North_e3_o2_TestC2Ev
FN:398,_ZN72RssSceneCreationTestWithoutRouteEgoSouth2EastOtherSouth2North_e3_o2_TestD0Ev
[...]
DA:185,84
DA:187,56
DA:188,112
DA:190,56
DA:192,56
DA:193,56
DA:197,56
DA:199,28
DA:201,28
DA:205,120
DA:207,204
DA:210,102
DA:211,102
DA:212,204
DA:213,102
DA:214,102
DA:215,102
DA:221,120
DA:224,55
DA:226,10
DA:228,20
DA:231,10
DA:232,10
DA:233,20
DA:234,10
DA:235,10
DA:236,10
DA:244,0
DA:247,0
DA:248,0
DA:249,0
DA:250,0
DA:251,0
DA:252,10
DA:257,45
DA:260,100
DA:262,110
DA:263,110
DA:269,110
DA:270,55
DA:272,0
DA:274,0
DA:275,0
DA:276,0
DA:277,0
DA:278,0
DA:279,0
DA:285,110
DA:286,165
DA:288,220
DA:289,110
DA:290,110
DA:295,16
DA:296,16
DA:302,0
DA:306,0
DA:307,0
DA:308,0
DA:309,0
DA:310,0
DA:311,0
DA:315,16
DA:316,32
DA:319,16
DA:321,16
DA:325,228
DA:327,118
DA:329,16
DA:332,8
DA:335,16
DA:337,110
DA:346,0
DA:350,0
DA:353,0
DA:354,0
DA:355,0
DA:356,0
DA:357,0
DA:358,0
DA:360,220
DA:361,110
DA:363,75
DA:366,150
DA:370,75
DA:373,150
DA:374,150
DA:375,75
DA:376,75
DA:377,75
DA:386,0
DA:391,0
DA:394,0
DA:395,0
DA:396,0
DA:397,0
DA:398,0
DA:399,75
DA:404,70
DA:408,35
DA:411,35
DA:412,70
DA:413,70
DA:414,35
DA:415,35
DA:416,35
DA:424,0
DA:426,0
DA:427,0
DA:430,175
DA:432,18
DA:434,36
DA:437,18
DA:440,18
DA:444,0
DA:448,0
DA:451,0
DA:453,18
DA:454,18
DA:457,213
DA:460,6
DA:464,6
DA:466,0
DA:467,0
DA:469,6
DA:471,1
DA:472,1
DA:475,5
DA:477,1
DA:479,4
DA:483,8
DA:484,4
DA:486,4
DA:488,1
DA:490,3
DA:492,1
DA:495,7
DA:497,6
DA:498,6
DA:501,3
DA:502,3
DA:504,2
DA:506,1
DA:508,6
DA:511,284
DA:513,568
DA:514,284
DA:516,0
DA:517,0
DA:520,284
DA:521,284
DA:526,4
LF:224
LH:162
end_of_record
TN:
SF:/home/runner/work/ad-rss-lib/ad-rss-lib/ad_rss_map_integration/impl/include/ad/rss/map/RssObjectConversion.hpp
FN:67,_ZN2ad3rss3map19RssObjectConversionC2ERKS2_
FN:77,_ZN2ad3rss3map19RssObjectConversionD2Ev
FN:153,_ZNK2ad3rss3map19RssObjectConversion22getOriginalObjectSpeedEv
FNDA:559,_ZN2ad3rss3map19RssObjectConversionC2ERKS2_
FNDA:0,_ZN2ad3rss3map19RssObjectConversionD2Ev
FNDA:0,_ZNK2ad3rss3map19RssObjectConversion22getOriginalObjectSpeedEv
FNF:3
FNH:1
DA:67,1118
DA:77,0
DA:153,0
DA:155,0
LF:4
LH:1
end_of_record
SF:/home/runner/work/ad-rss-lib/ad-rss-lib/ad_rss_map_integration/impl/include/ad/rss/map/RssObjectData.hpp
FN:34,_ZN2ad3rss3map13RssObjectDataC2Ev
FN:34,_ZN2ad3rss3map13RssObjectDataD2Ev
FNDA:0,_ZN2ad3rss3map13RssObjectDataD2Ev
FNDA:0,_ZN2ad3rss3map13RssObjectDataC2Ev
FNF:2
FNH:0
BRDA:34,3,6,-
BRDA:34,3,7,-
BRF:2
BRH:0
DA:34,0
LF:1
LH:0
end_of_record
SF:/home/runner/work/ad-rss-lib/ad-rss-lib/ad_rss_map_integration/impl/include/ad/rss/map/RssSceneCreator.hpp
FN:146,_ZN2ad3rss3map15RssSceneCreator22getRightBorderObjectIdEv
FN:154,_ZN2ad3rss3map15RssSceneCreator21getLeftBorderObjectIdEv
FNDA:3,_ZN2ad3rss3map15RssSceneCreator22getRightBorderObjectIdEv
FNDA:3,_ZN2ad3rss3map15RssSceneCreator21getLeftBorderObjectIdEv
FNF:2
FNH:2
DA:146,3
DA:148,3
DA:154,3
DA:156,3
LF:4
LH:4
end_of_record
SF:/home/runner/work/ad-rss-lib/ad-rss-lib/ad_rss_map_integration/impl/src/RssSceneCreator.cpp
FN:27,_ZN2ad3rss3map15RssSceneCreatorC2ERKNS1_16RssSceneCreation22RestrictSpeedLimitModeERKSt3setINS_3map8landmark10LandmarkIdESt4lessISA_ESaISA_EERS3_
FN:50,_ZN2ad3rss3map15RssSceneCreatorC2ERNS1_16RssSceneCreationE
FN:57,_ZN2ad3rss3map15RssSceneCreator14createRoadAreaERKNS_3map5route9FullRouteEiiRKSt3setINS3_4lane6LaneIdESt4lessISA_ESaISA_EESt6vectorISt10shared_ptrINS1_19RssObjectConversionEESaISK_EE
FN:131,_ZN2ad3rss3map15RssSceneCreator22appendNotRelevantSceneERKNS_3map5route9FullRouteESt10shared_ptrIKNS1_19RssObjectConversionEESB_
FN:178,_ZN2ad3rss3map15RssSceneCreator29createNonIntersectionRoadAreaERKNS_3map5route9FullRouteESt6vectorISt10shared_ptrINS1_19RssObjectConversionEESaISB_EE
FN:189,_ZN2ad3rss3map15RssSceneCreator26appendNonIntersectionSceneERKNS_3map5route15ConnectingRouteERKNS0_9situation13SituationTypeESt10shared_ptrIKNS1_19RssObjectConversionEESF_
FN:242,_ZN2ad3rss3map15RssSceneCreator21createMergingRoadAreaERKNS_3map5route9FullRouteESt10shared_ptrINS1_19RssObjectConversionEE
FN:259,_ZN2ad3rss3map15RssSceneCreator18appendMergingSceneERKNS_3map5route15ConnectingRouteERKNS0_9situation13SituationTypeESt10shared_ptrIKNS1_19RssObjectConversionEESF_
FN:305,_ZN2ad3rss3map15RssSceneCreator26createIntersectionRoadAreaERKNS_3map5route9FullRouteESt10shared_ptrIKNS3_12intersection12IntersectionEES8_INS1_19RssObjectConversionEE
FN:313,_ZN2ad3rss3map15RssSceneCreator23appendIntersectionSceneESt10shared_ptrINS_3map12intersection12IntersectionEERKNS4_5route9FullRouteESB_SB_S3_IKNS1_19RssObjectConversionEESE_
FN:428,_ZN2ad3rss3map15RssSceneCreator24appendRoadBoundaryScenesERKNS_3map5route9FullRouteESt10shared_ptrIKNS1_19RssObjectConversionEE
FN:577,_ZN2ad3rss3map15RssSceneCreator11appendSceneERKNS0_9situation13SituationTypeESt10shared_ptrIKNS1_19RssObjectConversionEERKSt6vectorISB_INS0_5world11LaneSegmentESaISD_EESaISF_EESA_SJ_
FN:642,_ZN2ad3rss3map15RssSceneCreator23appendUnstructuredSceneESt10shared_ptrIKNS1_19RssObjectConversionEES6_
FN:677,_GLOBAL__sub_I_RssSceneCreator.cpp
FN:677,_Z41__static_initialization_and_destruction_0ii
FNDA:213,_ZN2ad3rss3map15RssSceneCreatorC2ERKNS1_16RssSceneCreation22RestrictSpeedLimitModeERKSt3setINS_3map8landmark10LandmarkIdESt4lessISA_ESaISA_EERS3_
FNDA:3,_ZN2ad3rss3map15RssSceneCreatorC2ERNS1_16RssSceneCreationE
FNDA:310,_ZN2ad3rss3map15RssSceneCreator14createRoadAreaERKNS_3map5route9FullRouteEiiRKSt3setINS3_4lane6LaneIdESt4lessISA_ESaISA_EESt6vectorISt10shared_ptrINS1_19RssObjectConversionEESaISK_EE
FNDA:56,_ZN2ad3rss3map15RssSceneCreator22appendNotRelevantSceneERKNS_3map5route9FullRouteESt10shared_ptrIKNS1_19RssObjectConversionEESB_
FNDA:187,_ZN2ad3rss3map15RssSceneCreator29createNonIntersectionRoadAreaERKNS_3map5route9FullRouteESt6vectorISt10shared_ptrINS1_19RssObjectConversionEESaISB_EE
FNDA:187,_ZN2ad3rss3map15RssSceneCreator26appendNonIntersectionSceneERKNS_3map5route15ConnectingRouteERKNS0_9situation13SituationTypeESt10shared_ptrIKNS1_19RssObjectConversionEESF_
FNDA:0,_ZN2ad3rss3map15RssSceneCreator21createMergingRoadAreaERKNS_3map5route9FullRouteESt10shared_ptrINS1_19RssObjectConversionEE
FNDA:0,_ZN2ad3rss3map15RssSceneCreator18appendMergingSceneERKNS_3map5route15ConnectingRouteERKNS0_9situation13SituationTypeESt10shared_ptrIKNS1_19RssObjectConversionEESF_
FNDA:70,_ZN2ad3rss3map15RssSceneCreator26createIntersectionRoadAreaERKNS_3map5route9FullRouteESt10shared_ptrIKNS3_12intersection12IntersectionEES8_INS1_19RssObjectConversionEE
FNDA:35,_ZN2ad3rss3map15RssSceneCreator23appendIntersectionSceneESt10shared_ptrINS_3map12intersection12IntersectionEERKNS4_5route9FullRouteESB_SB_S3_IKNS1_19RssObjectConversionEESE_
FNDA:3,_ZN2ad3rss3map15RssSceneCreator24appendRoadBoundaryScenesERKNS_3map5route9FullRouteESt10shared_ptrIKNS1_19RssObjectConversionEE
FNDA:284,_ZN2ad3rss3map15RssSceneCreator11appendSceneERKNS0_9situation13SituationTypeESt10shared_ptrIKNS1_19RssObjectConversionEERKSt6vectorISB_INS0_5world11LaneSegmentESaISD_EESaISF_EESA_SJ_
FNDA:0,_ZN2ad3rss3map15RssSceneCreator23appendUnstructuredSceneESt10shared_ptrIKNS1_19RssObjectConversionEES6_
FNDA:1,_GLOBAL__sub_I_RssSceneCreator.cpp
FNDA:1,_Z41__static_initialization_and_destruction_0ii
FNF:15
FNH:12
BRDA:33,4294967295,0,0
BRDA:33,4294967295,1,0
BRDA:33,4294967295,2,151
BRDA:33,4294967295,3,62
BRDA:66,0,3,682
BRDA:66,0,4,240
BRDA:72,4294967295,3,1642
BRDA:72,4294967295,4,0
BRDA:72,0,5,1030
BRDA:72,0,6,612
BRDA:76,0,1,1030
BRDA:76,0,2,0
BRDA:76,1,3,1030
BRDA:76,1,4,0
BRDA:76,2,6,1030
BRDA:76,2,7,0
BRDA:76,3,8,851
BRDA:76,3,9,179
BRDA:76,6,10,851
BRDA:76,6,11,179
BRDA:78,0,1,851
BRDA:78,0,2,0
BRDA:79,0,1,851
BRDA:79,0,2,0
BRDA:80,4294967295,1,851
BRDA:80,4294967295,2,0
BRDA:80,0,4,851
BRDA:80,0,5,0
BRDA:80,1,6,86
BRDA:80,1,7,765
BRDA:87,0,0,70
BRDA:87,0,1,695
BRDA:95,0,1,781
BRDA:95,0,2,0
BRDA:95,1,3,169
BRDA:95,1,4,612
BRDA:103,0,1,781
BRDA:103,0,2,0
BRDA:103,1,4,781
BRDA:103,1,5,0
BRDA:105,0,1,781
BRDA:105,0,2,0
BRDA:105,1,4,781
BRDA:105,1,5,0
BRDA:106,1,3,1286
BRDA:106,1,4,781
BRDA:108,0,3,1286
BRDA:108,0,4,1286
BRDA:110,4294967295,1,1286
BRDA:110,4294967295,2,0
BRDA:110,0,5,1286
BRDA:110,0,6,0
BRDA:112,0,1,1286
BRDA:112,0,2,0
BRDA:112,1,5,1286
BRDA:112,1,6,0
BRDA:115,0,1,781
BRDA:115,0,2,0
BRDA:118,0,0,70
BRDA:118,0,1,612
BRDA:122,0,1,612
BRDA:122,0,2,0
BRDA:122,2,4,612
BRDA:122,2,5,70
BRDA:124,1,3,497
BRDA:124,1,4,310
BRDA:126,4294967295,2,497
BRDA:126,4294967295,3,0
BRDA:135,0,1,56
BRDA:135,0,2,0
BRDA:135,1,4,0
BRDA:135,1,5,56
BRDA:135,4,6,0
BRDA:135,4,7,56
BRDA:137,0,1,-
BRDA:137,0,2,-
BRDA:137,1,5,-
BRDA:137,1,6,-
BRDA:140,0,2,56
BRDA:140,0,3,0
BRDA:141,0,1,0
BRDA:141,0,2,56
BRDA:143,0,2,-
BRDA:143,0,3,-
BRDA:144,0,2,-
BRDA:144,0,3,-
BRDA:144,0,5,-
BRDA:144,0,6,-
BRDA:147,0,2,56
BRDA:147,0,3,0
BRDA:148,0,1,0
BRDA:148,0,2,56
BRDA:150,0,2,-
BRDA:150,0,3,-
BRDA:152,0,2,-
BRDA:152,0,3,-
BRDA:152,0,5,-
BRDA:152,0,6,-
BRDA:159,4294967295,1,50
BRDA:159,4294967295,2,6
BRDA:164,0,3,50
BRDA:164,0,4,0
BRDA:164,1,7,50
BRDA:164,1,8,0
BRDA:164,3,14,50
BRDA:164,3,15,50
BRDA:164,5,20,-
BRDA:164,5,21,-
BRDA:167,0,2,56
BRDA:167,0,3,0
BRDA:168,0,2,56
BRDA:168,0,3,0
BRDA:169,4294967295,1,56
BRDA:169,4294967295,2,0
BRDA:175,4294967295,1,56
BRDA:175,4294967295,2,0
BRDA:186,4294967295,3,187
BRDA:186,4294967295,4,0
BRDA:194,0,1,187
BRDA:194,0,2,0
BRDA:194,1,4,0
BRDA:194,1,5,187
BRDA:194,4,6,0
BRDA:194,4,7,187
BRDA:196,0,1,-
BRDA:196,0,2,-
BRDA:196,1,5,-
BRDA:196,1,6,-
BRDA:199,0,2,187
BRDA:199,0,3,0
BRDA:200,0,1,0
BRDA:200,0,2,187
BRDA:202,0,2,-
BRDA:202,0,3,-
BRDA:204,0,2,-
BRDA:204,0,3,-
BRDA:204,0,5,-
BRDA:204,0,6,-
BRDA:207,0,2,187
BRDA:207,0,3,0
BRDA:208,0,1,0
BRDA:208,0,2,187
BRDA:210,0,2,-
BRDA:210,0,3,-
BRDA:212,0,2,-
BRDA:212,0,3,-
BRDA:212,0,5,-
BRDA:212,0,6,-
BRDA:217,4294967295,1,141
BRDA:217,4294967295,2,46
BRDA:219,0,4,141
BRDA:219,0,5,0
BRDA:219,1,7,141
BRDA:219,1,8,0
BRDA:219,3,13,282
BRDA:219,3,14,141
BRDA:219,5,18,-
BRDA:219,5,19,-
BRDA:221,0,1,46
BRDA:221,0,2,0
BRDA:223,0,4,46
BRDA:223,0,5,0
BRDA:223,1,7,46
BRDA:223,1,8,0
BRDA:223,3,13,92
BRDA:223,3,14,46
BRDA:223,5,18,-
BRDA:223,5,19,-
BRDA:227,0,2,-
BRDA:227,0,3,-
BRDA:229,0,2,-
BRDA:229,0,3,-
BRDA:231,4294967295,1,-
BRDA:231,4294967295,2,-
BRDA:234,0,2,187
BRDA:234,0,3,0
BRDA:235,0,2,187
BRDA:235,0,3,0
BRDA:237,4294967295,1,187
BRDA:237,4294967295,2,0
BRDA:239,4294967295,4,187
BRDA:239,4294967295,5,0
BRDA:247,4294967295,3,-
BRDA:247,4294967295,4,-
BRDA:251,0,2,-
BRDA:251,0,3,-
BRDA:256,0,3,-
BRDA:256,0,4,-
BRDA:256,1,6,-
BRDA:256,1,7,-
BRDA:256,3,10,-
BRDA:256,3,11,-
BRDA:256,5,15,-
BRDA:256,5,16,-
BRDA:264,0,1,-
BRDA:264,0,2,-
BRDA:264,1,4,-
BRDA:264,1,5,-
BRDA:264,4,6,-
BRDA:264,4,7,-
BRDA:266,0,1,-
BRDA:266,0,2,-
BRDA:266,1,5,-
BRDA:266,1,6,-
BRDA:269,0,1,-
BRDA:269,0,2,-
BRDA:269,1,4,-
BRDA:269,1,5,-
BRDA:269,4,6,-
BRDA:269,4,7,-
BRDA:271,0,2,-
BRDA:271,0,3,-
BRDA:272,0,2,-
BRDA:272,0,3,-
BRDA:274,4294967295,1,-
BRDA:274,4294967295,2,-
BRDA:278,0,2,-
BRDA:278,0,3,-
BRDA:279,0,1,-
BRDA:279,0,2,-
BRDA:281,0,2,-
BRDA:281,0,3,-
BRDA:282,0,2,-
BRDA:282,0,3,-
BRDA:282,0,5,-
BRDA:282,0,6,-
BRDA:285,0,2,-
BRDA:285,0,3,-
BRDA:286,0,1,-
BRDA:286,0,2,-
BRDA:288,0,2,-
BRDA:288,0,3,-
BRDA:289,0,2,-
BRDA:289,0,3,-
BRDA:289,0,5,-
BRDA:289,0,6,-
BRDA:293,0,2,-
BRDA:293,0,3,-
BRDA:294,4294967295,2,-
BRDA:294,4294967295,3,-
BRDA:295,0,2,-
BRDA:295,0,3,-
BRDA:297,4294967295,2,-
BRDA:297,4294967295,3,-
BRDA:300,4294967295,1,-
BRDA:300,4294967295,2,-
BRDA:301,4294967295,3,-
BRDA:301,4294967295,4,-
BRDA:310,0,3,70
BRDA:310,0,4,0
BRDA:310,1,7,70
BRDA:310,1,8,0
BRDA:310,2,10,70
BRDA:310,2,11,0
BRDA:310,4,14,70
BRDA:310,4,15,70
BRDA:310,7,19,-
BRDA:310,7,20,-
BRDA:320,0,1,35
BRDA:320,0,2,0
BRDA:320,1,4,0
BRDA:320,1,5,35
BRDA:320,4,6,0
BRDA:320,4,7,35
BRDA:322,0,1,-
BRDA:322,0,2,-
BRDA:322,1,5,-
BRDA:322,1,6,-
BRDA:325,0,2,35
BRDA:325,0,3,0
BRDA:326,0,1,0
BRDA:326,0,2,35
BRDA:328,0,2,-
BRDA:328,0,3,-
BRDA:330,0,2,-
BRDA:330,0,3,-
BRDA:330,0,5,-
BRDA:330,0,6,-
BRDA:333,0,2,35
BRDA:333,0,3,0
BRDA:334,0,1,0
BRDA:334,0,2,35
BRDA:336,0,2,-
BRDA:336,0,3,-
BRDA:338,0,2,-
BRDA:338,0,3,-
BRDA:338,0,5,-
BRDA:338,0,6,-
BRDA:343,0,2,35
BRDA:343,0,3,0
BRDA:343,1,4,0
BRDA:343,1,5,35
BRDA:347,0,2,-
BRDA:347,0,3,-
BRDA:347,1,5,-
BRDA:347,1,6,-
BRDA:349,0,2,-
BRDA:349,0,3,-
BRDA:351,0,2,-
BRDA:351,0,3,-
BRDA:352,0,2,-
BRDA:352,0,3,-
BRDA:352,1,5,-
BRDA:352,1,6,-
BRDA:352,1,8,-
BRDA:352,1,9,-
BRDA:355,0,2,-
BRDA:355,0,3,-
BRDA:355,2,7,-
BRDA:355,2,8,-
BRDA:357,4294967295,2,-
BRDA:357,4294967295,3,-
BRDA:357,0,5,-
BRDA:357,0,6,-
BRDA:365,0,0,-
BRDA:365,0,1,-
BRDA:365,1,4,-
BRDA:365,1,5,-
BRDA:365,2,6,-
BRDA:365,2,7,-
BRDA:365,5,8,-
BRDA:365,5,9,-
BRDA:367,0,0,-
BRDA:367,0,1,-
BRDA:378,0,0,-
BRDA:378,0,1,-
BRDA:387,0,2,-
BRDA:387,0,3,-
BRDA:389,0,2,-
BRDA:389,0,3,-
BRDA:391,4294967295,1,-
BRDA:391,4294967295,2,-
BRDA:393,0,2,35
BRDA:393,0,3,0
BRDA:393,1,4,12
BRDA:393,1,5,23
BRDA:395,0,0,8
BRDA:395,0,1,4
BRDA:406,0,0,19
BRDA:406,0,1,4
BRDA:416,0,3,35
BRDA:416,0,4,0
BRDA:417,4294967295,3,35
BRDA:417,4294967295,4,0
BRDA:418,0,2,35
BRDA:418,0,3,0
BRDA:420,4294967295,2,35
BRDA:420,4294967295,3,0
BRDA:423,4294967295,1,35
BRDA:423,4294967295,2,0
BRDA:425,4294967295,3,35
BRDA:425,4294967295,4,0
BRDA:431,0,1,0
BRDA:431,0,2,3
BRDA:433,0,1,-
BRDA:433,0,2,-
BRDA:433,1,5,-
BRDA:433,1,6,-
BRDA:436,0,2,3
BRDA:436,0,3,0
BRDA:437,0,1,0
BRDA:437,0,2,3
BRDA:439,0,1,-
BRDA:439,0,2,-
BRDA:439,1,5,-
BRDA:439,1,6,-
BRDA:444,0,3,3
BRDA:444,0,4,0
BRDA:444,1,7,3
BRDA:444,1,8,0
BRDA:444,3,12,3
BRDA:444,3,13,3
BRDA:444,4,18,-
BRDA:444,4,19,-
BRDA:446,0,2,3
BRDA:446,0,3,0
BRDA:446,1,6,3
BRDA:446,1,7,0
BRDA:448,4294967295,1,3
BRDA:448,4294967295,2,0
BRDA:466,0,3,3
BRDA:466,0,4,3
BRDA:470,4294967295,1,3
BRDA:470,4294967295,2,0
BRDA:476,4294967295,1,3
BRDA:476,4294967295,2,0
BRDA:485,4294967295,1,3
BRDA:485,4294967295,2,0
BRDA:488,0,1,3
BRDA:488,0,2,0
BRDA:491,4294967295,1,3
BRDA:491,4294967295,2,0
BRDA:491,0,3,0
BRDA:491,0,4,3
BRDA:499,0,1,3
BRDA:499,0,2,0
BRDA:500,0,1,3
BRDA:500,0,2,0
BRDA:501,0,1,3
BRDA:501,0,2,0
BRDA:503,0,1,3
BRDA:503,0,2,0
BRDA:508,4294967295,1,3
BRDA:508,4294967295,2,0
BRDA:517,4294967295,1,3
BRDA:517,4294967295,2,0
BRDA:518,0,1,0
BRDA:518,0,2,3
BRDA:520,0,1,-
BRDA:520,0,2,-
BRDA:521,4294967295,1,-
BRDA:521,4294967295,2,-
BRDA:525,0,1,3
BRDA:525,0,2,0
BRDA:528,4294967295,1,3
BRDA:528,4294967295,2,0
BRDA:528,0,3,0
BRDA:528,0,4,3
BRDA:536,0,1,3
BRDA:536,0,2,0
BRDA:537,0,1,3
BRDA:537,0,2,0
BRDA:538,0,1,3
BRDA:538,0,2,0
BRDA:540,0,1,3
BRDA:540,0,2,0
BRDA:545,4294967295,1,3
BRDA:545,4294967295,2,0
BRDA:554,4294967295,1,3
BRDA:554,4294967295,2,0
BRDA:555,0,1,0
BRDA:555,0,2,3
BRDA:557,0,1,-
BRDA:557,0,2,-
BRDA:558,4294967295,1,-
BRDA:558,4294967295,2,-
BRDA:566,4294967295,1,3
BRDA:566,4294967295,2,0
BRDA:572,4294967295,1,3
BRDA:572,4294967295,2,0
BRDA:583,0,1,284
BRDA:583,0,2,0
BRDA:583,1,4,0
BRDA:583,1,5,284
BRDA:583,4,6,0
BRDA:583,4,7,284
BRDA:585,0,1,-
BRDA:585,0,2,-
BRDA:585,1,5,-
BRDA:585,1,6,-
BRDA:589,0,1,284
BRDA:589,0,2,0
BRDA:591,0,2,284
BRDA:591,0,3,0
BRDA:591,1,5,284
BRDA:591,1,6,0
BRDA:592,0,2,284
BRDA:592,0,3,0
BRDA:593,0,1,284
BRDA:593,0,2,0
BRDA:594,0,1,284
BRDA:594,0,2,0
BRDA:595,0,2,284
BRDA:595,0,3,0
BRDA:595,1,5,284
BRDA:595,1,6,0
BRDA:596,0,2,284
BRDA:596,0,3,0
BRDA:598,0,2,284
BRDA:598,0,3,0
BRDA:598,1,6,284
BRDA:598,1,7,0
BRDA:598,2,10,284
BRDA:598,2,11,0
BRDA:599,4294967295,2,284
BRDA:599,4294967295,3,0
BRDA:599,0,6,284
BRDA:599,0,7,0
BRDA:599,1,10,284
BRDA:599,1,11,0
BRDA:601,4294967295,0,228
BRDA:601,4294967295,1,56
BRDA:604,0,0,0
BRDA:604,0,1,228
BRDA:605,0,0,228
BRDA:605,0,1,0
BRDA:605,1,3,228
BRDA:605,1,4,0
BRDA:605,2,6,0
BRDA:605,2,7,228
BRDA:607,0,2,-
BRDA:607,0,3,-
BRDA:609,0,2,-
BRDA:609,0,3,-
BRDA:610,4294967295,1,-
BRDA:610,4294967295,2,-
BRDA:613,0,3,228
BRDA:613,0,4,0
BRDA:613,1,5,0
BRDA:613,1,6,228
BRDA:615,0,2,-
BRDA:615,0,3,-
BRDA:616,4294967295,2,-
BRDA:616,4294967295,3,-
BRDA:618,4294967295,1,-
BRDA:618,4294967295,2,-
BRDA:621,0,3,228
BRDA:621,0,4,0
BRDA:621,1,5,0
BRDA:621,1,6,228
BRDA:623,0,2,-
BRDA:623,0,3,-
BRDA:624,4294967295,2,-
BRDA:624,4294967295,3,-
BRDA:626,4294967295,1,-
BRDA:626,4294967295,2,-
BRDA:631,0,1,284
BRDA:631,0,2,0
BRDA:631,1,3,284
BRDA:631,1,4,0
BRDA:633,0,1,284
BRDA:633,0,2,0
BRDA:637,0,2,-
BRDA:637,0,3,-
BRDA:637,1,6,-
BRDA:637,1,7,-
BRDA:637,2,10,-
BRDA:637,2,11,-
BRDA:645,0,1,-
BRDA:645,0,2,-
BRDA:645,1,4,-
BRDA:645,1,5,-
BRDA:645,4,6,-
BRDA:645,4,7,-
BRDA:647,0,1,-
BRDA:647,0,2,-
BRDA:647,1,5,-
BRDA:647,1,6,-
BRDA:650,0,2,-
BRDA:650,0,3,-
BRDA:651,0,1,-
BRDA:651,0,2,-
BRDA:653,0,2,-
BRDA:653,0,3,-
BRDA:655,0,2,-
BRDA:655,0,3,-
BRDA:655,0,5,-
BRDA:655,0,6,-
BRDA:658,0,2,-
BRDA:658,0,3,-
BRDA:659,0,1,-
BRDA:659,0,2,-
BRDA:661,0,2,-
BRDA:661,0,3,-
BRDA:663,0,2,-
BRDA:663,0,3,-
BRDA:663,0,5,-
BRDA:663,0,6,-
BRDA:667,0,2,-
BRDA:667,0,3,-
BRDA:667,1,6,-
BRDA:667,1,7,-
BRDA:667,2,10,-
BRDA:667,2,11,-
BRDA:673,4294967295,1,-
BRDA:673,4294967295,2,-
BRDA:677,3,1,1
BRDA:677,3,2,0
BRDA:677,4,3,1
BRDA:677,4,4,0
BRF:570
BRH:183
DA:27,213
DA:31,213
DA:33,213
DA:36,0
DA:37,0
DA:39,0
DA:40,0
DA:42,151
DA:43,151
DA:46,62
DA:47,62
DA:49,213
DA:50,3
DA:53,3
DA:55,3
DA:57,310
DA:63,310
DA:64,310
DA:65,310
DA:66,992
DA:69,1294
DA:72,3284
DA:73,1642
DA:76,1030
DA:78,851
DA:79,851
DA:80,851
DA:82,86
DA:83,86
DA:87,765
DA:90,70
DA:91,70
DA:93,695
DA:95,781
DA:97,169
DA:101,612
DA:103,781
DA:105,1562
DA:106,2067
DA:108,2572
DA:110,1286
DA:112,1286
DA:115,781
DA:118,682
DA:120,70
DA:122,682
DA:124,807
DA:126,497
DA:128,310
DA:131,56
DA:135,56
DA:137,0
DA:138,0
DA:140,112
DA:141,56
DA:143,0
DA:144,0
DA:145,0
DA:147,112
DA:148,56
DA:150,0
DA:152,0
DA:153,0
DA:158,112
DA:159,56
DA:164,100
DA:167,112
DA:168,56
DA:169,56
DA:171,112
DA:175,56
DA:178,187
DA:182,187
DA:183,187
DA:186,187
DA:189,187
DA:194,187
DA:196,0
DA:197,0
DA:199,374
DA:200,187
DA:202,0
DA:204,0
DA:205,0
DA:207,374
DA:208,187
DA:210,0
DA:212,0
DA:213,0
DA:216,374
DA:217,187
DA:219,423
DA:221,46
DA:223,138
DA:227,0
DA:229,0
DA:231,0
DA:232,0
DA:234,374
DA:235,187
DA:237,187
DA:239,187
DA:242,0
DA:246,0
DA:247,0
DA:248,0
DA:251,0
DA:256,0
DA:259,0
DA:264,0
DA:266,0
DA:267,0
DA:269,0
DA:271,0
DA:272,0
DA:274,0
DA:275,0
DA:278,0
DA:279,0
DA:281,0
DA:282,0
DA:283,0
DA:285,0
DA:286,0
DA:288,0
DA:289,0
DA:290,0
DA:293,0
DA:294,0
DA:295,0
DA:297,0
DA:300,0
DA:301,0
DA:305,70
DA:310,140
DA:313,35
DA:320,35
DA:322,0
DA:323,0
DA:325,70
DA:326,35
DA:328,0
DA:330,0
DA:331,0
DA:333,70
DA:334,35
DA:336,0
DA:338,0
DA:339,0
DA:342,35
DA:343,35
DA:346,0
DA:347,0
DA:349,0
DA:351,0
DA:352,0
DA:353,0
DA:355,0
DA:357,0
DA:360,0
DA:361,0
DA:365,0
DA:367,0
DA:369,0
DA:373,0
DA:378,0
DA:380,0
DA:384,0
DA:387,0
DA:389,0
DA:391,0
DA:393,35
DA:395,12
DA:397,8
DA:401,12
DA:406,23
DA:408,19
DA:412,4
DA:416,70
DA:417,70
DA:418,70
DA:420,35
DA:423,35
DA:425,35
DA:428,3
DA:431,3
DA:433,0
DA:434,0
DA:436,6
DA:437,3
DA:439,0
DA:440,0
DA:444,9
DA:446,3
DA:448,3
DA:449,3
DA:450,3
DA:451,3
DA:452,3
DA:453,3
DA:454,3
DA:455,3
DA:456,3
DA:457,3
DA:458,3
DA:459,3
DA:460,3
DA:461,3
DA:463,6
DA:464,6
DA:466,6
DA:468,3
DA:470,3
DA:471,3
DA:472,3
DA:473,3
DA:474,3
DA:475,3
DA:476,3
DA:478,3
DA:480,3
DA:481,3
DA:482,3
DA:483,3
DA:484,3
DA:485,3
DA:488,3
DA:489,3
DA:490,3
DA:491,3
DA:493,0
DA:497,3
DA:499,3
DA:500,3
DA:501,3
DA:503,3
DA:504,3
DA:505,3
DA:506,3
DA:508,6
DA:509,3
DA:510,3
DA:511,3
DA:512,3
DA:513,3
DA:514,3
DA:515,3
DA:517,6
DA:518,3
DA:520,0
DA:521,0
DA:522,0
DA:525,3
DA:526,3
DA:527,3
DA:528,3
DA:530,0
DA:534,3
DA:536,3
DA:537,3
DA:538,3
DA:540,3
DA:541,3
DA:542,3
DA:543,3
DA:545,6
DA:546,3
DA:547,3
DA:548,3
DA:549,3
DA:550,3
DA:551,3
DA:552,3
DA:554,6
DA:555,3
DA:557,0
DA:558,0
DA:559,0
DA:562,6
DA:566,3
DA:568,6
DA:572,3
DA:574,3
DA:577,284
DA:583,284
DA:585,0
DA:586,0
DA:589,568
DA:590,284
DA:591,284
DA:592,284
DA:593,284
DA:594,284
DA:595,284
DA:596,284
DA:598,284
DA:599,284
DA:601,284
DA:604,228
DA:605,228
DA:607,0
DA:609,0
DA:610,0
DA:611,0
DA:613,228
DA:615,0
DA:616,0
DA:617,0
DA:618,0
DA:619,0
DA:621,228
DA:623,0
DA:624,0
DA:625,0
DA:626,0
DA:627,0
DA:631,284
DA:633,284
DA:637,0
DA:638,0
DA:642,0
DA:645,0
DA:647,0
DA:648,0
DA:650,0
DA:651,0
DA:653,0
DA:655,0
DA:656,0
DA:658,0
DA:659,0
DA:661,0
DA:663,0
DA:664,0
DA:667,0
DA:669,0
DA:673,0
DA:677,4
LF:338
LH:208
end_of_record
